2022-10-31-17:19:42.150 INFO [main]-org.springframework.boot.StartupInfoLogger:55>>Starting ApiApplication using Java 11.0.7 on LAPTOP-Q2EAS1OC with PID 544 (D:\Users\ASUS\Desktop\CPSForSupermarket\api\target\classes started by ASUS in D:\Users\ASUS\Desktop\CPSForSupermarket)
2022-10-31-17:19:42.155 INFO [main]-org.springframework.boot.SpringApplication:662>>No active profile set, falling back to default profiles: default
2022-10-31-17:19:45.550 WARN [main]-org.mybatis.logging.Logger:44>>No MyBatis mapper was found in '[com.qfedu.fmmall]' package. Please check your configuration.
2022-10-31-17:19:46.113 INFO [main]-org.springframework.context.support.PostProcessorRegistrationDelegate$BeanPostProcessorChecker:376>>Bean 'spring.datasource.dynamic-com.baomidou.dynamic.datasource.spring.boot.autoconfigure.DynamicDataSourceProperties' of type [com.baomidou.dynamic.datasource.spring.boot.autoconfigure.DynamicDataSourceProperties] is not eligible for getting processed by all BeanPostProcessors (for example: not eligible for auto-proxying)
2022-10-31-17:19:46.232 INFO [main]-org.springframework.context.support.PostProcessorRegistrationDelegate$BeanPostProcessorChecker:376>>Bean 'com.baomidou.dynamic.datasource.spring.boot.autoconfigure.DynamicDataSourceAutoConfiguration' of type [com.baomidou.dynamic.datasource.spring.boot.autoconfigure.DynamicDataSourceAutoConfiguration$$EnhancerBySpringCGLIB$$588855c2] is not eligible for getting processed by all BeanPostProcessors (for example: not eligible for auto-proxying)
2022-10-31-17:19:46.258 INFO [main]-org.springframework.context.support.PostProcessorRegistrationDelegate$BeanPostProcessorChecker:376>>Bean 'dsProcessor' of type [com.baomidou.dynamic.datasource.processor.DsHeaderProcessor] is not eligible for getting processed by all BeanPostProcessors (for example: not eligible for auto-proxying)
2022-10-31-17:19:46.272 INFO [main]-org.springframework.context.support.PostProcessorRegistrationDelegate$BeanPostProcessorChecker:376>>Bean 'dynamicDatasourceAnnotationAdvisor' of type [com.baomidou.dynamic.datasource.aop.DynamicDataSourceAnnotationAdvisor] is not eligible for getting processed by all BeanPostProcessors (for example: not eligible for auto-proxying)
2022-10-31-17:19:47.240 INFO [main]-org.springframework.boot.web.embedded.tomcat.TomcatWebServer:108>>Tomcat initialized with port(s): 8080 (http)
2022-10-31-17:19:47.299 INFO [main]-org.apache.juli.logging.DirectJDKLog:173>>Initializing ProtocolHandler ["http-nio-8080"]
2022-10-31-17:19:47.301 INFO [main]-org.apache.juli.logging.DirectJDKLog:173>>Starting service [Tomcat]
2022-10-31-17:19:47.303 INFO [main]-org.apache.juli.logging.DirectJDKLog:173>>Starting Servlet engine: [Apache Tomcat/9.0.44]
2022-10-31-17:19:47.316 INFO [main]-org.apache.juli.logging.DirectJDKLog:173>>Loaded Apache Tomcat Native library [1.2.23] using APR version [1.7.0].
2022-10-31-17:19:47.317 INFO [main]-org.apache.juli.logging.DirectJDKLog:173>>APR capabilities: IPv6 [true], sendfile [true], accept filters [false], random [true].
2022-10-31-17:19:47.318 INFO [main]-org.apache.juli.logging.DirectJDKLog:173>>APR/OpenSSL configuration: useAprConnector [false], useOpenSSL [true]
2022-10-31-17:19:47.330 INFO [main]-org.apache.juli.logging.DirectJDKLog:173>>OpenSSL successfully initialized [OpenSSL 1.1.1c  28 May 2019]
2022-10-31-17:19:47.648 INFO [main]-org.apache.juli.logging.DirectJDKLog:173>>Initializing Spring embedded WebApplicationContext
2022-10-31-17:19:47.648 INFO [main]-org.springframework.boot.web.servlet.context.ServletWebServerApplicationContext:289>>Root WebApplicationContext: initialization completed in 5415 ms
2022-10-31-17:19:47.834 INFO [main]-com.alibaba.druid.spring.boot.autoconfigure.DruidDataSourceAutoConfigure:56>>Init DruidDataSource
2022-10-31-17:19:48.185 INFO [main]-com.alibaba.druid.pool.DruidDataSource:994>>{dataSource-1} inited
2022-10-31-17:19:52.481 WARN [main]-tk.mybatis.mapper.mapperhelper.resolve.DefaultEntityResolve:154>>通用 Mapper 警告信息: <[EntityColumn{table=friend_list, property='onlineStatus', column='online_status', javaType=char, jdbcType=null, typeHandler=null, id=false, identity=false, blob=false, generator='null', orderBy='null', orderPriority='0', insertable=true, updatable=true, order=DEFAULT}]> 使用了基本类型，基本类型在动态 SQL 中由于存在默认值，因此任何时候都不等于 null，建议修改基本类型为对应的包装类型!
2022-10-31-17:19:52.481 WARN [main]-tk.mybatis.mapper.mapperhelper.resolve.DefaultEntityResolve:154>>通用 Mapper 警告信息: <[EntityColumn{table=friend_list, property='deleteStatus', column='delete_status', javaType=char, jdbcType=null, typeHandler=null, id=false, identity=false, blob=false, generator='null', orderBy='null', orderPriority='0', insertable=true, updatable=true, order=DEFAULT}]> 使用了基本类型，基本类型在动态 SQL 中由于存在默认值，因此任何时候都不等于 null，建议修改基本类型为对应的包装类型!
2022-10-31-17:19:54.218 WARN [main]-tk.mybatis.mapper.mapperhelper.resolve.DefaultEntityResolve:154>>通用 Mapper 警告信息: <[EntityColumn{table=goods_return_apply, property='returnType', column='return_type', javaType=char, jdbcType=null, typeHandler=null, id=false, identity=false, blob=false, generator='null', orderBy='null', orderPriority='0', insertable=true, updatable=true, order=DEFAULT}]> 使用了基本类型，基本类型在动态 SQL 中由于存在默认值，因此任何时候都不等于 null，建议修改基本类型为对应的包装类型!
2022-10-31-17:19:54.218 WARN [main]-tk.mybatis.mapper.mapperhelper.resolve.DefaultEntityResolve:154>>通用 Mapper 警告信息: <[EntityColumn{table=goods_return_apply, property='returnApproach', column='return_approach', javaType=char, jdbcType=null, typeHandler=null, id=false, identity=false, blob=false, generator='null', orderBy='null', orderPriority='0', insertable=true, updatable=true, order=DEFAULT}]> 使用了基本类型，基本类型在动态 SQL 中由于存在默认值，因此任何时候都不等于 null，建议修改基本类型为对应的包装类型!
2022-10-31-17:19:54.219 WARN [main]-tk.mybatis.mapper.mapperhelper.resolve.DefaultEntityResolve:154>>通用 Mapper 警告信息: <[EntityColumn{table=goods_return_apply, property='auditStatus', column='audit_status', javaType=char, jdbcType=null, typeHandler=null, id=false, identity=false, blob=false, generator='null', orderBy='null', orderPriority='0', insertable=true, updatable=true, order=DEFAULT}]> 使用了基本类型，基本类型在动态 SQL 中由于存在默认值，因此任何时候都不等于 null，建议修改基本类型为对应的包装类型!
2022-10-31-17:19:55.869 INFO [main]-springfox.documentation.spring.web.PropertySourcedRequestMappingHandlerMapping:69>>Mapped URL path [/v2/api-docs] onto method [springfox.documentation.swagger2.web.Swagger2Controller#getDocumentation(String, HttpServletRequest)]
2022-10-31-17:19:56.327 INFO [main]-org.springframework.scheduling.concurrent.ExecutorConfigurationSupport:181>>Initializing ExecutorService 'applicationTaskExecutor'
2022-10-31-17:19:56.671 INFO [main]-com.baomidou.dynamic.datasource.DynamicDataSourceCreator:113>>动态数据源-检测到druid存在,如配置中未指定type,druid会默认配置
2022-10-31-17:19:56.683 INFO [main]-tk.mybatis.mapper.autoconfigure.MapperCacheDisabler:60>>Clear tk.mybatis.mapper.util.MsUtil CLASS_CACHE cache.
2022-10-31-17:19:56.684 INFO [main]-tk.mybatis.mapper.autoconfigure.MapperCacheDisabler:60>>Clear tk.mybatis.mapper.genid.GenIdUtil CACHE cache.
2022-10-31-17:19:56.686 INFO [main]-tk.mybatis.mapper.autoconfigure.MapperCacheDisabler:60>>Clear tk.mybatis.mapper.version.VersionUtil CACHE cache.
2022-10-31-17:19:56.686 INFO [main]-tk.mybatis.mapper.autoconfigure.MapperCacheDisabler:83>>Clear EntityHelper entityTableMap cache.
2022-10-31-17:19:56.810 INFO [main]-org.quartz.impl.StdSchedulerFactory:1220>>Using default implementation for ThreadExecutor
2022-10-31-17:19:56.823 INFO [main]-org.quartz.core.SchedulerSignalerImpl:61>>Initialized Scheduler Signaller of type: class org.quartz.core.SchedulerSignalerImpl
2022-10-31-17:19:56.823 INFO [main]-org.quartz.core.QuartzScheduler:229>>Quartz Scheduler v.2.3.2 created.
2022-10-31-17:19:56.824 INFO [main]-org.quartz.simpl.RAMJobStore:155>>RAMJobStore initialized.
2022-10-31-17:19:56.825 INFO [main]-org.quartz.core.QuartzScheduler:294>>Scheduler meta-data: Quartz Scheduler (v2.3.2) 'quartzScheduler' with instanceId 'NON_CLUSTERED'
  Scheduler class: 'org.quartz.core.QuartzScheduler' - running locally.
  NOT STARTED.
  Currently in standby mode.
  Number of jobs executed: 0
  Using thread pool 'org.quartz.simpl.SimpleThreadPool' - with 10 threads.
  Using job-store 'org.quartz.simpl.RAMJobStore' - which does not support persistence. and is not clustered.

2022-10-31-17:19:56.825 INFO [main]-org.quartz.impl.StdSchedulerFactory:1374>>Quartz scheduler 'quartzScheduler' initialized from an externally provided properties instance.
2022-10-31-17:19:56.825 INFO [main]-org.quartz.impl.StdSchedulerFactory:1378>>Quartz scheduler version: 2.3.2
2022-10-31-17:19:56.825 INFO [main]-org.quartz.core.QuartzScheduler:2293>>JobFactory set to: org.springframework.scheduling.quartz.SpringBeanJobFactory@38923cfe
2022-10-31-17:19:56.834 INFO [main]-org.springframework.scheduling.concurrent.ExecutorConfigurationSupport:181>>Initializing ExecutorService 'taskScheduler'
2022-10-31-17:19:56.915 INFO [main]-org.apache.juli.logging.DirectJDKLog:173>>Starting ProtocolHandler ["http-nio-8080"]
2022-10-31-17:19:56.955 INFO [main]-org.springframework.boot.web.embedded.tomcat.TomcatWebServer:220>>Tomcat started on port(s): 8080 (http) with context path ''
2022-10-31-17:19:56.957 INFO [main]-springfox.documentation.spring.web.plugins.DocumentationPluginsBootstrapper:160>>Context refreshed
2022-10-31-17:19:56.982 INFO [main]-springfox.documentation.spring.web.plugins.DocumentationPluginsBootstrapper:163>>Found 1 custom documentation plugin(s)
2022-10-31-17:19:57.038 INFO [main]-springfox.documentation.spring.web.scanners.ApiListingReferenceScanner:41>>Scanning for api listing references
2022-10-31-17:19:57.390 INFO [main]-springfox.documentation.spring.web.readers.operation.CachingOperationNameGenerator:40>>Generating unique operation named: deleteOrderUsingPUT_1
2022-10-31-17:19:57.417 INFO [main]-springfox.documentation.spring.web.readers.operation.CachingOperationNameGenerator:40>>Generating unique operation named: listUsingGET_1
2022-10-31-17:19:57.433 INFO [main]-springfox.documentation.spring.web.readers.operation.CachingOperationNameGenerator:40>>Generating unique operation named: deleteAddressUsingDELETE_1
2022-10-31-17:19:57.447 INFO [main]-springfox.documentation.spring.web.readers.operation.CachingOperationNameGenerator:40>>Generating unique operation named: getUserByDetailUsingGET_1
2022-10-31-17:19:57.473 INFO [main]-org.springframework.scheduling.quartz.SchedulerFactoryBean:727>>Starting Quartz Scheduler now
2022-10-31-17:19:57.474 INFO [main]-org.quartz.core.QuartzScheduler:547>>Scheduler quartzScheduler_$_NON_CLUSTERED started.
2022-10-31-17:19:57.535 INFO [main]-org.springframework.boot.StartupInfoLogger:61>>Started ApiApplication in 16.79 seconds (JVM running for 20.859)
2022-10-31-17:20:44.003 INFO [http-nio-8080-exec-1]-org.apache.juli.logging.DirectJDKLog:173>>Initializing Spring DispatcherServlet 'dispatcherServlet'
2022-10-31-17:20:44.005 INFO [http-nio-8080-exec-1]-org.springframework.web.servlet.FrameworkServlet:525>>Initializing Servlet 'dispatcherServlet'
2022-10-31-17:20:44.006 INFO [http-nio-8080-exec-1]-org.springframework.web.servlet.FrameworkServlet:547>>Completed initialization in 1 ms
2022-10-31-17:20:44.170 INFO [http-nio-8080-exec-1]-com.qfedu.fmmall.controller.UserController:40>>eyJhbGciOiJIUzI1NiJ9.eyJrZXkxIjoidmFsdWUxIiwia2V5MiI6InZhbHVlMiIsImV4cCI6MTY2NzI5NDQ0NH0.7VnSBZFYi55hos76I-Z-lT7S1WsDrPFuatxmK8zYV2s
2022-10-31-17:21:00.026 INFO [http-nio-8080-exec-6]-com.qfedu.fmmall.service.impl.OrderServiceImpl:57>>add order begin...
2022-10-31-17:21:00.033 INFO [http-nio-8080-exec-6]-com.qfedu.fmmall.service.impl.OrderServiceImpl:80>>product stock is OK...
2022-10-31-17:21:00.158 INFO [http-nio-8080-exec-6]-com.qfedu.fmmall.service.impl.OrderServiceImpl:158>>add order finished...
2022-10-31-17:28:47.542 INFO [http-nio-8080-exec-7]-com.qfedu.fmmall.service.impl.OrderServiceImpl:57>>add order begin...
2022-10-31-17:28:47.559 INFO [http-nio-8080-exec-7]-com.qfedu.fmmall.service.impl.OrderServiceImpl:80>>product stock is OK...
2022-10-31-17:28:47.836 INFO [http-nio-8080-exec-7]-com.qfedu.fmmall.service.impl.OrderServiceImpl:158>>add order finished...
2022-10-31-17:30:06.523 ERROR [http-nio-8080-exec-10]-org.apache.juli.logging.DirectJDKLog:175>>Servlet.service() for servlet [dispatcherServlet] in context with path [] threw exception [Request processing failed; nested exception is java.lang.NumberFormatException: For input string: "104#"] with root cause
java.lang.NumberFormatException: For input string: "104#"
	at java.base/java.lang.NumberFormatException.forInputString(NumberFormatException.java:65)
	at java.base/java.lang.Integer.parseInt(Integer.java:652)
	at java.base/java.lang.Integer.parseInt(Integer.java:770)
	at com.qfedu.fmmall.service.impl.ShoppingCartServiceImpl.listShoppingCartsByCids(ShoppingCartServiceImpl.java:59)
	at com.qfedu.fmmall.service.impl.ShoppingCartServiceImpl$$FastClassBySpringCGLIB$$b5e569f1.invoke(<generated>)
	at org.springframework.cglib.proxy.MethodProxy.invoke(MethodProxy.java:218)
	at org.springframework.aop.framework.CglibAopProxy$DynamicAdvisedInterceptor.intercept(CglibAopProxy.java:688)
	at com.qfedu.fmmall.service.impl.ShoppingCartServiceImpl$$EnhancerBySpringCGLIB$$ac5ba0f2.listShoppingCartsByCids(<generated>)
	at com.qfedu.fmmall.controller.ShopcartController.listByCids(ShopcartController.java:51)
	at java.base/jdk.internal.reflect.NativeMethodAccessorImpl.invoke0(Native Method)
	at java.base/jdk.internal.reflect.NativeMethodAccessorImpl.invoke(NativeMethodAccessorImpl.java:62)
	at java.base/jdk.internal.reflect.DelegatingMethodAccessorImpl.invoke(DelegatingMethodAccessorImpl.java:43)
	at java.base/java.lang.reflect.Method.invoke(Method.java:566)
	at org.springframework.web.method.support.InvocableHandlerMethod.doInvoke(InvocableHandlerMethod.java:197)
	at org.springframework.web.method.support.InvocableHandlerMethod.invokeForRequest(InvocableHandlerMethod.java:141)
	at org.springframework.web.servlet.mvc.method.annotation.ServletInvocableHandlerMethod.invokeAndHandle(ServletInvocableHandlerMethod.java:106)
	at org.springframework.web.servlet.mvc.method.annotation.RequestMappingHandlerAdapter.invokeHandlerMethod(RequestMappingHandlerAdapter.java:894)
	at org.springframework.web.servlet.mvc.method.annotation.RequestMappingHandlerAdapter.handleInternal(RequestMappingHandlerAdapter.java:808)
	at org.springframework.web.servlet.mvc.method.AbstractHandlerMethodAdapter.handle(AbstractHandlerMethodAdapter.java:87)
	at org.springframework.web.servlet.DispatcherServlet.doDispatch(DispatcherServlet.java:1060)
	at org.springframework.web.servlet.DispatcherServlet.doService(DispatcherServlet.java:962)
	at org.springframework.web.servlet.FrameworkServlet.processRequest(FrameworkServlet.java:1006)
	at org.springframework.web.servlet.FrameworkServlet.doGet(FrameworkServlet.java:898)
	at javax.servlet.http.HttpServlet.service(HttpServlet.java:626)
	at org.springframework.web.servlet.FrameworkServlet.service(FrameworkServlet.java:883)
	at javax.servlet.http.HttpServlet.service(HttpServlet.java:733)
	at org.apache.catalina.core.ApplicationFilterChain.internalDoFilter(ApplicationFilterChain.java:227)
	at org.apache.catalina.core.ApplicationFilterChain.doFilter(ApplicationFilterChain.java:162)
	at org.apache.tomcat.websocket.server.WsFilter.doFilter(WsFilter.java:53)
	at org.apache.catalina.core.ApplicationFilterChain.internalDoFilter(ApplicationFilterChain.java:189)
	at org.apache.catalina.core.ApplicationFilterChain.doFilter(ApplicationFilterChain.java:162)
	at org.springframework.web.filter.RequestContextFilter.doFilterInternal(RequestContextFilter.java:100)
	at org.springframework.web.filter.OncePerRequestFilter.doFilter(OncePerRequestFilter.java:119)
	at org.apache.catalina.core.ApplicationFilterChain.internalDoFilter(ApplicationFilterChain.java:189)
	at org.apache.catalina.core.ApplicationFilterChain.doFilter(ApplicationFilterChain.java:162)
	at org.springframework.web.filter.FormContentFilter.doFilterInternal(FormContentFilter.java:93)
	at org.springframework.web.filter.OncePerRequestFilter.doFilter(OncePerRequestFilter.java:119)
	at org.apache.catalina.core.ApplicationFilterChain.internalDoFilter(ApplicationFilterChain.java:189)
	at org.apache.catalina.core.ApplicationFilterChain.doFilter(ApplicationFilterChain.java:162)
	at org.springframework.web.filter.CharacterEncodingFilter.doFilterInternal(CharacterEncodingFilter.java:201)
	at org.springframework.web.filter.OncePerRequestFilter.doFilter(OncePerRequestFilter.java:119)
	at org.apache.catalina.core.ApplicationFilterChain.internalDoFilter(ApplicationFilterChain.java:189)
	at org.apache.catalina.core.ApplicationFilterChain.doFilter(ApplicationFilterChain.java:162)
	at org.apache.catalina.core.StandardWrapperValve.invoke(StandardWrapperValve.java:202)
	at org.apache.catalina.core.StandardContextValve.invoke(StandardContextValve.java:97)
	at org.apache.catalina.authenticator.AuthenticatorBase.invoke(AuthenticatorBase.java:542)
	at org.apache.catalina.core.StandardHostValve.invoke(StandardHostValve.java:143)
	at org.apache.catalina.valves.ErrorReportValve.invoke(ErrorReportValve.java:92)
	at org.apache.catalina.core.StandardEngineValve.invoke(StandardEngineValve.java:78)
	at org.apache.catalina.connector.CoyoteAdapter.service(CoyoteAdapter.java:357)
	at org.apache.coyote.http11.Http11Processor.service(Http11Processor.java:374)
	at org.apache.coyote.AbstractProcessorLight.process(AbstractProcessorLight.java:65)
	at org.apache.coyote.AbstractProtocol$ConnectionHandler.process(AbstractProtocol.java:893)
	at org.apache.tomcat.util.net.NioEndpoint$SocketProcessor.doRun(NioEndpoint.java:1707)
	at org.apache.tomcat.util.net.SocketProcessorBase.run(SocketProcessorBase.java:49)
	at java.base/java.util.concurrent.ThreadPoolExecutor.runWorker(ThreadPoolExecutor.java:1128)
	at java.base/java.util.concurrent.ThreadPoolExecutor$Worker.run(ThreadPoolExecutor.java:628)
	at org.apache.tomcat.util.threads.TaskThread$WrappingRunnable.run(TaskThread.java:61)
	at java.base/java.lang.Thread.run(Thread.java:834)
2022-10-31-17:31:18.336 INFO [http-nio-8080-exec-7]-com.qfedu.fmmall.service.impl.OrderServiceImpl:57>>add order begin...
2022-10-31-17:31:18.520 INFO [http-nio-8080-exec-7]-com.qfedu.fmmall.service.impl.OrderServiceImpl:80>>product stock is OK...
2022-10-31-17:31:20.045 INFO [http-nio-8080-exec-7]-com.qfedu.fmmall.service.impl.OrderServiceImpl:158>>add order finished...
2022-10-31-17:33:42.869 INFO [http-nio-8080-exec-3]-com.qfedu.fmmall.service.impl.OrderServiceImpl:57>>add order begin...
2022-10-31-17:33:42.874 INFO [http-nio-8080-exec-3]-com.qfedu.fmmall.service.impl.OrderServiceImpl:80>>product stock is OK...
2022-10-31-17:33:43.004 INFO [http-nio-8080-exec-3]-com.qfedu.fmmall.service.impl.OrderServiceImpl:158>>add order finished...
2022-10-31-17:39:21.340 INFO [http-nio-8080-exec-8]-com.qfedu.fmmall.service.impl.OrderServiceImpl:57>>add order begin...
2022-10-31-17:39:21.384 INFO [http-nio-8080-exec-8]-com.qfedu.fmmall.service.impl.OrderServiceImpl:80>>product stock is OK...
2022-10-31-17:39:21.589 INFO [http-nio-8080-exec-8]-com.qfedu.fmmall.service.impl.OrderServiceImpl:158>>add order finished...
2022-10-31-17:48:55.541 INFO [http-nio-8080-exec-1]-com.qfedu.fmmall.controller.UserController:40>>eyJhbGciOiJIUzI1NiJ9.eyJrZXkxIjoidmFsdWUxIiwia2V5MiI6InZhbHVlMiIsImV4cCI6MTY2NzI5NjEzNX0.2LKI_rLb4QUOqn-RlnZX_1pp4ZF-DNHBX-N5uVR3wd4
2022-10-31-17:56:54.204 INFO [http-nio-8080-exec-8]-com.qfedu.fmmall.service.impl.OrderServiceImpl:57>>add order begin...
2022-10-31-17:56:54.210 INFO [http-nio-8080-exec-8]-com.qfedu.fmmall.service.impl.OrderServiceImpl:80>>product stock is OK...
2022-10-31-17:56:54.382 INFO [http-nio-8080-exec-8]-com.qfedu.fmmall.service.impl.OrderServiceImpl:158>>add order finished...
