2022-11-08-17:03:27.230 INFO [main]-org.springframework.boot.StartupInfoLogger:55>>Starting ApiApplication using Java 11.0.7 on LAPTOP-Q2EAS1OC with PID 3016 (D:\Users\ASUS\Desktop\CPSForSupermarket\api\target\classes started by ASUS in D:\Users\ASUS\Desktop\CPSForSupermarket)
2022-11-08-17:03:27.235 INFO [main]-org.springframework.boot.SpringApplication:662>>No active profile set, falling back to default profiles: default
2022-11-08-17:03:29.320 WARN [main]-org.mybatis.logging.Logger:44>>No MyBatis mapper was found in '[com.qfedu.fmmall]' package. Please check your configuration.
2022-11-08-17:03:29.550 INFO [main]-org.springframework.context.support.PostProcessorRegistrationDelegate$BeanPostProcessorChecker:376>>Bean 'spring.datasource.dynamic-com.baomidou.dynamic.datasource.spring.boot.autoconfigure.DynamicDataSourceProperties' of type [com.baomidou.dynamic.datasource.spring.boot.autoconfigure.DynamicDataSourceProperties] is not eligible for getting processed by all BeanPostProcessors (for example: not eligible for auto-proxying)
2022-11-08-17:03:29.550 INFO [main]-org.springframework.context.support.PostProcessorRegistrationDelegate$BeanPostProcessorChecker:376>>Bean 'com.baomidou.dynamic.datasource.spring.boot.autoconfigure.DynamicDataSourceAutoConfiguration' of type [com.baomidou.dynamic.datasource.spring.boot.autoconfigure.DynamicDataSourceAutoConfiguration$$EnhancerBySpringCGLIB$$c2adef08] is not eligible for getting processed by all BeanPostProcessors (for example: not eligible for auto-proxying)
2022-11-08-17:03:29.555 INFO [main]-org.springframework.context.support.PostProcessorRegistrationDelegate$BeanPostProcessorChecker:376>>Bean 'dsProcessor' of type [com.baomidou.dynamic.datasource.processor.DsHeaderProcessor] is not eligible for getting processed by all BeanPostProcessors (for example: not eligible for auto-proxying)
2022-11-08-17:03:29.565 INFO [main]-org.springframework.context.support.PostProcessorRegistrationDelegate$BeanPostProcessorChecker:376>>Bean 'dynamicDatasourceAnnotationAdvisor' of type [com.baomidou.dynamic.datasource.aop.DynamicDataSourceAnnotationAdvisor] is not eligible for getting processed by all BeanPostProcessors (for example: not eligible for auto-proxying)
2022-11-08-17:03:29.895 INFO [main]-org.springframework.boot.web.embedded.tomcat.TomcatWebServer:108>>Tomcat initialized with port(s): 8080 (http)
2022-11-08-17:03:29.925 INFO [main]-org.apache.juli.logging.DirectJDKLog:173>>Initializing ProtocolHandler ["http-nio-8080"]
2022-11-08-17:03:29.925 INFO [main]-org.apache.juli.logging.DirectJDKLog:173>>Starting service [Tomcat]
2022-11-08-17:03:29.925 INFO [main]-org.apache.juli.logging.DirectJDKLog:173>>Starting Servlet engine: [Apache Tomcat/9.0.44]
2022-11-08-17:03:29.930 INFO [main]-org.apache.juli.logging.DirectJDKLog:173>>Loaded Apache Tomcat Native library [1.2.23] using APR version [1.7.0].
2022-11-08-17:03:29.930 INFO [main]-org.apache.juli.logging.DirectJDKLog:173>>APR capabilities: IPv6 [true], sendfile [true], accept filters [false], random [true].
2022-11-08-17:03:29.930 INFO [main]-org.apache.juli.logging.DirectJDKLog:173>>APR/OpenSSL configuration: useAprConnector [false], useOpenSSL [true]
2022-11-08-17:03:29.955 INFO [main]-org.apache.juli.logging.DirectJDKLog:173>>OpenSSL successfully initialized [OpenSSL 1.1.1c  28 May 2019]
2022-11-08-17:03:30.085 INFO [main]-org.apache.juli.logging.DirectJDKLog:173>>Initializing Spring embedded WebApplicationContext
2022-11-08-17:03:30.085 INFO [main]-org.springframework.boot.web.servlet.context.ServletWebServerApplicationContext:289>>Root WebApplicationContext: initialization completed in 2800 ms
2022-11-08-17:03:30.191 INFO [main]-com.alibaba.druid.spring.boot.autoconfigure.DruidDataSourceAutoConfigure:56>>Init DruidDataSource
2022-11-08-17:03:30.535 INFO [main]-com.alibaba.druid.pool.DruidDataSource:994>>{dataSource-1} inited
2022-11-08-17:03:31.357 WARN [main]-tk.mybatis.mapper.mapperhelper.resolve.DefaultEntityResolve:154>>通用 Mapper 警告信息: <[EntityColumn{table=friend_list, property='onlineStatus', column='online_status', javaType=char, jdbcType=null, typeHandler=null, id=false, identity=false, blob=false, generator='null', orderBy='null', orderPriority='0', insertable=true, updatable=true, order=DEFAULT}]> 使用了基本类型，基本类型在动态 SQL 中由于存在默认值，因此任何时候都不等于 null，建议修改基本类型为对应的包装类型!
2022-11-08-17:03:31.357 WARN [main]-tk.mybatis.mapper.mapperhelper.resolve.DefaultEntityResolve:154>>通用 Mapper 警告信息: <[EntityColumn{table=friend_list, property='deleteStatus', column='delete_status', javaType=char, jdbcType=null, typeHandler=null, id=false, identity=false, blob=false, generator='null', orderBy='null', orderPriority='0', insertable=true, updatable=true, order=DEFAULT}]> 使用了基本类型，基本类型在动态 SQL 中由于存在默认值，因此任何时候都不等于 null，建议修改基本类型为对应的包装类型!
2022-11-08-17:03:31.885 WARN [main]-tk.mybatis.mapper.mapperhelper.resolve.DefaultEntityResolve:154>>通用 Mapper 警告信息: <[EntityColumn{table=goods_return_apply, property='returnType', column='return_type', javaType=char, jdbcType=null, typeHandler=null, id=false, identity=false, blob=false, generator='null', orderBy='null', orderPriority='0', insertable=true, updatable=true, order=DEFAULT}]> 使用了基本类型，基本类型在动态 SQL 中由于存在默认值，因此任何时候都不等于 null，建议修改基本类型为对应的包装类型!
2022-11-08-17:03:31.885 WARN [main]-tk.mybatis.mapper.mapperhelper.resolve.DefaultEntityResolve:154>>通用 Mapper 警告信息: <[EntityColumn{table=goods_return_apply, property='returnApproach', column='return_approach', javaType=char, jdbcType=null, typeHandler=null, id=false, identity=false, blob=false, generator='null', orderBy='null', orderPriority='0', insertable=true, updatable=true, order=DEFAULT}]> 使用了基本类型，基本类型在动态 SQL 中由于存在默认值，因此任何时候都不等于 null，建议修改基本类型为对应的包装类型!
2022-11-08-17:03:31.885 WARN [main]-tk.mybatis.mapper.mapperhelper.resolve.DefaultEntityResolve:154>>通用 Mapper 警告信息: <[EntityColumn{table=goods_return_apply, property='auditStatus', column='audit_status', javaType=char, jdbcType=null, typeHandler=null, id=false, identity=false, blob=false, generator='null', orderBy='null', orderPriority='0', insertable=true, updatable=true, order=DEFAULT}]> 使用了基本类型，基本类型在动态 SQL 中由于存在默认值，因此任何时候都不等于 null，建议修改基本类型为对应的包装类型!
2022-11-08-17:03:32.395 INFO [main]-springfox.documentation.spring.web.PropertySourcedRequestMappingHandlerMapping:69>>Mapped URL path [/v2/api-docs] onto method [springfox.documentation.swagger2.web.Swagger2Controller#getDocumentation(String, HttpServletRequest)]
2022-11-08-17:03:32.505 INFO [main]-org.springframework.scheduling.concurrent.ExecutorConfigurationSupport:181>>Initializing ExecutorService 'applicationTaskExecutor'
2022-11-08-17:03:32.634 INFO [main]-com.baomidou.dynamic.datasource.DynamicDataSourceCreator:113>>动态数据源-检测到druid存在,如配置中未指定type,druid会默认配置
2022-11-08-17:03:32.634 INFO [main]-tk.mybatis.mapper.autoconfigure.MapperCacheDisabler:60>>Clear tk.mybatis.mapper.util.MsUtil CLASS_CACHE cache.
2022-11-08-17:03:32.645 INFO [main]-tk.mybatis.mapper.autoconfigure.MapperCacheDisabler:60>>Clear tk.mybatis.mapper.genid.GenIdUtil CACHE cache.
2022-11-08-17:03:32.645 INFO [main]-tk.mybatis.mapper.autoconfigure.MapperCacheDisabler:60>>Clear tk.mybatis.mapper.version.VersionUtil CACHE cache.
2022-11-08-17:03:32.645 INFO [main]-tk.mybatis.mapper.autoconfigure.MapperCacheDisabler:83>>Clear EntityHelper entityTableMap cache.
2022-11-08-17:03:32.685 INFO [main]-org.quartz.impl.StdSchedulerFactory:1220>>Using default implementation for ThreadExecutor
2022-11-08-17:03:32.695 INFO [main]-org.quartz.core.SchedulerSignalerImpl:61>>Initialized Scheduler Signaller of type: class org.quartz.core.SchedulerSignalerImpl
2022-11-08-17:03:32.695 INFO [main]-org.quartz.core.QuartzScheduler:229>>Quartz Scheduler v.2.3.2 created.
2022-11-08-17:03:32.705 INFO [main]-org.quartz.simpl.RAMJobStore:155>>RAMJobStore initialized.
2022-11-08-17:03:32.705 INFO [main]-org.quartz.core.QuartzScheduler:294>>Scheduler meta-data: Quartz Scheduler (v2.3.2) 'quartzScheduler' with instanceId 'NON_CLUSTERED'
  Scheduler class: 'org.quartz.core.QuartzScheduler' - running locally.
  NOT STARTED.
  Currently in standby mode.
  Number of jobs executed: 0
  Using thread pool 'org.quartz.simpl.SimpleThreadPool' - with 10 threads.
  Using job-store 'org.quartz.simpl.RAMJobStore' - which does not support persistence. and is not clustered.

2022-11-08-17:03:32.705 INFO [main]-org.quartz.impl.StdSchedulerFactory:1374>>Quartz scheduler 'quartzScheduler' initialized from an externally provided properties instance.
2022-11-08-17:03:32.705 INFO [main]-org.quartz.impl.StdSchedulerFactory:1378>>Quartz scheduler version: 2.3.2
2022-11-08-17:03:32.705 INFO [main]-org.quartz.core.QuartzScheduler:2293>>JobFactory set to: org.springframework.scheduling.quartz.SpringBeanJobFactory@268f0ff3
2022-11-08-17:03:32.705 INFO [main]-org.springframework.scheduling.concurrent.ExecutorConfigurationSupport:181>>Initializing ExecutorService 'taskScheduler'
2022-11-08-17:03:32.755 INFO [main]-org.apache.juli.logging.DirectJDKLog:173>>Starting ProtocolHandler ["http-nio-8080"]
2022-11-08-17:03:32.785 INFO [main]-org.springframework.boot.web.embedded.tomcat.TomcatWebServer:220>>Tomcat started on port(s): 8080 (http) with context path ''
2022-11-08-17:03:32.785 INFO [main]-springfox.documentation.spring.web.plugins.DocumentationPluginsBootstrapper:160>>Context refreshed
2022-11-08-17:03:32.795 INFO [main]-springfox.documentation.spring.web.plugins.DocumentationPluginsBootstrapper:163>>Found 1 custom documentation plugin(s)
2022-11-08-17:03:32.835 INFO [main]-springfox.documentation.spring.web.scanners.ApiListingReferenceScanner:41>>Scanning for api listing references
2022-11-08-17:03:33.095 INFO [main]-springfox.documentation.spring.web.readers.operation.CachingOperationNameGenerator:40>>Generating unique operation named: sendImgUsingPUT_1
2022-11-08-17:03:33.115 INFO [main]-springfox.documentation.spring.web.readers.operation.CachingOperationNameGenerator:40>>Generating unique operation named: deleteOrderUsingPUT_1
2022-11-08-17:03:33.150 INFO [main]-springfox.documentation.spring.web.readers.operation.CachingOperationNameGenerator:40>>Generating unique operation named: listUsingGET_1
2022-11-08-17:03:33.165 INFO [main]-springfox.documentation.spring.web.readers.operation.CachingOperationNameGenerator:40>>Generating unique operation named: deleteAddressUsingDELETE_1
2022-11-08-17:03:33.184 INFO [main]-springfox.documentation.spring.web.readers.operation.CachingOperationNameGenerator:40>>Generating unique operation named: getUserByDetailUsingGET_1
2022-11-08-17:03:33.214 INFO [main]-org.springframework.scheduling.quartz.SchedulerFactoryBean:727>>Starting Quartz Scheduler now
2022-11-08-17:03:33.214 INFO [main]-org.quartz.core.QuartzScheduler:547>>Scheduler quartzScheduler_$_NON_CLUSTERED started.
2022-11-08-17:03:33.245 INFO [main]-org.springframework.boot.StartupInfoLogger:61>>Started ApiApplication in 6.86 seconds (JVM running for 8.994)
2022-11-08-17:45:27.833 INFO [main]-org.springframework.boot.StartupInfoLogger:55>>Starting ApiApplication using Java 11.0.7 on LAPTOP-Q2EAS1OC with PID 17536 (D:\Users\ASUS\Desktop\CPSForSupermarket\api\target\classes started by ASUS in D:\Users\ASUS\Desktop\CPSForSupermarket)
2022-11-08-17:45:27.833 INFO [main]-org.springframework.boot.SpringApplication:662>>No active profile set, falling back to default profiles: default
2022-11-08-17:45:29.650 WARN [main]-org.mybatis.logging.Logger:44>>No MyBatis mapper was found in '[com.qfedu.fmmall]' package. Please check your configuration.
2022-11-08-17:45:29.838 INFO [main]-org.springframework.context.support.PostProcessorRegistrationDelegate$BeanPostProcessorChecker:376>>Bean 'spring.datasource.dynamic-com.baomidou.dynamic.datasource.spring.boot.autoconfigure.DynamicDataSourceProperties' of type [com.baomidou.dynamic.datasource.spring.boot.autoconfigure.DynamicDataSourceProperties] is not eligible for getting processed by all BeanPostProcessors (for example: not eligible for auto-proxying)
2022-11-08-17:45:29.838 INFO [main]-org.springframework.context.support.PostProcessorRegistrationDelegate$BeanPostProcessorChecker:376>>Bean 'com.baomidou.dynamic.datasource.spring.boot.autoconfigure.DynamicDataSourceAutoConfiguration' of type [com.baomidou.dynamic.datasource.spring.boot.autoconfigure.DynamicDataSourceAutoConfiguration$$EnhancerBySpringCGLIB$$c2adef08] is not eligible for getting processed by all BeanPostProcessors (for example: not eligible for auto-proxying)
2022-11-08-17:45:29.853 INFO [main]-org.springframework.context.support.PostProcessorRegistrationDelegate$BeanPostProcessorChecker:376>>Bean 'dsProcessor' of type [com.baomidou.dynamic.datasource.processor.DsHeaderProcessor] is not eligible for getting processed by all BeanPostProcessors (for example: not eligible for auto-proxying)
2022-11-08-17:45:29.853 INFO [main]-org.springframework.context.support.PostProcessorRegistrationDelegate$BeanPostProcessorChecker:376>>Bean 'dynamicDatasourceAnnotationAdvisor' of type [com.baomidou.dynamic.datasource.aop.DynamicDataSourceAnnotationAdvisor] is not eligible for getting processed by all BeanPostProcessors (for example: not eligible for auto-proxying)
2022-11-08-17:45:30.151 INFO [main]-org.springframework.boot.web.embedded.tomcat.TomcatWebServer:108>>Tomcat initialized with port(s): 8080 (http)
2022-11-08-17:45:30.167 INFO [main]-org.apache.juli.logging.DirectJDKLog:173>>Initializing ProtocolHandler ["http-nio-8080"]
2022-11-08-17:45:30.167 INFO [main]-org.apache.juli.logging.DirectJDKLog:173>>Starting service [Tomcat]
2022-11-08-17:45:30.167 INFO [main]-org.apache.juli.logging.DirectJDKLog:173>>Starting Servlet engine: [Apache Tomcat/9.0.44]
2022-11-08-17:45:30.167 INFO [main]-org.apache.juli.logging.DirectJDKLog:173>>Loaded Apache Tomcat Native library [1.2.23] using APR version [1.7.0].
2022-11-08-17:45:30.167 INFO [main]-org.apache.juli.logging.DirectJDKLog:173>>APR capabilities: IPv6 [true], sendfile [true], accept filters [false], random [true].
2022-11-08-17:45:30.167 INFO [main]-org.apache.juli.logging.DirectJDKLog:173>>APR/OpenSSL configuration: useAprConnector [false], useOpenSSL [true]
2022-11-08-17:45:30.198 INFO [main]-org.apache.juli.logging.DirectJDKLog:173>>OpenSSL successfully initialized [OpenSSL 1.1.1c  28 May 2019]
2022-11-08-17:45:30.308 INFO [main]-org.apache.juli.logging.DirectJDKLog:173>>Initializing Spring embedded WebApplicationContext
2022-11-08-17:45:30.308 INFO [main]-org.springframework.boot.web.servlet.context.ServletWebServerApplicationContext:289>>Root WebApplicationContext: initialization completed in 2412 ms
2022-11-08-17:45:30.387 INFO [main]-com.alibaba.druid.spring.boot.autoconfigure.DruidDataSourceAutoConfigure:56>>Init DruidDataSource
2022-11-08-17:45:30.528 INFO [main]-com.alibaba.druid.pool.DruidDataSource:994>>{dataSource-1} inited
2022-11-08-17:45:31.517 WARN [main]-tk.mybatis.mapper.mapperhelper.resolve.DefaultEntityResolve:154>>通用 Mapper 警告信息: <[EntityColumn{table=friend_list, property='onlineStatus', column='online_status', javaType=char, jdbcType=null, typeHandler=null, id=false, identity=false, blob=false, generator='null', orderBy='null', orderPriority='0', insertable=true, updatable=true, order=DEFAULT}]> 使用了基本类型，基本类型在动态 SQL 中由于存在默认值，因此任何时候都不等于 null，建议修改基本类型为对应的包装类型!
2022-11-08-17:45:31.517 WARN [main]-tk.mybatis.mapper.mapperhelper.resolve.DefaultEntityResolve:154>>通用 Mapper 警告信息: <[EntityColumn{table=friend_list, property='deleteStatus', column='delete_status', javaType=char, jdbcType=null, typeHandler=null, id=false, identity=false, blob=false, generator='null', orderBy='null', orderPriority='0', insertable=true, updatable=true, order=DEFAULT}]> 使用了基本类型，基本类型在动态 SQL 中由于存在默认值，因此任何时候都不等于 null，建议修改基本类型为对应的包装类型!
2022-11-08-17:45:32.003 WARN [main]-tk.mybatis.mapper.mapperhelper.resolve.DefaultEntityResolve:154>>通用 Mapper 警告信息: <[EntityColumn{table=goods_return_apply, property='returnType', column='return_type', javaType=char, jdbcType=null, typeHandler=null, id=false, identity=false, blob=false, generator='null', orderBy='null', orderPriority='0', insertable=true, updatable=true, order=DEFAULT}]> 使用了基本类型，基本类型在动态 SQL 中由于存在默认值，因此任何时候都不等于 null，建议修改基本类型为对应的包装类型!
2022-11-08-17:45:32.003 WARN [main]-tk.mybatis.mapper.mapperhelper.resolve.DefaultEntityResolve:154>>通用 Mapper 警告信息: <[EntityColumn{table=goods_return_apply, property='returnApproach', column='return_approach', javaType=char, jdbcType=null, typeHandler=null, id=false, identity=false, blob=false, generator='null', orderBy='null', orderPriority='0', insertable=true, updatable=true, order=DEFAULT}]> 使用了基本类型，基本类型在动态 SQL 中由于存在默认值，因此任何时候都不等于 null，建议修改基本类型为对应的包装类型!
2022-11-08-17:45:32.003 WARN [main]-tk.mybatis.mapper.mapperhelper.resolve.DefaultEntityResolve:154>>通用 Mapper 警告信息: <[EntityColumn{table=goods_return_apply, property='auditStatus', column='audit_status', javaType=char, jdbcType=null, typeHandler=null, id=false, identity=false, blob=false, generator='null', orderBy='null', orderPriority='0', insertable=true, updatable=true, order=DEFAULT}]> 使用了基本类型，基本类型在动态 SQL 中由于存在默认值，因此任何时候都不等于 null，建议修改基本类型为对应的包装类型!
2022-11-08-17:45:32.411 INFO [main]-springfox.documentation.spring.web.PropertySourcedRequestMappingHandlerMapping:69>>Mapped URL path [/v2/api-docs] onto method [springfox.documentation.swagger2.web.Swagger2Controller#getDocumentation(String, HttpServletRequest)]
2022-11-08-17:45:32.521 INFO [main]-org.springframework.scheduling.concurrent.ExecutorConfigurationSupport:181>>Initializing ExecutorService 'applicationTaskExecutor'
2022-11-08-17:45:32.647 INFO [main]-com.baomidou.dynamic.datasource.DynamicDataSourceCreator:113>>动态数据源-检测到druid存在,如配置中未指定type,druid会默认配置
2022-11-08-17:45:32.647 INFO [main]-tk.mybatis.mapper.autoconfigure.MapperCacheDisabler:60>>Clear tk.mybatis.mapper.util.MsUtil CLASS_CACHE cache.
2022-11-08-17:45:32.647 INFO [main]-tk.mybatis.mapper.autoconfigure.MapperCacheDisabler:60>>Clear tk.mybatis.mapper.genid.GenIdUtil CACHE cache.
2022-11-08-17:45:32.647 INFO [main]-tk.mybatis.mapper.autoconfigure.MapperCacheDisabler:60>>Clear tk.mybatis.mapper.version.VersionUtil CACHE cache.
2022-11-08-17:45:32.647 INFO [main]-tk.mybatis.mapper.autoconfigure.MapperCacheDisabler:83>>Clear EntityHelper entityTableMap cache.
2022-11-08-17:45:32.772 INFO [main]-org.quartz.impl.StdSchedulerFactory:1220>>Using default implementation for ThreadExecutor
2022-11-08-17:45:32.772 INFO [main]-org.quartz.core.SchedulerSignalerImpl:61>>Initialized Scheduler Signaller of type: class org.quartz.core.SchedulerSignalerImpl
2022-11-08-17:45:32.772 INFO [main]-org.quartz.core.QuartzScheduler:229>>Quartz Scheduler v.2.3.2 created.
2022-11-08-17:45:32.772 INFO [main]-org.quartz.simpl.RAMJobStore:155>>RAMJobStore initialized.
2022-11-08-17:45:32.772 INFO [main]-org.quartz.core.QuartzScheduler:294>>Scheduler meta-data: Quartz Scheduler (v2.3.2) 'quartzScheduler' with instanceId 'NON_CLUSTERED'
  Scheduler class: 'org.quartz.core.QuartzScheduler' - running locally.
  NOT STARTED.
  Currently in standby mode.
  Number of jobs executed: 0
  Using thread pool 'org.quartz.simpl.SimpleThreadPool' - with 10 threads.
  Using job-store 'org.quartz.simpl.RAMJobStore' - which does not support persistence. and is not clustered.

2022-11-08-17:45:32.772 INFO [main]-org.quartz.impl.StdSchedulerFactory:1374>>Quartz scheduler 'quartzScheduler' initialized from an externally provided properties instance.
2022-11-08-17:45:32.772 INFO [main]-org.quartz.impl.StdSchedulerFactory:1378>>Quartz scheduler version: 2.3.2
2022-11-08-17:45:32.772 INFO [main]-org.quartz.core.QuartzScheduler:2293>>JobFactory set to: org.springframework.scheduling.quartz.SpringBeanJobFactory@11978f52
2022-11-08-17:45:32.787 INFO [main]-org.springframework.scheduling.concurrent.ExecutorConfigurationSupport:181>>Initializing ExecutorService 'taskScheduler'
2022-11-08-17:45:32.835 INFO [main]-org.apache.juli.logging.DirectJDKLog:173>>Starting ProtocolHandler ["http-nio-8080"]
2022-11-08-17:45:32.850 INFO [main]-org.springframework.boot.web.embedded.tomcat.TomcatWebServer:220>>Tomcat started on port(s): 8080 (http) with context path ''
2022-11-08-17:45:32.850 INFO [main]-springfox.documentation.spring.web.plugins.DocumentationPluginsBootstrapper:160>>Context refreshed
2022-11-08-17:45:32.866 INFO [main]-springfox.documentation.spring.web.plugins.DocumentationPluginsBootstrapper:163>>Found 1 custom documentation plugin(s)
2022-11-08-17:45:32.905 INFO [main]-springfox.documentation.spring.web.scanners.ApiListingReferenceScanner:41>>Scanning for api listing references
2022-11-08-17:45:33.105 INFO [main]-springfox.documentation.spring.web.readers.operation.CachingOperationNameGenerator:40>>Generating unique operation named: sendImgUsingPUT_1
2022-11-08-17:45:33.105 INFO [main]-springfox.documentation.spring.web.readers.operation.CachingOperationNameGenerator:40>>Generating unique operation named: deleteOrderUsingPUT_1
2022-11-08-17:45:33.133 INFO [main]-springfox.documentation.spring.web.readers.operation.CachingOperationNameGenerator:40>>Generating unique operation named: listUsingGET_1
2022-11-08-17:45:33.133 INFO [main]-springfox.documentation.spring.web.readers.operation.CachingOperationNameGenerator:40>>Generating unique operation named: deleteAddressUsingDELETE_1
2022-11-08-17:45:33.148 INFO [main]-springfox.documentation.spring.web.readers.operation.CachingOperationNameGenerator:40>>Generating unique operation named: getUserByDetailUsingGET_1
2022-11-08-17:45:33.164 INFO [main]-org.springframework.scheduling.quartz.SchedulerFactoryBean:727>>Starting Quartz Scheduler now
2022-11-08-17:45:33.164 INFO [main]-org.quartz.core.QuartzScheduler:547>>Scheduler quartzScheduler_$_NON_CLUSTERED started.
2022-11-08-17:45:33.180 INFO [main]-org.springframework.boot.StartupInfoLogger:61>>Started ApiApplication in 6.217 seconds (JVM running for 8.117)
2022-11-08-17:50:13.522 INFO [main]-org.springframework.boot.StartupInfoLogger:55>>Starting ApiApplication using Java 11.0.7 on LAPTOP-Q2EAS1OC with PID 4992 (D:\Users\ASUS\Desktop\CPSForSupermarket\api\target\classes started by ASUS in D:\Users\ASUS\Desktop\CPSForSupermarket)
2022-11-08-17:50:13.522 INFO [main]-org.springframework.boot.SpringApplication:662>>No active profile set, falling back to default profiles: default
2022-11-08-17:50:14.730 WARN [main]-org.mybatis.logging.Logger:44>>No MyBatis mapper was found in '[com.qfedu.fmmall]' package. Please check your configuration.
2022-11-08-17:50:14.965 INFO [main]-org.springframework.context.support.PostProcessorRegistrationDelegate$BeanPostProcessorChecker:376>>Bean 'spring.datasource.dynamic-com.baomidou.dynamic.datasource.spring.boot.autoconfigure.DynamicDataSourceProperties' of type [com.baomidou.dynamic.datasource.spring.boot.autoconfigure.DynamicDataSourceProperties] is not eligible for getting processed by all BeanPostProcessors (for example: not eligible for auto-proxying)
2022-11-08-17:50:14.965 INFO [main]-org.springframework.context.support.PostProcessorRegistrationDelegate$BeanPostProcessorChecker:376>>Bean 'com.baomidou.dynamic.datasource.spring.boot.autoconfigure.DynamicDataSourceAutoConfiguration' of type [com.baomidou.dynamic.datasource.spring.boot.autoconfigure.DynamicDataSourceAutoConfiguration$$EnhancerBySpringCGLIB$$cdc1202] is not eligible for getting processed by all BeanPostProcessors (for example: not eligible for auto-proxying)
2022-11-08-17:50:14.981 INFO [main]-org.springframework.context.support.PostProcessorRegistrationDelegate$BeanPostProcessorChecker:376>>Bean 'dsProcessor' of type [com.baomidou.dynamic.datasource.processor.DsHeaderProcessor] is not eligible for getting processed by all BeanPostProcessors (for example: not eligible for auto-proxying)
2022-11-08-17:50:14.981 INFO [main]-org.springframework.context.support.PostProcessorRegistrationDelegate$BeanPostProcessorChecker:376>>Bean 'dynamicDatasourceAnnotationAdvisor' of type [com.baomidou.dynamic.datasource.aop.DynamicDataSourceAnnotationAdvisor] is not eligible for getting processed by all BeanPostProcessors (for example: not eligible for auto-proxying)
2022-11-08-17:50:15.279 INFO [main]-org.springframework.boot.web.embedded.tomcat.TomcatWebServer:108>>Tomcat initialized with port(s): 8080 (http)
2022-11-08-17:50:15.295 INFO [main]-org.apache.juli.logging.DirectJDKLog:173>>Initializing ProtocolHandler ["http-nio-8080"]
2022-11-08-17:50:15.295 INFO [main]-org.apache.juli.logging.DirectJDKLog:173>>Starting service [Tomcat]
2022-11-08-17:50:15.295 INFO [main]-org.apache.juli.logging.DirectJDKLog:173>>Starting Servlet engine: [Apache Tomcat/9.0.44]
2022-11-08-17:50:15.295 INFO [main]-org.apache.juli.logging.DirectJDKLog:173>>Loaded Apache Tomcat Native library [1.2.23] using APR version [1.7.0].
2022-11-08-17:50:15.295 INFO [main]-org.apache.juli.logging.DirectJDKLog:173>>APR capabilities: IPv6 [true], sendfile [true], accept filters [false], random [true].
2022-11-08-17:50:15.295 INFO [main]-org.apache.juli.logging.DirectJDKLog:173>>APR/OpenSSL configuration: useAprConnector [false], useOpenSSL [true]
2022-11-08-17:50:15.310 INFO [main]-org.apache.juli.logging.DirectJDKLog:173>>OpenSSL successfully initialized [OpenSSL 1.1.1c  28 May 2019]
2022-11-08-17:50:15.404 INFO [main]-org.apache.juli.logging.DirectJDKLog:173>>Initializing Spring embedded WebApplicationContext
2022-11-08-17:50:15.404 INFO [main]-org.springframework.boot.web.servlet.context.ServletWebServerApplicationContext:289>>Root WebApplicationContext: initialization completed in 1787 ms
2022-11-08-17:50:15.467 INFO [main]-com.alibaba.druid.spring.boot.autoconfigure.DruidDataSourceAutoConfigure:56>>Init DruidDataSource
2022-11-08-17:50:15.562 INFO [main]-com.alibaba.druid.pool.DruidDataSource:994>>{dataSource-1} inited
2022-11-08-17:50:16.032 WARN [main]-tk.mybatis.mapper.mapperhelper.resolve.DefaultEntityResolve:154>>通用 Mapper 警告信息: <[EntityColumn{table=friend_list, property='onlineStatus', column='online_status', javaType=char, jdbcType=null, typeHandler=null, id=false, identity=false, blob=false, generator='null', orderBy='null', orderPriority='0', insertable=true, updatable=true, order=DEFAULT}]> 使用了基本类型，基本类型在动态 SQL 中由于存在默认值，因此任何时候都不等于 null，建议修改基本类型为对应的包装类型!
2022-11-08-17:50:16.032 WARN [main]-tk.mybatis.mapper.mapperhelper.resolve.DefaultEntityResolve:154>>通用 Mapper 警告信息: <[EntityColumn{table=friend_list, property='deleteStatus', column='delete_status', javaType=char, jdbcType=null, typeHandler=null, id=false, identity=false, blob=false, generator='null', orderBy='null', orderPriority='0', insertable=true, updatable=true, order=DEFAULT}]> 使用了基本类型，基本类型在动态 SQL 中由于存在默认值，因此任何时候都不等于 null，建议修改基本类型为对应的包装类型!
2022-11-08-17:50:16.488 WARN [main]-tk.mybatis.mapper.mapperhelper.resolve.DefaultEntityResolve:154>>通用 Mapper 警告信息: <[EntityColumn{table=goods_return_apply, property='returnType', column='return_type', javaType=char, jdbcType=null, typeHandler=null, id=false, identity=false, blob=false, generator='null', orderBy='null', orderPriority='0', insertable=true, updatable=true, order=DEFAULT}]> 使用了基本类型，基本类型在动态 SQL 中由于存在默认值，因此任何时候都不等于 null，建议修改基本类型为对应的包装类型!
2022-11-08-17:50:16.488 WARN [main]-tk.mybatis.mapper.mapperhelper.resolve.DefaultEntityResolve:154>>通用 Mapper 警告信息: <[EntityColumn{table=goods_return_apply, property='returnApproach', column='return_approach', javaType=char, jdbcType=null, typeHandler=null, id=false, identity=false, blob=false, generator='null', orderBy='null', orderPriority='0', insertable=true, updatable=true, order=DEFAULT}]> 使用了基本类型，基本类型在动态 SQL 中由于存在默认值，因此任何时候都不等于 null，建议修改基本类型为对应的包装类型!
2022-11-08-17:50:16.488 WARN [main]-tk.mybatis.mapper.mapperhelper.resolve.DefaultEntityResolve:154>>通用 Mapper 警告信息: <[EntityColumn{table=goods_return_apply, property='auditStatus', column='audit_status', javaType=char, jdbcType=null, typeHandler=null, id=false, identity=false, blob=false, generator='null', orderBy='null', orderPriority='0', insertable=true, updatable=true, order=DEFAULT}]> 使用了基本类型，基本类型在动态 SQL 中由于存在默认值，因此任何时候都不等于 null，建议修改基本类型为对应的包装类型!
2022-11-08-17:50:16.880 INFO [main]-springfox.documentation.spring.web.PropertySourcedRequestMappingHandlerMapping:69>>Mapped URL path [/v2/api-docs] onto method [springfox.documentation.swagger2.web.Swagger2Controller#getDocumentation(String, HttpServletRequest)]
2022-11-08-17:50:16.990 INFO [main]-org.springframework.scheduling.concurrent.ExecutorConfigurationSupport:181>>Initializing ExecutorService 'applicationTaskExecutor'
2022-11-08-17:50:17.131 INFO [main]-com.baomidou.dynamic.datasource.DynamicDataSourceCreator:113>>动态数据源-检测到druid存在,如配置中未指定type,druid会默认配置
2022-11-08-17:50:17.146 INFO [main]-tk.mybatis.mapper.autoconfigure.MapperCacheDisabler:60>>Clear tk.mybatis.mapper.util.MsUtil CLASS_CACHE cache.
2022-11-08-17:50:17.146 INFO [main]-tk.mybatis.mapper.autoconfigure.MapperCacheDisabler:60>>Clear tk.mybatis.mapper.genid.GenIdUtil CACHE cache.
2022-11-08-17:50:17.146 INFO [main]-tk.mybatis.mapper.autoconfigure.MapperCacheDisabler:60>>Clear tk.mybatis.mapper.version.VersionUtil CACHE cache.
2022-11-08-17:50:17.146 INFO [main]-tk.mybatis.mapper.autoconfigure.MapperCacheDisabler:83>>Clear EntityHelper entityTableMap cache.
2022-11-08-17:50:17.178 INFO [main]-org.quartz.impl.StdSchedulerFactory:1220>>Using default implementation for ThreadExecutor
2022-11-08-17:50:17.194 INFO [main]-org.quartz.core.SchedulerSignalerImpl:61>>Initialized Scheduler Signaller of type: class org.quartz.core.SchedulerSignalerImpl
2022-11-08-17:50:17.194 INFO [main]-org.quartz.core.QuartzScheduler:229>>Quartz Scheduler v.2.3.2 created.
2022-11-08-17:50:17.194 INFO [main]-org.quartz.simpl.RAMJobStore:155>>RAMJobStore initialized.
2022-11-08-17:50:17.194 INFO [main]-org.quartz.core.QuartzScheduler:294>>Scheduler meta-data: Quartz Scheduler (v2.3.2) 'quartzScheduler' with instanceId 'NON_CLUSTERED'
  Scheduler class: 'org.quartz.core.QuartzScheduler' - running locally.
  NOT STARTED.
  Currently in standby mode.
  Number of jobs executed: 0
  Using thread pool 'org.quartz.simpl.SimpleThreadPool' - with 10 threads.
  Using job-store 'org.quartz.simpl.RAMJobStore' - which does not support persistence. and is not clustered.

2022-11-08-17:50:17.194 INFO [main]-org.quartz.impl.StdSchedulerFactory:1374>>Quartz scheduler 'quartzScheduler' initialized from an externally provided properties instance.
2022-11-08-17:50:17.194 INFO [main]-org.quartz.impl.StdSchedulerFactory:1378>>Quartz scheduler version: 2.3.2
2022-11-08-17:50:17.194 INFO [main]-org.quartz.core.QuartzScheduler:2293>>JobFactory set to: org.springframework.scheduling.quartz.SpringBeanJobFactory@2095c331
2022-11-08-17:50:17.194 INFO [main]-org.springframework.scheduling.concurrent.ExecutorConfigurationSupport:181>>Initializing ExecutorService 'taskScheduler'
2022-11-08-17:50:17.241 INFO [main]-org.apache.juli.logging.DirectJDKLog:173>>Starting ProtocolHandler ["http-nio-8080"]
2022-11-08-17:50:17.272 INFO [main]-org.springframework.boot.web.embedded.tomcat.TomcatWebServer:220>>Tomcat started on port(s): 8080 (http) with context path ''
2022-11-08-17:50:17.272 INFO [main]-springfox.documentation.spring.web.plugins.DocumentationPluginsBootstrapper:160>>Context refreshed
2022-11-08-17:50:17.288 INFO [main]-springfox.documentation.spring.web.plugins.DocumentationPluginsBootstrapper:163>>Found 1 custom documentation plugin(s)
2022-11-08-17:50:17.304 INFO [main]-springfox.documentation.spring.web.scanners.ApiListingReferenceScanner:41>>Scanning for api listing references
2022-11-08-17:50:17.476 INFO [main]-springfox.documentation.spring.web.readers.operation.CachingOperationNameGenerator:40>>Generating unique operation named: sendImgUsingPUT_1
2022-11-08-17:50:17.476 INFO [main]-springfox.documentation.spring.web.readers.operation.CachingOperationNameGenerator:40>>Generating unique operation named: deleteOrderUsingPUT_1
2022-11-08-17:50:17.492 INFO [main]-springfox.documentation.spring.web.readers.operation.CachingOperationNameGenerator:40>>Generating unique operation named: listUsingGET_1
2022-11-08-17:50:17.508 INFO [main]-springfox.documentation.spring.web.readers.operation.CachingOperationNameGenerator:40>>Generating unique operation named: deleteAddressUsingDELETE_1
2022-11-08-17:50:17.523 INFO [main]-springfox.documentation.spring.web.readers.operation.CachingOperationNameGenerator:40>>Generating unique operation named: getUserByDetailUsingGET_1
2022-11-08-17:50:17.539 INFO [main]-org.springframework.scheduling.quartz.SchedulerFactoryBean:727>>Starting Quartz Scheduler now
2022-11-08-17:50:17.539 INFO [main]-org.quartz.core.QuartzScheduler:547>>Scheduler quartzScheduler_$_NON_CLUSTERED started.
2022-11-08-17:50:17.554 INFO [main]-org.springframework.boot.StartupInfoLogger:61>>Started ApiApplication in 4.811 seconds (JVM running for 6.769)
2022-11-08-17:53:24.305 INFO [main]-org.springframework.boot.StartupInfoLogger:55>>Starting ApiApplication using Java 11.0.7 on LAPTOP-Q2EAS1OC with PID 15324 (D:\Users\ASUS\Desktop\CPSForSupermarket\api\target\classes started by ASUS in D:\Users\ASUS\Desktop\CPSForSupermarket)
2022-11-08-17:53:24.305 INFO [main]-org.springframework.boot.SpringApplication:662>>No active profile set, falling back to default profiles: default
2022-11-08-17:53:25.559 WARN [main]-org.mybatis.logging.Logger:44>>No MyBatis mapper was found in '[com.qfedu.fmmall]' package. Please check your configuration.
2022-11-08-17:53:25.842 INFO [main]-org.springframework.context.support.PostProcessorRegistrationDelegate$BeanPostProcessorChecker:376>>Bean 'spring.datasource.dynamic-com.baomidou.dynamic.datasource.spring.boot.autoconfigure.DynamicDataSourceProperties' of type [com.baomidou.dynamic.datasource.spring.boot.autoconfigure.DynamicDataSourceProperties] is not eligible for getting processed by all BeanPostProcessors (for example: not eligible for auto-proxying)
2022-11-08-17:53:25.842 INFO [main]-org.springframework.context.support.PostProcessorRegistrationDelegate$BeanPostProcessorChecker:376>>Bean 'com.baomidou.dynamic.datasource.spring.boot.autoconfigure.DynamicDataSourceAutoConfiguration' of type [com.baomidou.dynamic.datasource.spring.boot.autoconfigure.DynamicDataSourceAutoConfiguration$$EnhancerBySpringCGLIB$$cdc1202] is not eligible for getting processed by all BeanPostProcessors (for example: not eligible for auto-proxying)
2022-11-08-17:53:25.858 INFO [main]-org.springframework.context.support.PostProcessorRegistrationDelegate$BeanPostProcessorChecker:376>>Bean 'dsProcessor' of type [com.baomidou.dynamic.datasource.processor.DsHeaderProcessor] is not eligible for getting processed by all BeanPostProcessors (for example: not eligible for auto-proxying)
2022-11-08-17:53:25.873 INFO [main]-org.springframework.context.support.PostProcessorRegistrationDelegate$BeanPostProcessorChecker:376>>Bean 'dynamicDatasourceAnnotationAdvisor' of type [com.baomidou.dynamic.datasource.aop.DynamicDataSourceAnnotationAdvisor] is not eligible for getting processed by all BeanPostProcessors (for example: not eligible for auto-proxying)
2022-11-08-17:53:26.156 INFO [main]-org.springframework.boot.web.embedded.tomcat.TomcatWebServer:108>>Tomcat initialized with port(s): 8080 (http)
2022-11-08-17:53:26.171 INFO [main]-org.apache.juli.logging.DirectJDKLog:173>>Initializing ProtocolHandler ["http-nio-8080"]
2022-11-08-17:53:26.171 INFO [main]-org.apache.juli.logging.DirectJDKLog:173>>Starting service [Tomcat]
2022-11-08-17:53:26.171 INFO [main]-org.apache.juli.logging.DirectJDKLog:173>>Starting Servlet engine: [Apache Tomcat/9.0.44]
2022-11-08-17:53:26.187 INFO [main]-org.apache.juli.logging.DirectJDKLog:173>>Loaded Apache Tomcat Native library [1.2.23] using APR version [1.7.0].
2022-11-08-17:53:26.187 INFO [main]-org.apache.juli.logging.DirectJDKLog:173>>APR capabilities: IPv6 [true], sendfile [true], accept filters [false], random [true].
2022-11-08-17:53:26.187 INFO [main]-org.apache.juli.logging.DirectJDKLog:173>>APR/OpenSSL configuration: useAprConnector [false], useOpenSSL [true]
2022-11-08-17:53:26.187 INFO [main]-org.apache.juli.logging.DirectJDKLog:173>>OpenSSL successfully initialized [OpenSSL 1.1.1c  28 May 2019]
2022-11-08-17:53:26.304 INFO [main]-org.apache.juli.logging.DirectJDKLog:173>>Initializing Spring embedded WebApplicationContext
2022-11-08-17:53:26.304 INFO [main]-org.springframework.boot.web.servlet.context.ServletWebServerApplicationContext:289>>Root WebApplicationContext: initialization completed in 1937 ms
2022-11-08-17:53:26.375 INFO [main]-com.alibaba.druid.spring.boot.autoconfigure.DruidDataSourceAutoConfigure:56>>Init DruidDataSource
2022-11-08-17:53:26.470 INFO [main]-com.alibaba.druid.pool.DruidDataSource:994>>{dataSource-1} inited
2022-11-08-17:53:26.925 WARN [main]-tk.mybatis.mapper.mapperhelper.resolve.DefaultEntityResolve:154>>通用 Mapper 警告信息: <[EntityColumn{table=friend_list, property='onlineStatus', column='online_status', javaType=char, jdbcType=null, typeHandler=null, id=false, identity=false, blob=false, generator='null', orderBy='null', orderPriority='0', insertable=true, updatable=true, order=DEFAULT}]> 使用了基本类型，基本类型在动态 SQL 中由于存在默认值，因此任何时候都不等于 null，建议修改基本类型为对应的包装类型!
2022-11-08-17:53:26.925 WARN [main]-tk.mybatis.mapper.mapperhelper.resolve.DefaultEntityResolve:154>>通用 Mapper 警告信息: <[EntityColumn{table=friend_list, property='deleteStatus', column='delete_status', javaType=char, jdbcType=null, typeHandler=null, id=false, identity=false, blob=false, generator='null', orderBy='null', orderPriority='0', insertable=true, updatable=true, order=DEFAULT}]> 使用了基本类型，基本类型在动态 SQL 中由于存在默认值，因此任何时候都不等于 null，建议修改基本类型为对应的包装类型!
2022-11-08-17:53:27.443 WARN [main]-tk.mybatis.mapper.mapperhelper.resolve.DefaultEntityResolve:154>>通用 Mapper 警告信息: <[EntityColumn{table=goods_return_apply, property='returnType', column='return_type', javaType=char, jdbcType=null, typeHandler=null, id=false, identity=false, blob=false, generator='null', orderBy='null', orderPriority='0', insertable=true, updatable=true, order=DEFAULT}]> 使用了基本类型，基本类型在动态 SQL 中由于存在默认值，因此任何时候都不等于 null，建议修改基本类型为对应的包装类型!
2022-11-08-17:53:27.443 WARN [main]-tk.mybatis.mapper.mapperhelper.resolve.DefaultEntityResolve:154>>通用 Mapper 警告信息: <[EntityColumn{table=goods_return_apply, property='returnApproach', column='return_approach', javaType=char, jdbcType=null, typeHandler=null, id=false, identity=false, blob=false, generator='null', orderBy='null', orderPriority='0', insertable=true, updatable=true, order=DEFAULT}]> 使用了基本类型，基本类型在动态 SQL 中由于存在默认值，因此任何时候都不等于 null，建议修改基本类型为对应的包装类型!
2022-11-08-17:53:27.443 WARN [main]-tk.mybatis.mapper.mapperhelper.resolve.DefaultEntityResolve:154>>通用 Mapper 警告信息: <[EntityColumn{table=goods_return_apply, property='auditStatus', column='audit_status', javaType=char, jdbcType=null, typeHandler=null, id=false, identity=false, blob=false, generator='null', orderBy='null', orderPriority='0', insertable=true, updatable=true, order=DEFAULT}]> 使用了基本类型，基本类型在动态 SQL 中由于存在默认值，因此任何时候都不等于 null，建议修改基本类型为对应的包装类型!
2022-11-08-17:53:27.835 INFO [main]-springfox.documentation.spring.web.PropertySourcedRequestMappingHandlerMapping:69>>Mapped URL path [/v2/api-docs] onto method [springfox.documentation.swagger2.web.Swagger2Controller#getDocumentation(String, HttpServletRequest)]
2022-11-08-17:53:27.929 INFO [main]-org.springframework.scheduling.concurrent.ExecutorConfigurationSupport:181>>Initializing ExecutorService 'applicationTaskExecutor'
2022-11-08-17:53:28.039 INFO [main]-com.baomidou.dynamic.datasource.DynamicDataSourceCreator:113>>动态数据源-检测到druid存在,如配置中未指定type,druid会默认配置
2022-11-08-17:53:28.055 INFO [main]-tk.mybatis.mapper.autoconfigure.MapperCacheDisabler:60>>Clear tk.mybatis.mapper.util.MsUtil CLASS_CACHE cache.
2022-11-08-17:53:28.055 INFO [main]-tk.mybatis.mapper.autoconfigure.MapperCacheDisabler:60>>Clear tk.mybatis.mapper.genid.GenIdUtil CACHE cache.
2022-11-08-17:53:28.055 INFO [main]-tk.mybatis.mapper.autoconfigure.MapperCacheDisabler:60>>Clear tk.mybatis.mapper.version.VersionUtil CACHE cache.
2022-11-08-17:53:28.055 INFO [main]-tk.mybatis.mapper.autoconfigure.MapperCacheDisabler:83>>Clear EntityHelper entityTableMap cache.
2022-11-08-17:53:28.109 INFO [main]-org.quartz.impl.StdSchedulerFactory:1220>>Using default implementation for ThreadExecutor
2022-11-08-17:53:28.118 INFO [main]-org.quartz.core.SchedulerSignalerImpl:61>>Initialized Scheduler Signaller of type: class org.quartz.core.SchedulerSignalerImpl
2022-11-08-17:53:28.118 INFO [main]-org.quartz.core.QuartzScheduler:229>>Quartz Scheduler v.2.3.2 created.
2022-11-08-17:53:28.118 INFO [main]-org.quartz.simpl.RAMJobStore:155>>RAMJobStore initialized.
2022-11-08-17:53:28.118 INFO [main]-org.quartz.core.QuartzScheduler:294>>Scheduler meta-data: Quartz Scheduler (v2.3.2) 'quartzScheduler' with instanceId 'NON_CLUSTERED'
  Scheduler class: 'org.quartz.core.QuartzScheduler' - running locally.
  NOT STARTED.
  Currently in standby mode.
  Number of jobs executed: 0
  Using thread pool 'org.quartz.simpl.SimpleThreadPool' - with 10 threads.
  Using job-store 'org.quartz.simpl.RAMJobStore' - which does not support persistence. and is not clustered.

2022-11-08-17:53:28.118 INFO [main]-org.quartz.impl.StdSchedulerFactory:1374>>Quartz scheduler 'quartzScheduler' initialized from an externally provided properties instance.
2022-11-08-17:53:28.118 INFO [main]-org.quartz.impl.StdSchedulerFactory:1378>>Quartz scheduler version: 2.3.2
2022-11-08-17:53:28.118 INFO [main]-org.quartz.core.QuartzScheduler:2293>>JobFactory set to: org.springframework.scheduling.quartz.SpringBeanJobFactory@2095c331
2022-11-08-17:53:28.118 INFO [main]-org.springframework.scheduling.concurrent.ExecutorConfigurationSupport:181>>Initializing ExecutorService 'taskScheduler'
2022-11-08-17:53:28.180 INFO [main]-org.apache.juli.logging.DirectJDKLog:173>>Starting ProtocolHandler ["http-nio-8080"]
2022-11-08-17:53:28.204 INFO [main]-org.springframework.boot.web.embedded.tomcat.TomcatWebServer:220>>Tomcat started on port(s): 8080 (http) with context path ''
2022-11-08-17:53:28.205 INFO [main]-springfox.documentation.spring.web.plugins.DocumentationPluginsBootstrapper:160>>Context refreshed
2022-11-08-17:53:28.214 INFO [main]-springfox.documentation.spring.web.plugins.DocumentationPluginsBootstrapper:163>>Found 1 custom documentation plugin(s)
2022-11-08-17:53:28.245 INFO [main]-springfox.documentation.spring.web.scanners.ApiListingReferenceScanner:41>>Scanning for api listing references
2022-11-08-17:53:28.434 INFO [main]-springfox.documentation.spring.web.readers.operation.CachingOperationNameGenerator:40>>Generating unique operation named: sendImgUsingPUT_1
2022-11-08-17:53:28.434 INFO [main]-springfox.documentation.spring.web.readers.operation.CachingOperationNameGenerator:40>>Generating unique operation named: deleteOrderUsingPUT_1
2022-11-08-17:53:28.465 INFO [main]-springfox.documentation.spring.web.readers.operation.CachingOperationNameGenerator:40>>Generating unique operation named: listUsingGET_1
2022-11-08-17:53:28.465 INFO [main]-springfox.documentation.spring.web.readers.operation.CachingOperationNameGenerator:40>>Generating unique operation named: deleteAddressUsingDELETE_1
2022-11-08-17:53:28.481 INFO [main]-springfox.documentation.spring.web.readers.operation.CachingOperationNameGenerator:40>>Generating unique operation named: getUserByDetailUsingGET_1
2022-11-08-17:53:28.496 INFO [main]-org.springframework.scheduling.quartz.SchedulerFactoryBean:727>>Starting Quartz Scheduler now
2022-11-08-17:53:28.496 INFO [main]-org.quartz.core.QuartzScheduler:547>>Scheduler quartzScheduler_$_NON_CLUSTERED started.
2022-11-08-17:53:28.512 INFO [main]-org.springframework.boot.StartupInfoLogger:61>>Started ApiApplication in 4.988 seconds (JVM running for 6.564)
2022-11-08-17:54:01.159 INFO [http-nio-8080-exec-2]-org.apache.juli.logging.DirectJDKLog:173>>Initializing Spring DispatcherServlet 'dispatcherServlet'
2022-11-08-17:54:01.160 INFO [http-nio-8080-exec-2]-org.springframework.web.servlet.FrameworkServlet:525>>Initializing Servlet 'dispatcherServlet'
2022-11-08-17:54:01.161 INFO [http-nio-8080-exec-2]-org.springframework.web.servlet.FrameworkServlet:547>>Completed initialization in 1 ms
2022-11-08-17:54:01.275 ERROR [http-nio-8080-exec-2]-org.apache.juli.logging.DirectJDKLog:175>>Servlet.service() for servlet [dispatcherServlet] in context with path [] threw exception [Request processing failed; nested exception is java.lang.NullPointerException] with root cause
java.lang.NullPointerException: null
	at com.qfedu.fmmall.entity.UsersMsgVo.<init>(UsersMsgVo.java:55)
	at com.qfedu.fmmall.service.impl.ChatServiceImpl.getCustomer(ChatServiceImpl.java:327)
	at com.qfedu.fmmall.controller.ChatController.getCustomer(ChatController.java:79)
	at java.base/jdk.internal.reflect.NativeMethodAccessorImpl.invoke0(Native Method)
	at java.base/jdk.internal.reflect.NativeMethodAccessorImpl.invoke(NativeMethodAccessorImpl.java:62)
	at java.base/jdk.internal.reflect.DelegatingMethodAccessorImpl.invoke(DelegatingMethodAccessorImpl.java:43)
	at java.base/java.lang.reflect.Method.invoke(Method.java:566)
	at org.springframework.web.method.support.InvocableHandlerMethod.doInvoke(InvocableHandlerMethod.java:197)
	at org.springframework.web.method.support.InvocableHandlerMethod.invokeForRequest(InvocableHandlerMethod.java:141)
	at org.springframework.web.servlet.mvc.method.annotation.ServletInvocableHandlerMethod.invokeAndHandle(ServletInvocableHandlerMethod.java:106)
	at org.springframework.web.servlet.mvc.method.annotation.RequestMappingHandlerAdapter.invokeHandlerMethod(RequestMappingHandlerAdapter.java:894)
	at org.springframework.web.servlet.mvc.method.annotation.RequestMappingHandlerAdapter.handleInternal(RequestMappingHandlerAdapter.java:808)
	at org.springframework.web.servlet.mvc.method.AbstractHandlerMethodAdapter.handle(AbstractHandlerMethodAdapter.java:87)
	at org.springframework.web.servlet.DispatcherServlet.doDispatch(DispatcherServlet.java:1060)
	at org.springframework.web.servlet.DispatcherServlet.doService(DispatcherServlet.java:962)
	at org.springframework.web.servlet.FrameworkServlet.processRequest(FrameworkServlet.java:1006)
	at org.springframework.web.servlet.FrameworkServlet.doGet(FrameworkServlet.java:898)
	at javax.servlet.http.HttpServlet.service(HttpServlet.java:626)
	at org.springframework.web.servlet.FrameworkServlet.service(FrameworkServlet.java:883)
	at javax.servlet.http.HttpServlet.service(HttpServlet.java:733)
	at org.apache.catalina.core.ApplicationFilterChain.internalDoFilter(ApplicationFilterChain.java:227)
	at org.apache.catalina.core.ApplicationFilterChain.doFilter(ApplicationFilterChain.java:162)
	at org.apache.tomcat.websocket.server.WsFilter.doFilter(WsFilter.java:53)
	at org.apache.catalina.core.ApplicationFilterChain.internalDoFilter(ApplicationFilterChain.java:189)
	at org.apache.catalina.core.ApplicationFilterChain.doFilter(ApplicationFilterChain.java:162)
	at org.springframework.web.filter.RequestContextFilter.doFilterInternal(RequestContextFilter.java:100)
	at org.springframework.web.filter.OncePerRequestFilter.doFilter(OncePerRequestFilter.java:119)
	at org.apache.catalina.core.ApplicationFilterChain.internalDoFilter(ApplicationFilterChain.java:189)
	at org.apache.catalina.core.ApplicationFilterChain.doFilter(ApplicationFilterChain.java:162)
	at org.springframework.web.filter.FormContentFilter.doFilterInternal(FormContentFilter.java:93)
	at org.springframework.web.filter.OncePerRequestFilter.doFilter(OncePerRequestFilter.java:119)
	at org.apache.catalina.core.ApplicationFilterChain.internalDoFilter(ApplicationFilterChain.java:189)
	at org.apache.catalina.core.ApplicationFilterChain.doFilter(ApplicationFilterChain.java:162)
	at org.springframework.web.filter.CharacterEncodingFilter.doFilterInternal(CharacterEncodingFilter.java:201)
	at org.springframework.web.filter.OncePerRequestFilter.doFilter(OncePerRequestFilter.java:119)
	at org.apache.catalina.core.ApplicationFilterChain.internalDoFilter(ApplicationFilterChain.java:189)
	at org.apache.catalina.core.ApplicationFilterChain.doFilter(ApplicationFilterChain.java:162)
	at org.apache.catalina.core.StandardWrapperValve.invoke(StandardWrapperValve.java:202)
	at org.apache.catalina.core.StandardContextValve.invoke(StandardContextValve.java:97)
	at org.apache.catalina.authenticator.AuthenticatorBase.invoke(AuthenticatorBase.java:542)
	at org.apache.catalina.core.StandardHostValve.invoke(StandardHostValve.java:143)
	at org.apache.catalina.valves.ErrorReportValve.invoke(ErrorReportValve.java:92)
	at org.apache.catalina.core.StandardEngineValve.invoke(StandardEngineValve.java:78)
	at org.apache.catalina.connector.CoyoteAdapter.service(CoyoteAdapter.java:357)
	at org.apache.coyote.http11.Http11Processor.service(Http11Processor.java:374)
	at org.apache.coyote.AbstractProcessorLight.process(AbstractProcessorLight.java:65)
	at org.apache.coyote.AbstractProtocol$ConnectionHandler.process(AbstractProtocol.java:893)
	at org.apache.tomcat.util.net.NioEndpoint$SocketProcessor.doRun(NioEndpoint.java:1707)
	at org.apache.tomcat.util.net.SocketProcessorBase.run(SocketProcessorBase.java:49)
	at java.base/java.util.concurrent.ThreadPoolExecutor.runWorker(ThreadPoolExecutor.java:1128)
	at java.base/java.util.concurrent.ThreadPoolExecutor$Worker.run(ThreadPoolExecutor.java:628)
	at org.apache.tomcat.util.threads.TaskThread$WrappingRunnable.run(TaskThread.java:61)
	at java.base/java.lang.Thread.run(Thread.java:834)
2022-11-08-17:55:12.420 ERROR [http-nio-8080-exec-5]-org.apache.juli.logging.DirectJDKLog:175>>Servlet.service() for servlet [dispatcherServlet] in context with path [] threw exception [Request processing failed; nested exception is java.lang.NullPointerException] with root cause
java.lang.NullPointerException: null
	at com.qfedu.fmmall.entity.UsersMsgVo.<init>(UsersMsgVo.java:55)
	at com.qfedu.fmmall.service.impl.ChatServiceImpl.getCustomer(ChatServiceImpl.java:327)
	at com.qfedu.fmmall.controller.ChatController.getCustomer(ChatController.java:79)
	at java.base/jdk.internal.reflect.NativeMethodAccessorImpl.invoke0(Native Method)
	at java.base/jdk.internal.reflect.NativeMethodAccessorImpl.invoke(NativeMethodAccessorImpl.java:62)
	at java.base/jdk.internal.reflect.DelegatingMethodAccessorImpl.invoke(DelegatingMethodAccessorImpl.java:43)
	at java.base/java.lang.reflect.Method.invoke(Method.java:566)
	at org.springframework.web.method.support.InvocableHandlerMethod.doInvoke(InvocableHandlerMethod.java:197)
	at org.springframework.web.method.support.InvocableHandlerMethod.invokeForRequest(InvocableHandlerMethod.java:141)
	at org.springframework.web.servlet.mvc.method.annotation.ServletInvocableHandlerMethod.invokeAndHandle(ServletInvocableHandlerMethod.java:106)
	at org.springframework.web.servlet.mvc.method.annotation.RequestMappingHandlerAdapter.invokeHandlerMethod(RequestMappingHandlerAdapter.java:894)
	at org.springframework.web.servlet.mvc.method.annotation.RequestMappingHandlerAdapter.handleInternal(RequestMappingHandlerAdapter.java:808)
	at org.springframework.web.servlet.mvc.method.AbstractHandlerMethodAdapter.handle(AbstractHandlerMethodAdapter.java:87)
	at org.springframework.web.servlet.DispatcherServlet.doDispatch(DispatcherServlet.java:1060)
	at org.springframework.web.servlet.DispatcherServlet.doService(DispatcherServlet.java:962)
	at org.springframework.web.servlet.FrameworkServlet.processRequest(FrameworkServlet.java:1006)
	at org.springframework.web.servlet.FrameworkServlet.doGet(FrameworkServlet.java:898)
	at javax.servlet.http.HttpServlet.service(HttpServlet.java:626)
	at org.springframework.web.servlet.FrameworkServlet.service(FrameworkServlet.java:883)
	at javax.servlet.http.HttpServlet.service(HttpServlet.java:733)
	at org.apache.catalina.core.ApplicationFilterChain.internalDoFilter(ApplicationFilterChain.java:227)
	at org.apache.catalina.core.ApplicationFilterChain.doFilter(ApplicationFilterChain.java:162)
	at org.apache.tomcat.websocket.server.WsFilter.doFilter(WsFilter.java:53)
	at org.apache.catalina.core.ApplicationFilterChain.internalDoFilter(ApplicationFilterChain.java:189)
	at org.apache.catalina.core.ApplicationFilterChain.doFilter(ApplicationFilterChain.java:162)
	at org.springframework.web.filter.RequestContextFilter.doFilterInternal(RequestContextFilter.java:100)
	at org.springframework.web.filter.OncePerRequestFilter.doFilter(OncePerRequestFilter.java:119)
	at org.apache.catalina.core.ApplicationFilterChain.internalDoFilter(ApplicationFilterChain.java:189)
	at org.apache.catalina.core.ApplicationFilterChain.doFilter(ApplicationFilterChain.java:162)
	at org.springframework.web.filter.FormContentFilter.doFilterInternal(FormContentFilter.java:93)
	at org.springframework.web.filter.OncePerRequestFilter.doFilter(OncePerRequestFilter.java:119)
	at org.apache.catalina.core.ApplicationFilterChain.internalDoFilter(ApplicationFilterChain.java:189)
	at org.apache.catalina.core.ApplicationFilterChain.doFilter(ApplicationFilterChain.java:162)
	at org.springframework.web.filter.CharacterEncodingFilter.doFilterInternal(CharacterEncodingFilter.java:201)
	at org.springframework.web.filter.OncePerRequestFilter.doFilter(OncePerRequestFilter.java:119)
	at org.apache.catalina.core.ApplicationFilterChain.internalDoFilter(ApplicationFilterChain.java:189)
	at org.apache.catalina.core.ApplicationFilterChain.doFilter(ApplicationFilterChain.java:162)
	at org.apache.catalina.core.StandardWrapperValve.invoke(StandardWrapperValve.java:202)
	at org.apache.catalina.core.StandardContextValve.invoke(StandardContextValve.java:97)
	at org.apache.catalina.authenticator.AuthenticatorBase.invoke(AuthenticatorBase.java:542)
	at org.apache.catalina.core.StandardHostValve.invoke(StandardHostValve.java:143)
	at org.apache.catalina.valves.ErrorReportValve.invoke(ErrorReportValve.java:92)
	at org.apache.catalina.core.StandardEngineValve.invoke(StandardEngineValve.java:78)
	at org.apache.catalina.connector.CoyoteAdapter.service(CoyoteAdapter.java:357)
	at org.apache.coyote.http11.Http11Processor.service(Http11Processor.java:374)
	at org.apache.coyote.AbstractProcessorLight.process(AbstractProcessorLight.java:65)
	at org.apache.coyote.AbstractProtocol$ConnectionHandler.process(AbstractProtocol.java:893)
	at org.apache.tomcat.util.net.NioEndpoint$SocketProcessor.doRun(NioEndpoint.java:1707)
	at org.apache.tomcat.util.net.SocketProcessorBase.run(SocketProcessorBase.java:49)
	at java.base/java.util.concurrent.ThreadPoolExecutor.runWorker(ThreadPoolExecutor.java:1128)
	at java.base/java.util.concurrent.ThreadPoolExecutor$Worker.run(ThreadPoolExecutor.java:628)
	at org.apache.tomcat.util.threads.TaskThread$WrappingRunnable.run(TaskThread.java:61)
	at java.base/java.lang.Thread.run(Thread.java:834)
2022-11-08-17:56:30.360 INFO [main]-org.springframework.boot.StartupInfoLogger:55>>Starting ApiApplication using Java 11.0.7 on LAPTOP-Q2EAS1OC with PID 1508 (D:\Users\ASUS\Desktop\CPSForSupermarket\api\target\classes started by ASUS in D:\Users\ASUS\Desktop\CPSForSupermarket)
2022-11-08-17:56:30.360 INFO [main]-org.springframework.boot.SpringApplication:662>>No active profile set, falling back to default profiles: default
2022-11-08-17:56:31.474 WARN [main]-org.mybatis.logging.Logger:44>>No MyBatis mapper was found in '[com.qfedu.fmmall]' package. Please check your configuration.
2022-11-08-17:56:31.710 INFO [main]-org.springframework.context.support.PostProcessorRegistrationDelegate$BeanPostProcessorChecker:376>>Bean 'spring.datasource.dynamic-com.baomidou.dynamic.datasource.spring.boot.autoconfigure.DynamicDataSourceProperties' of type [com.baomidou.dynamic.datasource.spring.boot.autoconfigure.DynamicDataSourceProperties] is not eligible for getting processed by all BeanPostProcessors (for example: not eligible for auto-proxying)
2022-11-08-17:56:31.710 INFO [main]-org.springframework.context.support.PostProcessorRegistrationDelegate$BeanPostProcessorChecker:376>>Bean 'com.baomidou.dynamic.datasource.spring.boot.autoconfigure.DynamicDataSourceAutoConfiguration' of type [com.baomidou.dynamic.datasource.spring.boot.autoconfigure.DynamicDataSourceAutoConfiguration$$EnhancerBySpringCGLIB$$d96c7d7a] is not eligible for getting processed by all BeanPostProcessors (for example: not eligible for auto-proxying)
2022-11-08-17:56:31.725 INFO [main]-org.springframework.context.support.PostProcessorRegistrationDelegate$BeanPostProcessorChecker:376>>Bean 'dsProcessor' of type [com.baomidou.dynamic.datasource.processor.DsHeaderProcessor] is not eligible for getting processed by all BeanPostProcessors (for example: not eligible for auto-proxying)
2022-11-08-17:56:31.725 INFO [main]-org.springframework.context.support.PostProcessorRegistrationDelegate$BeanPostProcessorChecker:376>>Bean 'dynamicDatasourceAnnotationAdvisor' of type [com.baomidou.dynamic.datasource.aop.DynamicDataSourceAnnotationAdvisor] is not eligible for getting processed by all BeanPostProcessors (for example: not eligible for auto-proxying)
2022-11-08-17:56:32.008 INFO [main]-org.springframework.boot.web.embedded.tomcat.TomcatWebServer:108>>Tomcat initialized with port(s): 8080 (http)
2022-11-08-17:56:32.023 INFO [main]-org.apache.juli.logging.DirectJDKLog:173>>Initializing ProtocolHandler ["http-nio-8080"]
2022-11-08-17:56:32.023 INFO [main]-org.apache.juli.logging.DirectJDKLog:173>>Starting service [Tomcat]
2022-11-08-17:56:32.023 INFO [main]-org.apache.juli.logging.DirectJDKLog:173>>Starting Servlet engine: [Apache Tomcat/9.0.44]
2022-11-08-17:56:32.023 INFO [main]-org.apache.juli.logging.DirectJDKLog:173>>Loaded Apache Tomcat Native library [1.2.23] using APR version [1.7.0].
2022-11-08-17:56:32.023 INFO [main]-org.apache.juli.logging.DirectJDKLog:173>>APR capabilities: IPv6 [true], sendfile [true], accept filters [false], random [true].
2022-11-08-17:56:32.023 INFO [main]-org.apache.juli.logging.DirectJDKLog:173>>APR/OpenSSL configuration: useAprConnector [false], useOpenSSL [true]
2022-11-08-17:56:32.023 INFO [main]-org.apache.juli.logging.DirectJDKLog:173>>OpenSSL successfully initialized [OpenSSL 1.1.1c  28 May 2019]
2022-11-08-17:56:32.118 INFO [main]-org.apache.juli.logging.DirectJDKLog:173>>Initializing Spring embedded WebApplicationContext
2022-11-08-17:56:32.118 INFO [main]-org.springframework.boot.web.servlet.context.ServletWebServerApplicationContext:289>>Root WebApplicationContext: initialization completed in 1695 ms
2022-11-08-17:56:32.196 INFO [main]-com.alibaba.druid.spring.boot.autoconfigure.DruidDataSourceAutoConfigure:56>>Init DruidDataSource
2022-11-08-17:56:32.290 INFO [main]-com.alibaba.druid.pool.DruidDataSource:994>>{dataSource-1} inited
2022-11-08-17:56:32.808 WARN [main]-tk.mybatis.mapper.mapperhelper.resolve.DefaultEntityResolve:154>>通用 Mapper 警告信息: <[EntityColumn{table=friend_list, property='onlineStatus', column='online_status', javaType=char, jdbcType=null, typeHandler=null, id=false, identity=false, blob=false, generator='null', orderBy='null', orderPriority='0', insertable=true, updatable=true, order=DEFAULT}]> 使用了基本类型，基本类型在动态 SQL 中由于存在默认值，因此任何时候都不等于 null，建议修改基本类型为对应的包装类型!
2022-11-08-17:56:32.808 WARN [main]-tk.mybatis.mapper.mapperhelper.resolve.DefaultEntityResolve:154>>通用 Mapper 警告信息: <[EntityColumn{table=friend_list, property='deleteStatus', column='delete_status', javaType=char, jdbcType=null, typeHandler=null, id=false, identity=false, blob=false, generator='null', orderBy='null', orderPriority='0', insertable=true, updatable=true, order=DEFAULT}]> 使用了基本类型，基本类型在动态 SQL 中由于存在默认值，因此任何时候都不等于 null，建议修改基本类型为对应的包装类型!
2022-11-08-17:56:33.341 WARN [main]-tk.mybatis.mapper.mapperhelper.resolve.DefaultEntityResolve:154>>通用 Mapper 警告信息: <[EntityColumn{table=goods_return_apply, property='returnType', column='return_type', javaType=char, jdbcType=null, typeHandler=null, id=false, identity=false, blob=false, generator='null', orderBy='null', orderPriority='0', insertable=true, updatable=true, order=DEFAULT}]> 使用了基本类型，基本类型在动态 SQL 中由于存在默认值，因此任何时候都不等于 null，建议修改基本类型为对应的包装类型!
2022-11-08-17:56:33.341 WARN [main]-tk.mybatis.mapper.mapperhelper.resolve.DefaultEntityResolve:154>>通用 Mapper 警告信息: <[EntityColumn{table=goods_return_apply, property='returnApproach', column='return_approach', javaType=char, jdbcType=null, typeHandler=null, id=false, identity=false, blob=false, generator='null', orderBy='null', orderPriority='0', insertable=true, updatable=true, order=DEFAULT}]> 使用了基本类型，基本类型在动态 SQL 中由于存在默认值，因此任何时候都不等于 null，建议修改基本类型为对应的包装类型!
2022-11-08-17:56:33.341 WARN [main]-tk.mybatis.mapper.mapperhelper.resolve.DefaultEntityResolve:154>>通用 Mapper 警告信息: <[EntityColumn{table=goods_return_apply, property='auditStatus', column='audit_status', javaType=char, jdbcType=null, typeHandler=null, id=false, identity=false, blob=false, generator='null', orderBy='null', orderPriority='0', insertable=true, updatable=true, order=DEFAULT}]> 使用了基本类型，基本类型在动态 SQL 中由于存在默认值，因此任何时候都不等于 null，建议修改基本类型为对应的包装类型!
2022-11-08-17:56:33.749 INFO [main]-springfox.documentation.spring.web.PropertySourcedRequestMappingHandlerMapping:69>>Mapped URL path [/v2/api-docs] onto method [springfox.documentation.swagger2.web.Swagger2Controller#getDocumentation(String, HttpServletRequest)]
2022-11-08-17:56:33.855 INFO [main]-org.springframework.scheduling.concurrent.ExecutorConfigurationSupport:181>>Initializing ExecutorService 'applicationTaskExecutor'
2022-11-08-17:56:33.969 INFO [main]-com.baomidou.dynamic.datasource.DynamicDataSourceCreator:113>>动态数据源-检测到druid存在,如配置中未指定type,druid会默认配置
2022-11-08-17:56:33.969 INFO [main]-tk.mybatis.mapper.autoconfigure.MapperCacheDisabler:60>>Clear tk.mybatis.mapper.util.MsUtil CLASS_CACHE cache.
2022-11-08-17:56:33.969 INFO [main]-tk.mybatis.mapper.autoconfigure.MapperCacheDisabler:60>>Clear tk.mybatis.mapper.genid.GenIdUtil CACHE cache.
2022-11-08-17:56:33.969 INFO [main]-tk.mybatis.mapper.autoconfigure.MapperCacheDisabler:60>>Clear tk.mybatis.mapper.version.VersionUtil CACHE cache.
2022-11-08-17:56:33.969 INFO [main]-tk.mybatis.mapper.autoconfigure.MapperCacheDisabler:83>>Clear EntityHelper entityTableMap cache.
2022-11-08-17:56:34.032 INFO [main]-org.quartz.impl.StdSchedulerFactory:1220>>Using default implementation for ThreadExecutor
2022-11-08-17:56:34.048 INFO [main]-org.quartz.core.SchedulerSignalerImpl:61>>Initialized Scheduler Signaller of type: class org.quartz.core.SchedulerSignalerImpl
2022-11-08-17:56:34.048 INFO [main]-org.quartz.core.QuartzScheduler:229>>Quartz Scheduler v.2.3.2 created.
2022-11-08-17:56:34.048 INFO [main]-org.quartz.simpl.RAMJobStore:155>>RAMJobStore initialized.
2022-11-08-17:56:34.056 INFO [main]-org.quartz.core.QuartzScheduler:294>>Scheduler meta-data: Quartz Scheduler (v2.3.2) 'quartzScheduler' with instanceId 'NON_CLUSTERED'
  Scheduler class: 'org.quartz.core.QuartzScheduler' - running locally.
  NOT STARTED.
  Currently in standby mode.
  Number of jobs executed: 0
  Using thread pool 'org.quartz.simpl.SimpleThreadPool' - with 10 threads.
  Using job-store 'org.quartz.simpl.RAMJobStore' - which does not support persistence. and is not clustered.

2022-11-08-17:56:34.056 INFO [main]-org.quartz.impl.StdSchedulerFactory:1374>>Quartz scheduler 'quartzScheduler' initialized from an externally provided properties instance.
2022-11-08-17:56:34.056 INFO [main]-org.quartz.impl.StdSchedulerFactory:1378>>Quartz scheduler version: 2.3.2
2022-11-08-17:56:34.056 INFO [main]-org.quartz.core.QuartzScheduler:2293>>JobFactory set to: org.springframework.scheduling.quartz.SpringBeanJobFactory@3909a854
2022-11-08-17:56:34.064 INFO [main]-org.springframework.scheduling.concurrent.ExecutorConfigurationSupport:181>>Initializing ExecutorService 'taskScheduler'
2022-11-08-17:56:34.111 INFO [main]-org.apache.juli.logging.DirectJDKLog:173>>Starting ProtocolHandler ["http-nio-8080"]
2022-11-08-17:56:34.126 INFO [main]-org.springframework.boot.web.embedded.tomcat.TomcatWebServer:220>>Tomcat started on port(s): 8080 (http) with context path ''
2022-11-08-17:56:34.126 INFO [main]-springfox.documentation.spring.web.plugins.DocumentationPluginsBootstrapper:160>>Context refreshed
2022-11-08-17:56:34.142 INFO [main]-springfox.documentation.spring.web.plugins.DocumentationPluginsBootstrapper:163>>Found 1 custom documentation plugin(s)
2022-11-08-17:56:34.158 INFO [main]-springfox.documentation.spring.web.scanners.ApiListingReferenceScanner:41>>Scanning for api listing references
2022-11-08-17:56:34.330 INFO [main]-springfox.documentation.spring.web.readers.operation.CachingOperationNameGenerator:40>>Generating unique operation named: sendImgUsingPUT_1
2022-11-08-17:56:34.346 INFO [main]-springfox.documentation.spring.web.readers.operation.CachingOperationNameGenerator:40>>Generating unique operation named: deleteOrderUsingPUT_1
2022-11-08-17:56:34.362 INFO [main]-springfox.documentation.spring.web.readers.operation.CachingOperationNameGenerator:40>>Generating unique operation named: listUsingGET_1
2022-11-08-17:56:34.362 INFO [main]-springfox.documentation.spring.web.readers.operation.CachingOperationNameGenerator:40>>Generating unique operation named: deleteAddressUsingDELETE_1
2022-11-08-17:56:34.378 INFO [main]-springfox.documentation.spring.web.readers.operation.CachingOperationNameGenerator:40>>Generating unique operation named: getUserByDetailUsingGET_1
2022-11-08-17:56:34.393 INFO [main]-org.springframework.scheduling.quartz.SchedulerFactoryBean:727>>Starting Quartz Scheduler now
2022-11-08-17:56:34.393 INFO [main]-org.quartz.core.QuartzScheduler:547>>Scheduler quartzScheduler_$_NON_CLUSTERED started.
2022-11-08-17:56:34.409 INFO [main]-org.springframework.boot.StartupInfoLogger:61>>Started ApiApplication in 4.912 seconds (JVM running for 6.793)
2022-11-08-17:56:59.227 INFO [http-nio-8080-exec-2]-org.apache.juli.logging.DirectJDKLog:173>>Initializing Spring DispatcherServlet 'dispatcherServlet'
2022-11-08-17:56:59.228 INFO [http-nio-8080-exec-2]-org.springframework.web.servlet.FrameworkServlet:525>>Initializing Servlet 'dispatcherServlet'
2022-11-08-17:56:59.229 INFO [http-nio-8080-exec-2]-org.springframework.web.servlet.FrameworkServlet:547>>Completed initialization in 1 ms
2022-11-08-17:56:59.711 ERROR [http-nio-8080-exec-2]-org.apache.juli.logging.DirectJDKLog:175>>Servlet.service() for servlet [dispatcherServlet] in context with path [] threw exception [Request processing failed; nested exception is java.lang.NullPointerException] with root cause
java.lang.NullPointerException: null
	at com.qfedu.fmmall.entity.UsersMsgVo.<init>(UsersMsgVo.java:55)
	at com.qfedu.fmmall.service.impl.ChatServiceImpl.getCustomer(ChatServiceImpl.java:328)
	at com.qfedu.fmmall.controller.ChatController.getCustomer(ChatController.java:79)
	at java.base/jdk.internal.reflect.NativeMethodAccessorImpl.invoke0(Native Method)
	at java.base/jdk.internal.reflect.NativeMethodAccessorImpl.invoke(NativeMethodAccessorImpl.java:62)
	at java.base/jdk.internal.reflect.DelegatingMethodAccessorImpl.invoke(DelegatingMethodAccessorImpl.java:43)
	at java.base/java.lang.reflect.Method.invoke(Method.java:566)
	at org.springframework.web.method.support.InvocableHandlerMethod.doInvoke(InvocableHandlerMethod.java:197)
	at org.springframework.web.method.support.InvocableHandlerMethod.invokeForRequest(InvocableHandlerMethod.java:141)
	at org.springframework.web.servlet.mvc.method.annotation.ServletInvocableHandlerMethod.invokeAndHandle(ServletInvocableHandlerMethod.java:106)
	at org.springframework.web.servlet.mvc.method.annotation.RequestMappingHandlerAdapter.invokeHandlerMethod(RequestMappingHandlerAdapter.java:894)
	at org.springframework.web.servlet.mvc.method.annotation.RequestMappingHandlerAdapter.handleInternal(RequestMappingHandlerAdapter.java:808)
	at org.springframework.web.servlet.mvc.method.AbstractHandlerMethodAdapter.handle(AbstractHandlerMethodAdapter.java:87)
	at org.springframework.web.servlet.DispatcherServlet.doDispatch(DispatcherServlet.java:1060)
	at org.springframework.web.servlet.DispatcherServlet.doService(DispatcherServlet.java:962)
	at org.springframework.web.servlet.FrameworkServlet.processRequest(FrameworkServlet.java:1006)
	at org.springframework.web.servlet.FrameworkServlet.doGet(FrameworkServlet.java:898)
	at javax.servlet.http.HttpServlet.service(HttpServlet.java:626)
	at org.springframework.web.servlet.FrameworkServlet.service(FrameworkServlet.java:883)
	at javax.servlet.http.HttpServlet.service(HttpServlet.java:733)
	at org.apache.catalina.core.ApplicationFilterChain.internalDoFilter(ApplicationFilterChain.java:227)
	at org.apache.catalina.core.ApplicationFilterChain.doFilter(ApplicationFilterChain.java:162)
	at org.apache.tomcat.websocket.server.WsFilter.doFilter(WsFilter.java:53)
	at org.apache.catalina.core.ApplicationFilterChain.internalDoFilter(ApplicationFilterChain.java:189)
	at org.apache.catalina.core.ApplicationFilterChain.doFilter(ApplicationFilterChain.java:162)
	at org.springframework.web.filter.RequestContextFilter.doFilterInternal(RequestContextFilter.java:100)
	at org.springframework.web.filter.OncePerRequestFilter.doFilter(OncePerRequestFilter.java:119)
	at org.apache.catalina.core.ApplicationFilterChain.internalDoFilter(ApplicationFilterChain.java:189)
	at org.apache.catalina.core.ApplicationFilterChain.doFilter(ApplicationFilterChain.java:162)
	at org.springframework.web.filter.FormContentFilter.doFilterInternal(FormContentFilter.java:93)
	at org.springframework.web.filter.OncePerRequestFilter.doFilter(OncePerRequestFilter.java:119)
	at org.apache.catalina.core.ApplicationFilterChain.internalDoFilter(ApplicationFilterChain.java:189)
	at org.apache.catalina.core.ApplicationFilterChain.doFilter(ApplicationFilterChain.java:162)
	at org.springframework.web.filter.CharacterEncodingFilter.doFilterInternal(CharacterEncodingFilter.java:201)
	at org.springframework.web.filter.OncePerRequestFilter.doFilter(OncePerRequestFilter.java:119)
	at org.apache.catalina.core.ApplicationFilterChain.internalDoFilter(ApplicationFilterChain.java:189)
	at org.apache.catalina.core.ApplicationFilterChain.doFilter(ApplicationFilterChain.java:162)
	at org.apache.catalina.core.StandardWrapperValve.invoke(StandardWrapperValve.java:202)
	at org.apache.catalina.core.StandardContextValve.invoke(StandardContextValve.java:97)
	at org.apache.catalina.authenticator.AuthenticatorBase.invoke(AuthenticatorBase.java:542)
	at org.apache.catalina.core.StandardHostValve.invoke(StandardHostValve.java:143)
	at org.apache.catalina.valves.ErrorReportValve.invoke(ErrorReportValve.java:92)
	at org.apache.catalina.core.StandardEngineValve.invoke(StandardEngineValve.java:78)
	at org.apache.catalina.connector.CoyoteAdapter.service(CoyoteAdapter.java:357)
	at org.apache.coyote.http11.Http11Processor.service(Http11Processor.java:374)
	at org.apache.coyote.AbstractProcessorLight.process(AbstractProcessorLight.java:65)
	at org.apache.coyote.AbstractProtocol$ConnectionHandler.process(AbstractProtocol.java:893)
	at org.apache.tomcat.util.net.NioEndpoint$SocketProcessor.doRun(NioEndpoint.java:1707)
	at org.apache.tomcat.util.net.SocketProcessorBase.run(SocketProcessorBase.java:49)
	at java.base/java.util.concurrent.ThreadPoolExecutor.runWorker(ThreadPoolExecutor.java:1128)
	at java.base/java.util.concurrent.ThreadPoolExecutor$Worker.run(ThreadPoolExecutor.java:628)
	at org.apache.tomcat.util.threads.TaskThread$WrappingRunnable.run(TaskThread.java:61)
	at java.base/java.lang.Thread.run(Thread.java:834)
2022-11-08-17:59:18.429 INFO [main]-org.springframework.boot.StartupInfoLogger:55>>Starting ApiApplication using Java 11.0.7 on LAPTOP-Q2EAS1OC with PID 8336 (D:\Users\ASUS\Desktop\CPSForSupermarket\api\target\classes started by ASUS in D:\Users\ASUS\Desktop\CPSForSupermarket)
2022-11-08-17:59:18.445 INFO [main]-org.springframework.boot.SpringApplication:662>>No active profile set, falling back to default profiles: default
2022-11-08-17:59:19.669 WARN [main]-org.mybatis.logging.Logger:44>>No MyBatis mapper was found in '[com.qfedu.fmmall]' package. Please check your configuration.
2022-11-08-17:59:19.873 INFO [main]-org.springframework.context.support.PostProcessorRegistrationDelegate$BeanPostProcessorChecker:376>>Bean 'spring.datasource.dynamic-com.baomidou.dynamic.datasource.spring.boot.autoconfigure.DynamicDataSourceProperties' of type [com.baomidou.dynamic.datasource.spring.boot.autoconfigure.DynamicDataSourceProperties] is not eligible for getting processed by all BeanPostProcessors (for example: not eligible for auto-proxying)
2022-11-08-17:59:19.873 INFO [main]-org.springframework.context.support.PostProcessorRegistrationDelegate$BeanPostProcessorChecker:376>>Bean 'com.baomidou.dynamic.datasource.spring.boot.autoconfigure.DynamicDataSourceAutoConfiguration' of type [com.baomidou.dynamic.datasource.spring.boot.autoconfigure.DynamicDataSourceAutoConfiguration$$EnhancerBySpringCGLIB$$4e8652b0] is not eligible for getting processed by all BeanPostProcessors (for example: not eligible for auto-proxying)
2022-11-08-17:59:19.889 INFO [main]-org.springframework.context.support.PostProcessorRegistrationDelegate$BeanPostProcessorChecker:376>>Bean 'dsProcessor' of type [com.baomidou.dynamic.datasource.processor.DsHeaderProcessor] is not eligible for getting processed by all BeanPostProcessors (for example: not eligible for auto-proxying)
2022-11-08-17:59:19.889 INFO [main]-org.springframework.context.support.PostProcessorRegistrationDelegate$BeanPostProcessorChecker:376>>Bean 'dynamicDatasourceAnnotationAdvisor' of type [com.baomidou.dynamic.datasource.aop.DynamicDataSourceAnnotationAdvisor] is not eligible for getting processed by all BeanPostProcessors (for example: not eligible for auto-proxying)
2022-11-08-17:59:20.093 INFO [main]-org.springframework.boot.web.embedded.tomcat.TomcatWebServer:108>>Tomcat initialized with port(s): 8080 (http)
2022-11-08-17:59:20.109 INFO [main]-org.apache.juli.logging.DirectJDKLog:173>>Initializing ProtocolHandler ["http-nio-8080"]
2022-11-08-17:59:20.109 INFO [main]-org.apache.juli.logging.DirectJDKLog:173>>Starting service [Tomcat]
2022-11-08-17:59:20.109 INFO [main]-org.apache.juli.logging.DirectJDKLog:173>>Starting Servlet engine: [Apache Tomcat/9.0.44]
2022-11-08-17:59:20.124 INFO [main]-org.apache.juli.logging.DirectJDKLog:173>>Loaded Apache Tomcat Native library [1.2.23] using APR version [1.7.0].
2022-11-08-17:59:20.124 INFO [main]-org.apache.juli.logging.DirectJDKLog:173>>APR capabilities: IPv6 [true], sendfile [true], accept filters [false], random [true].
2022-11-08-17:59:20.124 INFO [main]-org.apache.juli.logging.DirectJDKLog:173>>APR/OpenSSL configuration: useAprConnector [false], useOpenSSL [true]
2022-11-08-17:59:20.124 INFO [main]-org.apache.juli.logging.DirectJDKLog:173>>OpenSSL successfully initialized [OpenSSL 1.1.1c  28 May 2019]
2022-11-08-17:59:20.233 INFO [main]-org.apache.juli.logging.DirectJDKLog:173>>Initializing Spring embedded WebApplicationContext
2022-11-08-17:59:20.233 INFO [main]-org.springframework.boot.web.servlet.context.ServletWebServerApplicationContext:289>>Root WebApplicationContext: initialization completed in 1709 ms
2022-11-08-17:59:20.312 INFO [main]-com.alibaba.druid.spring.boot.autoconfigure.DruidDataSourceAutoConfigure:56>>Init DruidDataSource
2022-11-08-17:59:20.437 INFO [main]-com.alibaba.druid.pool.DruidDataSource:994>>{dataSource-1} inited
2022-11-08-17:59:21.003 WARN [main]-tk.mybatis.mapper.mapperhelper.resolve.DefaultEntityResolve:154>>通用 Mapper 警告信息: <[EntityColumn{table=friend_list, property='onlineStatus', column='online_status', javaType=char, jdbcType=null, typeHandler=null, id=false, identity=false, blob=false, generator='null', orderBy='null', orderPriority='0', insertable=true, updatable=true, order=DEFAULT}]> 使用了基本类型，基本类型在动态 SQL 中由于存在默认值，因此任何时候都不等于 null，建议修改基本类型为对应的包装类型!
2022-11-08-17:59:21.003 WARN [main]-tk.mybatis.mapper.mapperhelper.resolve.DefaultEntityResolve:154>>通用 Mapper 警告信息: <[EntityColumn{table=friend_list, property='deleteStatus', column='delete_status', javaType=char, jdbcType=null, typeHandler=null, id=false, identity=false, blob=false, generator='null', orderBy='null', orderPriority='0', insertable=true, updatable=true, order=DEFAULT}]> 使用了基本类型，基本类型在动态 SQL 中由于存在默认值，因此任何时候都不等于 null，建议修改基本类型为对应的包装类型!
2022-11-08-17:59:21.458 WARN [main]-tk.mybatis.mapper.mapperhelper.resolve.DefaultEntityResolve:154>>通用 Mapper 警告信息: <[EntityColumn{table=goods_return_apply, property='returnType', column='return_type', javaType=char, jdbcType=null, typeHandler=null, id=false, identity=false, blob=false, generator='null', orderBy='null', orderPriority='0', insertable=true, updatable=true, order=DEFAULT}]> 使用了基本类型，基本类型在动态 SQL 中由于存在默认值，因此任何时候都不等于 null，建议修改基本类型为对应的包装类型!
2022-11-08-17:59:21.458 WARN [main]-tk.mybatis.mapper.mapperhelper.resolve.DefaultEntityResolve:154>>通用 Mapper 警告信息: <[EntityColumn{table=goods_return_apply, property='returnApproach', column='return_approach', javaType=char, jdbcType=null, typeHandler=null, id=false, identity=false, blob=false, generator='null', orderBy='null', orderPriority='0', insertable=true, updatable=true, order=DEFAULT}]> 使用了基本类型，基本类型在动态 SQL 中由于存在默认值，因此任何时候都不等于 null，建议修改基本类型为对应的包装类型!
2022-11-08-17:59:21.458 WARN [main]-tk.mybatis.mapper.mapperhelper.resolve.DefaultEntityResolve:154>>通用 Mapper 警告信息: <[EntityColumn{table=goods_return_apply, property='auditStatus', column='audit_status', javaType=char, jdbcType=null, typeHandler=null, id=false, identity=false, blob=false, generator='null', orderBy='null', orderPriority='0', insertable=true, updatable=true, order=DEFAULT}]> 使用了基本类型，基本类型在动态 SQL 中由于存在默认值，因此任何时候都不等于 null，建议修改基本类型为对应的包装类型!
2022-11-08-17:59:21.819 INFO [main]-springfox.documentation.spring.web.PropertySourcedRequestMappingHandlerMapping:69>>Mapped URL path [/v2/api-docs] onto method [springfox.documentation.swagger2.web.Swagger2Controller#getDocumentation(String, HttpServletRequest)]
2022-11-08-17:59:21.913 INFO [main]-org.springframework.scheduling.concurrent.ExecutorConfigurationSupport:181>>Initializing ExecutorService 'applicationTaskExecutor'
2022-11-08-17:59:22.007 INFO [main]-com.baomidou.dynamic.datasource.DynamicDataSourceCreator:113>>动态数据源-检测到druid存在,如配置中未指定type,druid会默认配置
2022-11-08-17:59:22.023 INFO [main]-tk.mybatis.mapper.autoconfigure.MapperCacheDisabler:60>>Clear tk.mybatis.mapper.util.MsUtil CLASS_CACHE cache.
2022-11-08-17:59:22.023 INFO [main]-tk.mybatis.mapper.autoconfigure.MapperCacheDisabler:60>>Clear tk.mybatis.mapper.genid.GenIdUtil CACHE cache.
2022-11-08-17:59:22.023 INFO [main]-tk.mybatis.mapper.autoconfigure.MapperCacheDisabler:60>>Clear tk.mybatis.mapper.version.VersionUtil CACHE cache.
2022-11-08-17:59:22.023 INFO [main]-tk.mybatis.mapper.autoconfigure.MapperCacheDisabler:83>>Clear EntityHelper entityTableMap cache.
2022-11-08-17:59:22.070 INFO [main]-org.quartz.impl.StdSchedulerFactory:1220>>Using default implementation for ThreadExecutor
2022-11-08-17:59:22.070 INFO [main]-org.quartz.core.SchedulerSignalerImpl:61>>Initialized Scheduler Signaller of type: class org.quartz.core.SchedulerSignalerImpl
2022-11-08-17:59:22.070 INFO [main]-org.quartz.core.QuartzScheduler:229>>Quartz Scheduler v.2.3.2 created.
2022-11-08-17:59:22.070 INFO [main]-org.quartz.simpl.RAMJobStore:155>>RAMJobStore initialized.
2022-11-08-17:59:22.070 INFO [main]-org.quartz.core.QuartzScheduler:294>>Scheduler meta-data: Quartz Scheduler (v2.3.2) 'quartzScheduler' with instanceId 'NON_CLUSTERED'
  Scheduler class: 'org.quartz.core.QuartzScheduler' - running locally.
  NOT STARTED.
  Currently in standby mode.
  Number of jobs executed: 0
  Using thread pool 'org.quartz.simpl.SimpleThreadPool' - with 10 threads.
  Using job-store 'org.quartz.simpl.RAMJobStore' - which does not support persistence. and is not clustered.

2022-11-08-17:59:22.070 INFO [main]-org.quartz.impl.StdSchedulerFactory:1374>>Quartz scheduler 'quartzScheduler' initialized from an externally provided properties instance.
2022-11-08-17:59:22.070 INFO [main]-org.quartz.impl.StdSchedulerFactory:1378>>Quartz scheduler version: 2.3.2
2022-11-08-17:59:22.070 INFO [main]-org.quartz.core.QuartzScheduler:2293>>JobFactory set to: org.springframework.scheduling.quartz.SpringBeanJobFactory@1d1c63af
2022-11-08-17:59:22.086 INFO [main]-org.springframework.scheduling.concurrent.ExecutorConfigurationSupport:181>>Initializing ExecutorService 'taskScheduler'
2022-11-08-17:59:22.117 INFO [main]-org.apache.juli.logging.DirectJDKLog:173>>Starting ProtocolHandler ["http-nio-8080"]
2022-11-08-17:59:22.148 INFO [main]-org.springframework.boot.web.embedded.tomcat.TomcatWebServer:220>>Tomcat started on port(s): 8080 (http) with context path ''
2022-11-08-17:59:22.148 INFO [main]-springfox.documentation.spring.web.plugins.DocumentationPluginsBootstrapper:160>>Context refreshed
2022-11-08-17:59:22.165 INFO [main]-springfox.documentation.spring.web.plugins.DocumentationPluginsBootstrapper:163>>Found 1 custom documentation plugin(s)
2022-11-08-17:59:22.180 INFO [main]-springfox.documentation.spring.web.scanners.ApiListingReferenceScanner:41>>Scanning for api listing references
2022-11-08-17:59:22.352 INFO [main]-springfox.documentation.spring.web.readers.operation.CachingOperationNameGenerator:40>>Generating unique operation named: sendImgUsingPUT_1
2022-11-08-17:59:22.361 INFO [main]-springfox.documentation.spring.web.readers.operation.CachingOperationNameGenerator:40>>Generating unique operation named: deleteOrderUsingPUT_1
2022-11-08-17:59:22.369 INFO [main]-springfox.documentation.spring.web.readers.operation.CachingOperationNameGenerator:40>>Generating unique operation named: listUsingGET_1
2022-11-08-17:59:22.384 INFO [main]-springfox.documentation.spring.web.readers.operation.CachingOperationNameGenerator:40>>Generating unique operation named: deleteAddressUsingDELETE_1
2022-11-08-17:59:22.384 INFO [main]-springfox.documentation.spring.web.readers.operation.CachingOperationNameGenerator:40>>Generating unique operation named: getUserByDetailUsingGET_1
2022-11-08-17:59:22.400 INFO [main]-org.springframework.scheduling.quartz.SchedulerFactoryBean:727>>Starting Quartz Scheduler now
2022-11-08-17:59:22.400 INFO [main]-org.quartz.core.QuartzScheduler:547>>Scheduler quartzScheduler_$_NON_CLUSTERED started.
2022-11-08-17:59:22.415 INFO [main]-org.springframework.boot.StartupInfoLogger:61>>Started ApiApplication in 4.661 seconds (JVM running for 6.303)
