2022-10-28-11:02:35.963 INFO [http-nio-8080-exec-3]-org.apache.juli.logging.DirectJDKLog:173>>Initializing Spring DispatcherServlet 'dispatcherServlet'
2022-10-28-11:02:35.968 INFO [http-nio-8080-exec-3]-org.springframework.web.servlet.FrameworkServlet:525>>Initializing Servlet 'dispatcherServlet'
2022-10-28-11:02:35.969 INFO [http-nio-8080-exec-3]-org.springframework.web.servlet.FrameworkServlet:547>>Completed initialization in 1 ms
2022-10-28-11:02:36.113 INFO [http-nio-8080-exec-3]-com.qfedu.fmmall.controller.UserController:40>>eyJhbGciOiJIUzI1NiJ9.eyJrZXkxIjoidmFsdWUxIiwia2V5MiI6InZhbHVlMiIsImV4cCI6MTY2NzAxMjU1Nn0.B4JLFk6xypA7EkBaH8sdEsH2V1EjTVu224RqcmfUKTQ
2022-10-28-11:02:49.772 ERROR [http-nio-8080-exec-10]-org.apache.juli.logging.DirectJDKLog:175>>Servlet.service() for servlet [dispatcherServlet] in context with path [] threw exception [Request processing failed; nested exception is tk.mybatis.mapper.MapperException: 当前实体类不包含名为userId的属性!] with root cause
tk.mybatis.mapper.MapperException: 当前实体类不包含名为userId的属性!
	at tk.mybatis.mapper.entity.Example$GeneratedCriteria.column(Example.java:305)
	at tk.mybatis.mapper.entity.Example$GeneratedCriteria.andEqualTo(Example.java:408)
	at tk.mybatis.mapper.entity.Example$Criteria.andEqualTo(Example.java:699)
	at com.qfedu.fmmall.service.impl.ChatServiceImpl.userListDev(ChatServiceImpl.java:72)
	at com.qfedu.fmmall.controller.ChatController.userList(ChatController.java:73)
	at java.base/jdk.internal.reflect.NativeMethodAccessorImpl.invoke0(Native Method)
	at java.base/jdk.internal.reflect.NativeMethodAccessorImpl.invoke(NativeMethodAccessorImpl.java:62)
	at java.base/jdk.internal.reflect.DelegatingMethodAccessorImpl.invoke(DelegatingMethodAccessorImpl.java:43)
	at java.base/java.lang.reflect.Method.invoke(Method.java:566)
	at org.springframework.web.method.support.InvocableHandlerMethod.doInvoke(InvocableHandlerMethod.java:197)
	at org.springframework.web.method.support.InvocableHandlerMethod.invokeForRequest(InvocableHandlerMethod.java:141)
	at org.springframework.web.servlet.mvc.method.annotation.ServletInvocableHandlerMethod.invokeAndHandle(ServletInvocableHandlerMethod.java:106)
	at org.springframework.web.servlet.mvc.method.annotation.RequestMappingHandlerAdapter.invokeHandlerMethod(RequestMappingHandlerAdapter.java:894)
	at org.springframework.web.servlet.mvc.method.annotation.RequestMappingHandlerAdapter.handleInternal(RequestMappingHandlerAdapter.java:808)
	at org.springframework.web.servlet.mvc.method.AbstractHandlerMethodAdapter.handle(AbstractHandlerMethodAdapter.java:87)
	at org.springframework.web.servlet.DispatcherServlet.doDispatch(DispatcherServlet.java:1060)
	at org.springframework.web.servlet.DispatcherServlet.doService(DispatcherServlet.java:962)
	at org.springframework.web.servlet.FrameworkServlet.processRequest(FrameworkServlet.java:1006)
	at org.springframework.web.servlet.FrameworkServlet.doGet(FrameworkServlet.java:898)
	at javax.servlet.http.HttpServlet.service(HttpServlet.java:626)
	at org.springframework.web.servlet.FrameworkServlet.service(FrameworkServlet.java:883)
	at javax.servlet.http.HttpServlet.service(HttpServlet.java:733)
	at org.apache.catalina.core.ApplicationFilterChain.internalDoFilter(ApplicationFilterChain.java:227)
	at org.apache.catalina.core.ApplicationFilterChain.doFilter(ApplicationFilterChain.java:162)
	at org.apache.tomcat.websocket.server.WsFilter.doFilter(WsFilter.java:53)
	at org.apache.catalina.core.ApplicationFilterChain.internalDoFilter(ApplicationFilterChain.java:189)
	at org.apache.catalina.core.ApplicationFilterChain.doFilter(ApplicationFilterChain.java:162)
	at org.springframework.web.filter.RequestContextFilter.doFilterInternal(RequestContextFilter.java:100)
	at org.springframework.web.filter.OncePerRequestFilter.doFilter(OncePerRequestFilter.java:119)
	at org.apache.catalina.core.ApplicationFilterChain.internalDoFilter(ApplicationFilterChain.java:189)
	at org.apache.catalina.core.ApplicationFilterChain.doFilter(ApplicationFilterChain.java:162)
	at org.springframework.web.filter.FormContentFilter.doFilterInternal(FormContentFilter.java:93)
	at org.springframework.web.filter.OncePerRequestFilter.doFilter(OncePerRequestFilter.java:119)
	at org.apache.catalina.core.ApplicationFilterChain.internalDoFilter(ApplicationFilterChain.java:189)
	at org.apache.catalina.core.ApplicationFilterChain.doFilter(ApplicationFilterChain.java:162)
	at org.springframework.web.filter.CharacterEncodingFilter.doFilterInternal(CharacterEncodingFilter.java:201)
	at org.springframework.web.filter.OncePerRequestFilter.doFilter(OncePerRequestFilter.java:119)
	at org.apache.catalina.core.ApplicationFilterChain.internalDoFilter(ApplicationFilterChain.java:189)
	at org.apache.catalina.core.ApplicationFilterChain.doFilter(ApplicationFilterChain.java:162)
	at org.apache.catalina.core.StandardWrapperValve.invoke(StandardWrapperValve.java:202)
	at org.apache.catalina.core.StandardContextValve.invoke(StandardContextValve.java:97)
	at org.apache.catalina.authenticator.AuthenticatorBase.invoke(AuthenticatorBase.java:542)
	at org.apache.catalina.core.StandardHostValve.invoke(StandardHostValve.java:143)
	at org.apache.catalina.valves.ErrorReportValve.invoke(ErrorReportValve.java:92)
	at org.apache.catalina.core.StandardEngineValve.invoke(StandardEngineValve.java:78)
	at org.apache.catalina.connector.CoyoteAdapter.service(CoyoteAdapter.java:357)
	at org.apache.coyote.http11.Http11Processor.service(Http11Processor.java:374)
	at org.apache.coyote.AbstractProcessorLight.process(AbstractProcessorLight.java:65)
	at org.apache.coyote.AbstractProtocol$ConnectionHandler.process(AbstractProtocol.java:893)
	at org.apache.tomcat.util.net.NioEndpoint$SocketProcessor.doRun(NioEndpoint.java:1707)
	at org.apache.tomcat.util.net.SocketProcessorBase.run(SocketProcessorBase.java:49)
	at java.base/java.util.concurrent.ThreadPoolExecutor.runWorker(ThreadPoolExecutor.java:1128)
	at java.base/java.util.concurrent.ThreadPoolExecutor$Worker.run(ThreadPoolExecutor.java:628)
	at org.apache.tomcat.util.threads.TaskThread$WrappingRunnable.run(TaskThread.java:61)
	at java.base/java.lang.Thread.run(Thread.java:834)
2022-10-28-11:03:04.492 ERROR [http-nio-8080-exec-6]-org.apache.juli.logging.DirectJDKLog:175>>Servlet.service() for servlet [dispatcherServlet] in context with path [] threw exception [Request processing failed; nested exception is tk.mybatis.mapper.MapperException: 当前实体类不包含名为userId的属性!] with root cause
tk.mybatis.mapper.MapperException: 当前实体类不包含名为userId的属性!
	at tk.mybatis.mapper.entity.Example$GeneratedCriteria.column(Example.java:305)
	at tk.mybatis.mapper.entity.Example$GeneratedCriteria.andEqualTo(Example.java:408)
	at tk.mybatis.mapper.entity.Example$Criteria.andEqualTo(Example.java:699)
	at com.qfedu.fmmall.service.impl.ChatServiceImpl.userListDev(ChatServiceImpl.java:72)
	at com.qfedu.fmmall.controller.ChatController.userList(ChatController.java:73)
	at java.base/jdk.internal.reflect.NativeMethodAccessorImpl.invoke0(Native Method)
	at java.base/jdk.internal.reflect.NativeMethodAccessorImpl.invoke(NativeMethodAccessorImpl.java:62)
	at java.base/jdk.internal.reflect.DelegatingMethodAccessorImpl.invoke(DelegatingMethodAccessorImpl.java:43)
	at java.base/java.lang.reflect.Method.invoke(Method.java:566)
	at org.springframework.web.method.support.InvocableHandlerMethod.doInvoke(InvocableHandlerMethod.java:197)
	at org.springframework.web.method.support.InvocableHandlerMethod.invokeForRequest(InvocableHandlerMethod.java:141)
	at org.springframework.web.servlet.mvc.method.annotation.ServletInvocableHandlerMethod.invokeAndHandle(ServletInvocableHandlerMethod.java:106)
	at org.springframework.web.servlet.mvc.method.annotation.RequestMappingHandlerAdapter.invokeHandlerMethod(RequestMappingHandlerAdapter.java:894)
	at org.springframework.web.servlet.mvc.method.annotation.RequestMappingHandlerAdapter.handleInternal(RequestMappingHandlerAdapter.java:808)
	at org.springframework.web.servlet.mvc.method.AbstractHandlerMethodAdapter.handle(AbstractHandlerMethodAdapter.java:87)
	at org.springframework.web.servlet.DispatcherServlet.doDispatch(DispatcherServlet.java:1060)
	at org.springframework.web.servlet.DispatcherServlet.doService(DispatcherServlet.java:962)
	at org.springframework.web.servlet.FrameworkServlet.processRequest(FrameworkServlet.java:1006)
	at org.springframework.web.servlet.FrameworkServlet.doGet(FrameworkServlet.java:898)
	at javax.servlet.http.HttpServlet.service(HttpServlet.java:626)
	at org.springframework.web.servlet.FrameworkServlet.service(FrameworkServlet.java:883)
	at javax.servlet.http.HttpServlet.service(HttpServlet.java:733)
	at org.apache.catalina.core.ApplicationFilterChain.internalDoFilter(ApplicationFilterChain.java:227)
	at org.apache.catalina.core.ApplicationFilterChain.doFilter(ApplicationFilterChain.java:162)
	at org.apache.tomcat.websocket.server.WsFilter.doFilter(WsFilter.java:53)
	at org.apache.catalina.core.ApplicationFilterChain.internalDoFilter(ApplicationFilterChain.java:189)
	at org.apache.catalina.core.ApplicationFilterChain.doFilter(ApplicationFilterChain.java:162)
	at org.springframework.web.filter.RequestContextFilter.doFilterInternal(RequestContextFilter.java:100)
	at org.springframework.web.filter.OncePerRequestFilter.doFilter(OncePerRequestFilter.java:119)
	at org.apache.catalina.core.ApplicationFilterChain.internalDoFilter(ApplicationFilterChain.java:189)
	at org.apache.catalina.core.ApplicationFilterChain.doFilter(ApplicationFilterChain.java:162)
	at org.springframework.web.filter.FormContentFilter.doFilterInternal(FormContentFilter.java:93)
	at org.springframework.web.filter.OncePerRequestFilter.doFilter(OncePerRequestFilter.java:119)
	at org.apache.catalina.core.ApplicationFilterChain.internalDoFilter(ApplicationFilterChain.java:189)
	at org.apache.catalina.core.ApplicationFilterChain.doFilter(ApplicationFilterChain.java:162)
	at org.springframework.web.filter.CharacterEncodingFilter.doFilterInternal(CharacterEncodingFilter.java:201)
	at org.springframework.web.filter.OncePerRequestFilter.doFilter(OncePerRequestFilter.java:119)
	at org.apache.catalina.core.ApplicationFilterChain.internalDoFilter(ApplicationFilterChain.java:189)
	at org.apache.catalina.core.ApplicationFilterChain.doFilter(ApplicationFilterChain.java:162)
	at org.apache.catalina.core.StandardWrapperValve.invoke(StandardWrapperValve.java:202)
	at org.apache.catalina.core.StandardContextValve.invoke(StandardContextValve.java:97)
	at org.apache.catalina.authenticator.AuthenticatorBase.invoke(AuthenticatorBase.java:542)
	at org.apache.catalina.core.StandardHostValve.invoke(StandardHostValve.java:143)
	at org.apache.catalina.valves.ErrorReportValve.invoke(ErrorReportValve.java:92)
	at org.apache.catalina.core.StandardEngineValve.invoke(StandardEngineValve.java:78)
	at org.apache.catalina.connector.CoyoteAdapter.service(CoyoteAdapter.java:357)
	at org.apache.coyote.http11.Http11Processor.service(Http11Processor.java:374)
	at org.apache.coyote.AbstractProcessorLight.process(AbstractProcessorLight.java:65)
	at org.apache.coyote.AbstractProtocol$ConnectionHandler.process(AbstractProtocol.java:893)
	at org.apache.tomcat.util.net.NioEndpoint$SocketProcessor.doRun(NioEndpoint.java:1707)
	at org.apache.tomcat.util.net.SocketProcessorBase.run(SocketProcessorBase.java:49)
	at java.base/java.util.concurrent.ThreadPoolExecutor.runWorker(ThreadPoolExecutor.java:1128)
	at java.base/java.util.concurrent.ThreadPoolExecutor$Worker.run(ThreadPoolExecutor.java:628)
	at org.apache.tomcat.util.threads.TaskThread$WrappingRunnable.run(TaskThread.java:61)
	at java.base/java.lang.Thread.run(Thread.java:834)
2022-10-28-11:07:02.695 INFO [main]-org.springframework.boot.StartupInfoLogger:55>>Starting ApiApplication using Java 11.0.7 on LAPTOP-Q2EAS1OC with PID 11200 (D:\Users\ASUS\Desktop\CPSForSupermarket\api\target\classes started by ASUS in D:\Users\ASUS\Desktop\CPSForSupermarket)
2022-10-28-11:07:02.702 INFO [main]-org.springframework.boot.SpringApplication:662>>No active profile set, falling back to default profiles: default
2022-10-28-11:07:03.940 WARN [main]-org.mybatis.logging.Logger:44>>No MyBatis mapper was found in '[com.qfedu.fmmall]' package. Please check your configuration.
2022-10-28-11:07:04.133 INFO [main]-org.springframework.context.support.PostProcessorRegistrationDelegate$BeanPostProcessorChecker:376>>Bean 'spring.datasource.dynamic-com.baomidou.dynamic.datasource.spring.boot.autoconfigure.DynamicDataSourceProperties' of type [com.baomidou.dynamic.datasource.spring.boot.autoconfigure.DynamicDataSourceProperties] is not eligible for getting processed by all BeanPostProcessors (for example: not eligible for auto-proxying)
2022-10-28-11:07:04.134 INFO [main]-org.springframework.context.support.PostProcessorRegistrationDelegate$BeanPostProcessorChecker:376>>Bean 'com.baomidou.dynamic.datasource.spring.boot.autoconfigure.DynamicDataSourceAutoConfiguration' of type [com.baomidou.dynamic.datasource.spring.boot.autoconfigure.DynamicDataSourceAutoConfiguration$$EnhancerBySpringCGLIB$$30e8f09e] is not eligible for getting processed by all BeanPostProcessors (for example: not eligible for auto-proxying)
2022-10-28-11:07:04.145 INFO [main]-org.springframework.context.support.PostProcessorRegistrationDelegate$BeanPostProcessorChecker:376>>Bean 'dsProcessor' of type [com.baomidou.dynamic.datasource.processor.DsHeaderProcessor] is not eligible for getting processed by all BeanPostProcessors (for example: not eligible for auto-proxying)
2022-10-28-11:07:04.150 INFO [main]-org.springframework.context.support.PostProcessorRegistrationDelegate$BeanPostProcessorChecker:376>>Bean 'dynamicDatasourceAnnotationAdvisor' of type [com.baomidou.dynamic.datasource.aop.DynamicDataSourceAnnotationAdvisor] is not eligible for getting processed by all BeanPostProcessors (for example: not eligible for auto-proxying)
2022-10-28-11:07:04.426 INFO [main]-org.springframework.boot.web.embedded.tomcat.TomcatWebServer:108>>Tomcat initialized with port(s): 8080 (http)
2022-10-28-11:07:04.447 INFO [main]-org.apache.juli.logging.DirectJDKLog:173>>Initializing ProtocolHandler ["http-nio-8080"]
2022-10-28-11:07:04.448 INFO [main]-org.apache.juli.logging.DirectJDKLog:173>>Starting service [Tomcat]
2022-10-28-11:07:04.449 INFO [main]-org.apache.juli.logging.DirectJDKLog:173>>Starting Servlet engine: [Apache Tomcat/9.0.44]
2022-10-28-11:07:04.451 INFO [main]-org.apache.juli.logging.DirectJDKLog:173>>Loaded Apache Tomcat Native library [1.2.23] using APR version [1.7.0].
2022-10-28-11:07:04.452 INFO [main]-org.apache.juli.logging.DirectJDKLog:173>>APR capabilities: IPv6 [true], sendfile [true], accept filters [false], random [true].
2022-10-28-11:07:04.452 INFO [main]-org.apache.juli.logging.DirectJDKLog:173>>APR/OpenSSL configuration: useAprConnector [false], useOpenSSL [true]
2022-10-28-11:07:04.475 INFO [main]-org.apache.juli.logging.DirectJDKLog:173>>OpenSSL successfully initialized [OpenSSL 1.1.1c  28 May 2019]
2022-10-28-11:07:04.577 INFO [main]-org.apache.juli.logging.DirectJDKLog:173>>Initializing Spring embedded WebApplicationContext
2022-10-28-11:07:04.577 INFO [main]-org.springframework.boot.web.servlet.context.ServletWebServerApplicationContext:289>>Root WebApplicationContext: initialization completed in 1826 ms
2022-10-28-11:07:04.654 INFO [main]-com.alibaba.druid.spring.boot.autoconfigure.DruidDataSourceAutoConfigure:56>>Init DruidDataSource
2022-10-28-11:07:04.993 INFO [main]-com.alibaba.druid.pool.DruidDataSource:994>>{dataSource-1} inited
2022-10-28-11:07:05.544 WARN [main]-tk.mybatis.mapper.mapperhelper.resolve.DefaultEntityResolve:154>>通用 Mapper 警告信息: <[EntityColumn{table=friend_list, property='onlineStatus', column='online_status', javaType=char, jdbcType=null, typeHandler=null, id=false, identity=false, blob=false, generator='null', orderBy='null', orderPriority='0', insertable=true, updatable=true, order=DEFAULT}]> 使用了基本类型，基本类型在动态 SQL 中由于存在默认值，因此任何时候都不等于 null，建议修改基本类型为对应的包装类型!
2022-10-28-11:07:05.545 WARN [main]-tk.mybatis.mapper.mapperhelper.resolve.DefaultEntityResolve:154>>通用 Mapper 警告信息: <[EntityColumn{table=friend_list, property='deleteStatus', column='delete_status', javaType=char, jdbcType=null, typeHandler=null, id=false, identity=false, blob=false, generator='null', orderBy='null', orderPriority='0', insertable=true, updatable=true, order=DEFAULT}]> 使用了基本类型，基本类型在动态 SQL 中由于存在默认值，因此任何时候都不等于 null，建议修改基本类型为对应的包装类型!
2022-10-28-11:07:06.423 INFO [main]-springfox.documentation.spring.web.PropertySourcedRequestMappingHandlerMapping:69>>Mapped URL path [/v2/api-docs] onto method [springfox.documentation.swagger2.web.Swagger2Controller#getDocumentation(String, HttpServletRequest)]
2022-10-28-11:07:06.585 INFO [main]-org.springframework.scheduling.concurrent.ExecutorConfigurationSupport:181>>Initializing ExecutorService 'applicationTaskExecutor'
2022-10-28-11:07:06.702 INFO [main]-com.baomidou.dynamic.datasource.DynamicDataSourceCreator:113>>动态数据源-检测到druid存在,如配置中未指定type,druid会默认配置
2022-10-28-11:07:06.706 INFO [main]-tk.mybatis.mapper.autoconfigure.MapperCacheDisabler:60>>Clear tk.mybatis.mapper.util.MsUtil CLASS_CACHE cache.
2022-10-28-11:07:06.707 INFO [main]-tk.mybatis.mapper.autoconfigure.MapperCacheDisabler:60>>Clear tk.mybatis.mapper.genid.GenIdUtil CACHE cache.
2022-10-28-11:07:06.707 INFO [main]-tk.mybatis.mapper.autoconfigure.MapperCacheDisabler:60>>Clear tk.mybatis.mapper.version.VersionUtil CACHE cache.
2022-10-28-11:07:06.708 INFO [main]-tk.mybatis.mapper.autoconfigure.MapperCacheDisabler:83>>Clear EntityHelper entityTableMap cache.
2022-10-28-11:07:06.752 INFO [main]-org.quartz.impl.StdSchedulerFactory:1220>>Using default implementation for ThreadExecutor
2022-10-28-11:07:06.760 INFO [main]-org.quartz.core.SchedulerSignalerImpl:61>>Initialized Scheduler Signaller of type: class org.quartz.core.SchedulerSignalerImpl
2022-10-28-11:07:06.760 INFO [main]-org.quartz.core.QuartzScheduler:229>>Quartz Scheduler v.2.3.2 created.
2022-10-28-11:07:06.761 INFO [main]-org.quartz.simpl.RAMJobStore:155>>RAMJobStore initialized.
2022-10-28-11:07:06.761 INFO [main]-org.quartz.core.QuartzScheduler:294>>Scheduler meta-data: Quartz Scheduler (v2.3.2) 'quartzScheduler' with instanceId 'NON_CLUSTERED'
  Scheduler class: 'org.quartz.core.QuartzScheduler' - running locally.
  NOT STARTED.
  Currently in standby mode.
  Number of jobs executed: 0
  Using thread pool 'org.quartz.simpl.SimpleThreadPool' - with 10 threads.
  Using job-store 'org.quartz.simpl.RAMJobStore' - which does not support persistence. and is not clustered.

2022-10-28-11:07:06.761 INFO [main]-org.quartz.impl.StdSchedulerFactory:1374>>Quartz scheduler 'quartzScheduler' initialized from an externally provided properties instance.
2022-10-28-11:07:06.761 INFO [main]-org.quartz.impl.StdSchedulerFactory:1378>>Quartz scheduler version: 2.3.2
2022-10-28-11:07:06.762 INFO [main]-org.quartz.core.QuartzScheduler:2293>>JobFactory set to: org.springframework.scheduling.quartz.SpringBeanJobFactory@4e26987b
2022-10-28-11:07:06.768 INFO [main]-org.springframework.scheduling.concurrent.ExecutorConfigurationSupport:181>>Initializing ExecutorService 'taskScheduler'
2022-10-28-11:07:06.814 INFO [main]-org.apache.juli.logging.DirectJDKLog:173>>Starting ProtocolHandler ["http-nio-8080"]
2022-10-28-11:07:06.834 INFO [main]-org.springframework.boot.web.embedded.tomcat.TomcatWebServer:220>>Tomcat started on port(s): 8080 (http) with context path ''
2022-10-28-11:07:06.835 INFO [main]-springfox.documentation.spring.web.plugins.DocumentationPluginsBootstrapper:160>>Context refreshed
2022-10-28-11:07:06.849 INFO [main]-springfox.documentation.spring.web.plugins.DocumentationPluginsBootstrapper:163>>Found 1 custom documentation plugin(s)
2022-10-28-11:07:06.870 INFO [main]-springfox.documentation.spring.web.scanners.ApiListingReferenceScanner:41>>Scanning for api listing references
2022-10-28-11:07:07.073 INFO [main]-springfox.documentation.spring.web.readers.operation.CachingOperationNameGenerator:40>>Generating unique operation named: deleteOrderUsingPUT_1
2022-10-28-11:07:07.090 INFO [main]-springfox.documentation.spring.web.readers.operation.CachingOperationNameGenerator:40>>Generating unique operation named: listUsingGET_1
2022-10-28-11:07:07.101 INFO [main]-springfox.documentation.spring.web.readers.operation.CachingOperationNameGenerator:40>>Generating unique operation named: deleteAddressUsingDELETE_1
2022-10-28-11:07:07.109 INFO [main]-springfox.documentation.spring.web.readers.operation.CachingOperationNameGenerator:40>>Generating unique operation named: getUserByDetailUsingGET_1
2022-10-28-11:07:07.125 INFO [main]-org.springframework.scheduling.quartz.SchedulerFactoryBean:727>>Starting Quartz Scheduler now
2022-10-28-11:07:07.126 INFO [main]-org.quartz.core.QuartzScheduler:547>>Scheduler quartzScheduler_$_NON_CLUSTERED started.
2022-10-28-11:07:07.140 INFO [main]-org.springframework.boot.StartupInfoLogger:61>>Started ApiApplication in 5.297 seconds (JVM running for 8.171)
2022-10-28-11:07:46.866 INFO [http-nio-8080-exec-2]-org.apache.juli.logging.DirectJDKLog:173>>Initializing Spring DispatcherServlet 'dispatcherServlet'
2022-10-28-11:07:46.867 INFO [http-nio-8080-exec-2]-org.springframework.web.servlet.FrameworkServlet:525>>Initializing Servlet 'dispatcherServlet'
2022-10-28-11:07:46.869 INFO [http-nio-8080-exec-2]-org.springframework.web.servlet.FrameworkServlet:547>>Completed initialization in 2 ms
2022-10-28-11:07:47.965 ERROR [http-nio-8080-exec-2]-org.apache.juli.logging.DirectJDKLog:175>>Servlet.service() for servlet [dispatcherServlet] in context with path [] threw exception [Request processing failed; nested exception is org.springframework.jdbc.BadSqlGrammarException: 
### Error querying database.  Cause: java.sql.SQLSyntaxErrorException: Unknown column 'uesr_id' in 'field list'
### The error may exist in com/qfedu/fmmall/dao/FriendListMapper.java (best guess)
### The error may involve com.qfedu.fmmall.dao.FriendListMapper.selectByExample-Inline
### The error occurred while setting parameters
### SQL: SELECT  list_id,uesr_id,friend_id,online_status,delete_status  FROM friend_list  WHERE (       (  uesr_id = ? ) )
### Cause: java.sql.SQLSyntaxErrorException: Unknown column 'uesr_id' in 'field list'
; bad SQL grammar []; nested exception is java.sql.SQLSyntaxErrorException: Unknown column 'uesr_id' in 'field list'] with root cause
java.sql.SQLSyntaxErrorException: Unknown column 'uesr_id' in 'field list'
	at com.mysql.cj.jdbc.exceptions.SQLError.createSQLException(SQLError.java:120)
	at com.mysql.cj.jdbc.exceptions.SQLExceptionsMapping.translateException(SQLExceptionsMapping.java:122)
	at com.mysql.cj.jdbc.ClientPreparedStatement.executeInternal(ClientPreparedStatement.java:953)
	at com.mysql.cj.jdbc.ClientPreparedStatement.execute(ClientPreparedStatement.java:370)
	at com.alibaba.druid.pool.DruidPooledPreparedStatement.execute(DruidPooledPreparedStatement.java:497)
	at org.apache.ibatis.executor.statement.PreparedStatementHandler.query(PreparedStatementHandler.java:64)
	at org.apache.ibatis.executor.statement.RoutingStatementHandler.query(RoutingStatementHandler.java:79)
	at org.apache.ibatis.executor.SimpleExecutor.doQuery(SimpleExecutor.java:63)
	at org.apache.ibatis.executor.BaseExecutor.queryFromDatabase(BaseExecutor.java:325)
	at org.apache.ibatis.executor.BaseExecutor.query(BaseExecutor.java:156)
	at org.apache.ibatis.executor.CachingExecutor.query(CachingExecutor.java:109)
	at org.apache.ibatis.executor.CachingExecutor.query(CachingExecutor.java:89)
	at org.apache.ibatis.session.defaults.DefaultSqlSession.selectList(DefaultSqlSession.java:147)
	at org.apache.ibatis.session.defaults.DefaultSqlSession.selectList(DefaultSqlSession.java:140)
	at java.base/jdk.internal.reflect.NativeMethodAccessorImpl.invoke0(Native Method)
	at java.base/jdk.internal.reflect.NativeMethodAccessorImpl.invoke(NativeMethodAccessorImpl.java:62)
	at java.base/jdk.internal.reflect.DelegatingMethodAccessorImpl.invoke(DelegatingMethodAccessorImpl.java:43)
	at java.base/java.lang.reflect.Method.invoke(Method.java:566)
	at org.mybatis.spring.SqlSessionTemplate$SqlSessionInterceptor.invoke(SqlSessionTemplate.java:427)
	at com.sun.proxy.$Proxy88.selectList(Unknown Source)
	at org.mybatis.spring.SqlSessionTemplate.selectList(SqlSessionTemplate.java:224)
	at org.apache.ibatis.binding.MapperMethod.executeForMany(MapperMethod.java:147)
	at org.apache.ibatis.binding.MapperMethod.execute(MapperMethod.java:80)
	at org.apache.ibatis.binding.MapperProxy$PlainMethodInvoker.invoke(MapperProxy.java:152)
	at org.apache.ibatis.binding.MapperProxy.invoke(MapperProxy.java:85)
	at com.sun.proxy.$Proxy95.selectByExample(Unknown Source)
	at com.qfedu.fmmall.service.impl.ChatServiceImpl.userListDev(ChatServiceImpl.java:73)
	at com.qfedu.fmmall.controller.ChatController.userList(ChatController.java:73)
	at java.base/jdk.internal.reflect.NativeMethodAccessorImpl.invoke0(Native Method)
	at java.base/jdk.internal.reflect.NativeMethodAccessorImpl.invoke(NativeMethodAccessorImpl.java:62)
	at java.base/jdk.internal.reflect.DelegatingMethodAccessorImpl.invoke(DelegatingMethodAccessorImpl.java:43)
	at java.base/java.lang.reflect.Method.invoke(Method.java:566)
	at org.springframework.web.method.support.InvocableHandlerMethod.doInvoke(InvocableHandlerMethod.java:197)
	at org.springframework.web.method.support.InvocableHandlerMethod.invokeForRequest(InvocableHandlerMethod.java:141)
	at org.springframework.web.servlet.mvc.method.annotation.ServletInvocableHandlerMethod.invokeAndHandle(ServletInvocableHandlerMethod.java:106)
	at org.springframework.web.servlet.mvc.method.annotation.RequestMappingHandlerAdapter.invokeHandlerMethod(RequestMappingHandlerAdapter.java:894)
	at org.springframework.web.servlet.mvc.method.annotation.RequestMappingHandlerAdapter.handleInternal(RequestMappingHandlerAdapter.java:808)
	at org.springframework.web.servlet.mvc.method.AbstractHandlerMethodAdapter.handle(AbstractHandlerMethodAdapter.java:87)
	at org.springframework.web.servlet.DispatcherServlet.doDispatch(DispatcherServlet.java:1060)
	at org.springframework.web.servlet.DispatcherServlet.doService(DispatcherServlet.java:962)
	at org.springframework.web.servlet.FrameworkServlet.processRequest(FrameworkServlet.java:1006)
	at org.springframework.web.servlet.FrameworkServlet.doGet(FrameworkServlet.java:898)
	at javax.servlet.http.HttpServlet.service(HttpServlet.java:626)
	at org.springframework.web.servlet.FrameworkServlet.service(FrameworkServlet.java:883)
	at javax.servlet.http.HttpServlet.service(HttpServlet.java:733)
	at org.apache.catalina.core.ApplicationFilterChain.internalDoFilter(ApplicationFilterChain.java:227)
	at org.apache.catalina.core.ApplicationFilterChain.doFilter(ApplicationFilterChain.java:162)
	at org.apache.tomcat.websocket.server.WsFilter.doFilter(WsFilter.java:53)
	at org.apache.catalina.core.ApplicationFilterChain.internalDoFilter(ApplicationFilterChain.java:189)
	at org.apache.catalina.core.ApplicationFilterChain.doFilter(ApplicationFilterChain.java:162)
	at org.springframework.web.filter.RequestContextFilter.doFilterInternal(RequestContextFilter.java:100)
	at org.springframework.web.filter.OncePerRequestFilter.doFilter(OncePerRequestFilter.java:119)
	at org.apache.catalina.core.ApplicationFilterChain.internalDoFilter(ApplicationFilterChain.java:189)
	at org.apache.catalina.core.ApplicationFilterChain.doFilter(ApplicationFilterChain.java:162)
	at org.springframework.web.filter.FormContentFilter.doFilterInternal(FormContentFilter.java:93)
	at org.springframework.web.filter.OncePerRequestFilter.doFilter(OncePerRequestFilter.java:119)
	at org.apache.catalina.core.ApplicationFilterChain.internalDoFilter(ApplicationFilterChain.java:189)
	at org.apache.catalina.core.ApplicationFilterChain.doFilter(ApplicationFilterChain.java:162)
	at org.springframework.web.filter.CharacterEncodingFilter.doFilterInternal(CharacterEncodingFilter.java:201)
	at org.springframework.web.filter.OncePerRequestFilter.doFilter(OncePerRequestFilter.java:119)
	at org.apache.catalina.core.ApplicationFilterChain.internalDoFilter(ApplicationFilterChain.java:189)
	at org.apache.catalina.core.ApplicationFilterChain.doFilter(ApplicationFilterChain.java:162)
	at org.apache.catalina.core.StandardWrapperValve.invoke(StandardWrapperValve.java:202)
	at org.apache.catalina.core.StandardContextValve.invoke(StandardContextValve.java:97)
	at org.apache.catalina.authenticator.AuthenticatorBase.invoke(AuthenticatorBase.java:542)
	at org.apache.catalina.core.StandardHostValve.invoke(StandardHostValve.java:143)
	at org.apache.catalina.valves.ErrorReportValve.invoke(ErrorReportValve.java:92)
	at org.apache.catalina.core.StandardEngineValve.invoke(StandardEngineValve.java:78)
	at org.apache.catalina.connector.CoyoteAdapter.service(CoyoteAdapter.java:357)
	at org.apache.coyote.http11.Http11Processor.service(Http11Processor.java:374)
	at org.apache.coyote.AbstractProcessorLight.process(AbstractProcessorLight.java:65)
	at org.apache.coyote.AbstractProtocol$ConnectionHandler.process(AbstractProtocol.java:893)
	at org.apache.tomcat.util.net.NioEndpoint$SocketProcessor.doRun(NioEndpoint.java:1707)
	at org.apache.tomcat.util.net.SocketProcessorBase.run(SocketProcessorBase.java:49)
	at java.base/java.util.concurrent.ThreadPoolExecutor.runWorker(ThreadPoolExecutor.java:1128)
	at java.base/java.util.concurrent.ThreadPoolExecutor$Worker.run(ThreadPoolExecutor.java:628)
	at org.apache.tomcat.util.threads.TaskThread$WrappingRunnable.run(TaskThread.java:61)
	at java.base/java.lang.Thread.run(Thread.java:834)
2022-10-28-11:07:47.967 ERROR [http-nio-8080-exec-1]-org.apache.juli.logging.DirectJDKLog:175>>Failed to call onClose method of POJO end point for POJO of type [com.qfedu.fmmall.websocket.MyWebSocket]
java.lang.reflect.InvocationTargetException: null
	at java.base/jdk.internal.reflect.NativeMethodAccessorImpl.invoke0(Native Method)
	at java.base/jdk.internal.reflect.NativeMethodAccessorImpl.invoke(NativeMethodAccessorImpl.java:62)
	at java.base/jdk.internal.reflect.DelegatingMethodAccessorImpl.invoke(DelegatingMethodAccessorImpl.java:43)
	at java.base/java.lang.reflect.Method.invoke(Method.java:566)
	at org.apache.tomcat.websocket.pojo.PojoEndpointBase.onClose(PojoEndpointBase.java:103)
	at org.apache.tomcat.websocket.WsSession.fireEndpointOnClose(WsSession.java:556)
	at org.apache.tomcat.websocket.WsSession.doClose(WsSession.java:502)
	at org.apache.tomcat.websocket.WsSession.doClose(WsSession.java:460)
	at org.apache.tomcat.websocket.WsSession.close(WsSession.java:447)
	at org.apache.tomcat.websocket.WsSession.close(WsSession.java:441)
	at org.apache.tomcat.websocket.pojo.PojoEndpointBase.handleOnOpenOrCloseError(PojoEndpointBase.java:92)
	at org.apache.tomcat.websocket.pojo.PojoEndpointBase.doOnOpen(PojoEndpointBase.java:77)
	at org.apache.tomcat.websocket.pojo.PojoEndpointServer.onOpen(PojoEndpointServer.java:64)
	at org.apache.tomcat.websocket.server.WsHttpUpgradeHandler.init(WsHttpUpgradeHandler.java:135)
	at org.apache.coyote.AbstractProtocol$ConnectionHandler.process(AbstractProtocol.java:940)
	at org.apache.tomcat.util.net.NioEndpoint$SocketProcessor.doRun(NioEndpoint.java:1707)
	at org.apache.tomcat.util.net.SocketProcessorBase.run(SocketProcessorBase.java:49)
	at java.base/java.util.concurrent.ThreadPoolExecutor.runWorker(ThreadPoolExecutor.java:1128)
	at java.base/java.util.concurrent.ThreadPoolExecutor$Worker.run(ThreadPoolExecutor.java:628)
	at org.apache.tomcat.util.threads.TaskThread$WrappingRunnable.run(TaskThread.java:61)
	at java.base/java.lang.Thread.run(Thread.java:834)
Caused by: org.springframework.jdbc.BadSqlGrammarException: 
### Error querying database.  Cause: java.sql.SQLSyntaxErrorException: Unknown column 'uesr_id' in 'field list'
### The error may exist in com/qfedu/fmmall/dao/FriendListMapper.java (best guess)
### The error may involve com.qfedu.fmmall.dao.FriendListMapper.selectByExample-Inline
### The error occurred while setting parameters
### SQL: SELECT  list_id,uesr_id,friend_id,online_status,delete_status  FROM friend_list  WHERE (       (  friend_id = ? ) )
### Cause: java.sql.SQLSyntaxErrorException: Unknown column 'uesr_id' in 'field list'
; bad SQL grammar []; nested exception is java.sql.SQLSyntaxErrorException: Unknown column 'uesr_id' in 'field list'
	at org.springframework.jdbc.support.SQLErrorCodeSQLExceptionTranslator.doTranslate(SQLErrorCodeSQLExceptionTranslator.java:239)
	at org.springframework.jdbc.support.AbstractFallbackSQLExceptionTranslator.translate(AbstractFallbackSQLExceptionTranslator.java:70)
	at org.mybatis.spring.MyBatisExceptionTranslator.translateExceptionIfPossible(MyBatisExceptionTranslator.java:91)
	at org.mybatis.spring.SqlSessionTemplate$SqlSessionInterceptor.invoke(SqlSessionTemplate.java:441)
	at com.sun.proxy.$Proxy88.selectList(Unknown Source)
	at org.mybatis.spring.SqlSessionTemplate.selectList(SqlSessionTemplate.java:224)
	at org.apache.ibatis.binding.MapperMethod.executeForMany(MapperMethod.java:147)
	at org.apache.ibatis.binding.MapperMethod.execute(MapperMethod.java:80)
	at org.apache.ibatis.binding.MapperProxy$PlainMethodInvoker.invoke(MapperProxy.java:152)
	at org.apache.ibatis.binding.MapperProxy.invoke(MapperProxy.java:85)
	at com.sun.proxy.$Proxy95.selectByExample(Unknown Source)
	at com.qfedu.fmmall.service.impl.ChatServiceImpl.getOnlineStatus(ChatServiceImpl.java:260)
	at com.qfedu.fmmall.websocket.MyWebSocket.onClose(MyWebSocket.java:70)
	... 21 common frames omitted
Caused by: java.sql.SQLSyntaxErrorException: Unknown column 'uesr_id' in 'field list'
	at com.mysql.cj.jdbc.exceptions.SQLError.createSQLException(SQLError.java:120)
	at com.mysql.cj.jdbc.exceptions.SQLExceptionsMapping.translateException(SQLExceptionsMapping.java:122)
	at com.mysql.cj.jdbc.ClientPreparedStatement.executeInternal(ClientPreparedStatement.java:953)
	at com.mysql.cj.jdbc.ClientPreparedStatement.execute(ClientPreparedStatement.java:370)
	at com.alibaba.druid.pool.DruidPooledPreparedStatement.execute(DruidPooledPreparedStatement.java:497)
	at org.apache.ibatis.executor.statement.PreparedStatementHandler.query(PreparedStatementHandler.java:64)
	at org.apache.ibatis.executor.statement.RoutingStatementHandler.query(RoutingStatementHandler.java:79)
	at org.apache.ibatis.executor.SimpleExecutor.doQuery(SimpleExecutor.java:63)
	at org.apache.ibatis.executor.BaseExecutor.queryFromDatabase(BaseExecutor.java:325)
	at org.apache.ibatis.executor.BaseExecutor.query(BaseExecutor.java:156)
	at org.apache.ibatis.executor.CachingExecutor.query(CachingExecutor.java:109)
	at org.apache.ibatis.executor.CachingExecutor.query(CachingExecutor.java:89)
	at org.apache.ibatis.session.defaults.DefaultSqlSession.selectList(DefaultSqlSession.java:147)
	at org.apache.ibatis.session.defaults.DefaultSqlSession.selectList(DefaultSqlSession.java:140)
	at java.base/jdk.internal.reflect.NativeMethodAccessorImpl.invoke0(Native Method)
	at java.base/jdk.internal.reflect.NativeMethodAccessorImpl.invoke(NativeMethodAccessorImpl.java:62)
	at java.base/jdk.internal.reflect.DelegatingMethodAccessorImpl.invoke(DelegatingMethodAccessorImpl.java:43)
	at java.base/java.lang.reflect.Method.invoke(Method.java:566)
	at org.mybatis.spring.SqlSessionTemplate$SqlSessionInterceptor.invoke(SqlSessionTemplate.java:427)
	... 30 common frames omitted
2022-10-28-11:10:40.388 INFO [main]-org.springframework.boot.StartupInfoLogger:55>>Starting ApiApplication using Java 11.0.7 on LAPTOP-Q2EAS1OC with PID 8780 (D:\Users\ASUS\Desktop\CPSForSupermarket\api\target\classes started by ASUS in D:\Users\ASUS\Desktop\CPSForSupermarket)
2022-10-28-11:10:40.393 INFO [main]-org.springframework.boot.SpringApplication:662>>No active profile set, falling back to default profiles: default
2022-10-28-11:10:41.571 WARN [main]-org.mybatis.logging.Logger:44>>No MyBatis mapper was found in '[com.qfedu.fmmall]' package. Please check your configuration.
2022-10-28-11:10:41.784 INFO [main]-org.springframework.context.support.PostProcessorRegistrationDelegate$BeanPostProcessorChecker:376>>Bean 'spring.datasource.dynamic-com.baomidou.dynamic.datasource.spring.boot.autoconfigure.DynamicDataSourceProperties' of type [com.baomidou.dynamic.datasource.spring.boot.autoconfigure.DynamicDataSourceProperties] is not eligible for getting processed by all BeanPostProcessors (for example: not eligible for auto-proxying)
2022-10-28-11:10:41.786 INFO [main]-org.springframework.context.support.PostProcessorRegistrationDelegate$BeanPostProcessorChecker:376>>Bean 'com.baomidou.dynamic.datasource.spring.boot.autoconfigure.DynamicDataSourceAutoConfiguration' of type [com.baomidou.dynamic.datasource.spring.boot.autoconfigure.DynamicDataSourceAutoConfiguration$$EnhancerBySpringCGLIB$$30e8f09e] is not eligible for getting processed by all BeanPostProcessors (for example: not eligible for auto-proxying)
2022-10-28-11:10:41.800 INFO [main]-org.springframework.context.support.PostProcessorRegistrationDelegate$BeanPostProcessorChecker:376>>Bean 'dsProcessor' of type [com.baomidou.dynamic.datasource.processor.DsHeaderProcessor] is not eligible for getting processed by all BeanPostProcessors (for example: not eligible for auto-proxying)
2022-10-28-11:10:41.807 INFO [main]-org.springframework.context.support.PostProcessorRegistrationDelegate$BeanPostProcessorChecker:376>>Bean 'dynamicDatasourceAnnotationAdvisor' of type [com.baomidou.dynamic.datasource.aop.DynamicDataSourceAnnotationAdvisor] is not eligible for getting processed by all BeanPostProcessors (for example: not eligible for auto-proxying)
2022-10-28-11:10:42.045 INFO [main]-org.springframework.boot.web.embedded.tomcat.TomcatWebServer:108>>Tomcat initialized with port(s): 8080 (http)
2022-10-28-11:10:42.069 INFO [main]-org.apache.juli.logging.DirectJDKLog:173>>Initializing ProtocolHandler ["http-nio-8080"]
2022-10-28-11:10:42.070 INFO [main]-org.apache.juli.logging.DirectJDKLog:173>>Starting service [Tomcat]
2022-10-28-11:10:42.070 INFO [main]-org.apache.juli.logging.DirectJDKLog:173>>Starting Servlet engine: [Apache Tomcat/9.0.44]
2022-10-28-11:10:42.072 INFO [main]-org.apache.juli.logging.DirectJDKLog:173>>Loaded Apache Tomcat Native library [1.2.23] using APR version [1.7.0].
2022-10-28-11:10:42.073 INFO [main]-org.apache.juli.logging.DirectJDKLog:173>>APR capabilities: IPv6 [true], sendfile [true], accept filters [false], random [true].
2022-10-28-11:10:42.073 INFO [main]-org.apache.juli.logging.DirectJDKLog:173>>APR/OpenSSL configuration: useAprConnector [false], useOpenSSL [true]
2022-10-28-11:10:42.082 INFO [main]-org.apache.juli.logging.DirectJDKLog:173>>OpenSSL successfully initialized [OpenSSL 1.1.1c  28 May 2019]
2022-10-28-11:10:42.192 INFO [main]-org.apache.juli.logging.DirectJDKLog:173>>Initializing Spring embedded WebApplicationContext
2022-10-28-11:10:42.193 INFO [main]-org.springframework.boot.web.servlet.context.ServletWebServerApplicationContext:289>>Root WebApplicationContext: initialization completed in 1734 ms
2022-10-28-11:10:42.272 INFO [main]-com.alibaba.druid.spring.boot.autoconfigure.DruidDataSourceAutoConfigure:56>>Init DruidDataSource
2022-10-28-11:10:42.404 INFO [main]-com.alibaba.druid.pool.DruidDataSource:994>>{dataSource-1} inited
2022-10-28-11:10:42.951 WARN [main]-tk.mybatis.mapper.mapperhelper.resolve.DefaultEntityResolve:154>>通用 Mapper 警告信息: <[EntityColumn{table=friend_list, property='onlineStatus', column='online_status', javaType=char, jdbcType=null, typeHandler=null, id=false, identity=false, blob=false, generator='null', orderBy='null', orderPriority='0', insertable=true, updatable=true, order=DEFAULT}]> 使用了基本类型，基本类型在动态 SQL 中由于存在默认值，因此任何时候都不等于 null，建议修改基本类型为对应的包装类型!
2022-10-28-11:10:42.951 WARN [main]-tk.mybatis.mapper.mapperhelper.resolve.DefaultEntityResolve:154>>通用 Mapper 警告信息: <[EntityColumn{table=friend_list, property='deleteStatus', column='delete_status', javaType=char, jdbcType=null, typeHandler=null, id=false, identity=false, blob=false, generator='null', orderBy='null', orderPriority='0', insertable=true, updatable=true, order=DEFAULT}]> 使用了基本类型，基本类型在动态 SQL 中由于存在默认值，因此任何时候都不等于 null，建议修改基本类型为对应的包装类型!
2022-10-28-11:10:43.812 INFO [main]-springfox.documentation.spring.web.PropertySourcedRequestMappingHandlerMapping:69>>Mapped URL path [/v2/api-docs] onto method [springfox.documentation.swagger2.web.Swagger2Controller#getDocumentation(String, HttpServletRequest)]
2022-10-28-11:10:43.972 INFO [main]-org.springframework.scheduling.concurrent.ExecutorConfigurationSupport:181>>Initializing ExecutorService 'applicationTaskExecutor'
2022-10-28-11:10:44.079 INFO [main]-com.baomidou.dynamic.datasource.DynamicDataSourceCreator:113>>动态数据源-检测到druid存在,如配置中未指定type,druid会默认配置
2022-10-28-11:10:44.084 INFO [main]-tk.mybatis.mapper.autoconfigure.MapperCacheDisabler:60>>Clear tk.mybatis.mapper.util.MsUtil CLASS_CACHE cache.
2022-10-28-11:10:44.085 INFO [main]-tk.mybatis.mapper.autoconfigure.MapperCacheDisabler:60>>Clear tk.mybatis.mapper.genid.GenIdUtil CACHE cache.
2022-10-28-11:10:44.086 INFO [main]-tk.mybatis.mapper.autoconfigure.MapperCacheDisabler:60>>Clear tk.mybatis.mapper.version.VersionUtil CACHE cache.
2022-10-28-11:10:44.086 INFO [main]-tk.mybatis.mapper.autoconfigure.MapperCacheDisabler:83>>Clear EntityHelper entityTableMap cache.
2022-10-28-11:10:44.131 INFO [main]-org.quartz.impl.StdSchedulerFactory:1220>>Using default implementation for ThreadExecutor
2022-10-28-11:10:44.139 INFO [main]-org.quartz.core.SchedulerSignalerImpl:61>>Initialized Scheduler Signaller of type: class org.quartz.core.SchedulerSignalerImpl
2022-10-28-11:10:44.140 INFO [main]-org.quartz.core.QuartzScheduler:229>>Quartz Scheduler v.2.3.2 created.
2022-10-28-11:10:44.141 INFO [main]-org.quartz.simpl.RAMJobStore:155>>RAMJobStore initialized.
2022-10-28-11:10:44.142 INFO [main]-org.quartz.core.QuartzScheduler:294>>Scheduler meta-data: Quartz Scheduler (v2.3.2) 'quartzScheduler' with instanceId 'NON_CLUSTERED'
  Scheduler class: 'org.quartz.core.QuartzScheduler' - running locally.
  NOT STARTED.
  Currently in standby mode.
  Number of jobs executed: 0
  Using thread pool 'org.quartz.simpl.SimpleThreadPool' - with 10 threads.
  Using job-store 'org.quartz.simpl.RAMJobStore' - which does not support persistence. and is not clustered.

2022-10-28-11:10:44.142 INFO [main]-org.quartz.impl.StdSchedulerFactory:1374>>Quartz scheduler 'quartzScheduler' initialized from an externally provided properties instance.
2022-10-28-11:10:44.142 INFO [main]-org.quartz.impl.StdSchedulerFactory:1378>>Quartz scheduler version: 2.3.2
2022-10-28-11:10:44.142 INFO [main]-org.quartz.core.QuartzScheduler:2293>>JobFactory set to: org.springframework.scheduling.quartz.SpringBeanJobFactory@4dd4965a
2022-10-28-11:10:44.148 INFO [main]-org.springframework.scheduling.concurrent.ExecutorConfigurationSupport:181>>Initializing ExecutorService 'taskScheduler'
2022-10-28-11:10:44.193 INFO [main]-org.apache.juli.logging.DirectJDKLog:173>>Starting ProtocolHandler ["http-nio-8080"]
2022-10-28-11:10:44.215 INFO [main]-org.springframework.boot.web.embedded.tomcat.TomcatWebServer:220>>Tomcat started on port(s): 8080 (http) with context path ''
2022-10-28-11:10:44.216 INFO [main]-springfox.documentation.spring.web.plugins.DocumentationPluginsBootstrapper:160>>Context refreshed
2022-10-28-11:10:44.226 INFO [main]-springfox.documentation.spring.web.plugins.DocumentationPluginsBootstrapper:163>>Found 1 custom documentation plugin(s)
2022-10-28-11:10:44.247 INFO [main]-springfox.documentation.spring.web.scanners.ApiListingReferenceScanner:41>>Scanning for api listing references
2022-10-28-11:10:44.458 INFO [main]-springfox.documentation.spring.web.readers.operation.CachingOperationNameGenerator:40>>Generating unique operation named: deleteOrderUsingPUT_1
2022-10-28-11:10:44.483 INFO [main]-springfox.documentation.spring.web.readers.operation.CachingOperationNameGenerator:40>>Generating unique operation named: listUsingGET_1
2022-10-28-11:10:44.495 INFO [main]-springfox.documentation.spring.web.readers.operation.CachingOperationNameGenerator:40>>Generating unique operation named: deleteAddressUsingDELETE_1
2022-10-28-11:10:44.506 INFO [main]-springfox.documentation.spring.web.readers.operation.CachingOperationNameGenerator:40>>Generating unique operation named: getUserByDetailUsingGET_1
2022-10-28-11:10:44.528 INFO [main]-org.springframework.scheduling.quartz.SchedulerFactoryBean:727>>Starting Quartz Scheduler now
2022-10-28-11:10:44.528 INFO [main]-org.quartz.core.QuartzScheduler:547>>Scheduler quartzScheduler_$_NON_CLUSTERED started.
2022-10-28-11:10:44.547 INFO [main]-org.springframework.boot.StartupInfoLogger:61>>Started ApiApplication in 4.983 seconds (JVM running for 6.6)
2022-10-28-11:10:57.398 INFO [http-nio-8080-exec-1]-org.apache.juli.logging.DirectJDKLog:173>>Initializing Spring DispatcherServlet 'dispatcherServlet'
2022-10-28-11:10:57.399 INFO [http-nio-8080-exec-1]-org.springframework.web.servlet.FrameworkServlet:525>>Initializing Servlet 'dispatcherServlet'
2022-10-28-11:10:57.401 INFO [http-nio-8080-exec-1]-org.springframework.web.servlet.FrameworkServlet:547>>Completed initialization in 2 ms
2022-10-28-11:11:01.621 WARN [http-nio-8080-exec-10]-org.springframework.web.servlet.handler.AbstractHandlerExceptionResolver:207>>Resolved [org.springframework.web.bind.MissingRequestHeaderException: Missing request header 'token' for method parameter of type String]
2022-10-28-11:11:02.795 WARN [http-nio-8080-exec-6]-org.springframework.web.servlet.handler.AbstractHandlerExceptionResolver:207>>Resolved [org.springframework.web.bind.MissingRequestHeaderException: Missing request header 'token' for method parameter of type String]
2022-10-28-11:11:03.465 WARN [http-nio-8080-exec-10]-org.springframework.web.servlet.handler.AbstractHandlerExceptionResolver:207>>Resolved [org.springframework.web.bind.MissingRequestHeaderException: Missing request header 'token' for method parameter of type String]
2022-10-28-11:11:04.017 WARN [http-nio-8080-exec-6]-org.springframework.web.servlet.handler.AbstractHandlerExceptionResolver:207>>Resolved [org.springframework.web.bind.MissingRequestHeaderException: Missing request header 'token' for method parameter of type String]
2022-10-28-11:22:07.227 INFO [http-nio-8080-exec-8]-com.qfedu.fmmall.controller.UserController:40>>登录失败，密码错误！
2022-10-28-11:22:11.400 INFO [http-nio-8080-exec-10]-com.qfedu.fmmall.controller.UserController:40>>eyJhbGciOiJIUzI1NiJ9.eyJrZXkxIjoidmFsdWUxIiwia2V5MiI6InZhbHVlMiIsImV4cCI6MTY2NzAxMzczMX0.JN9glkAZUS47pg7txQP3fQWFaf5pA-lWbzh_jYo9T8A
2022-10-28-11:54:29.747 INFO [main]-org.springframework.boot.StartupInfoLogger:55>>Starting ApiApplication using Java 11.0.7 on LAPTOP-Q2EAS1OC with PID 27032 (D:\Users\ASUS\Desktop\CPSForSupermarket\api\target\classes started by ASUS in D:\Users\ASUS\Desktop\CPSForSupermarket)
2022-10-28-11:54:29.758 INFO [main]-org.springframework.boot.SpringApplication:662>>No active profile set, falling back to default profiles: default
2022-10-28-11:54:31.459 WARN [main]-org.mybatis.logging.Logger:44>>No MyBatis mapper was found in '[com.qfedu.fmmall]' package. Please check your configuration.
2022-10-28-11:54:31.670 INFO [main]-org.springframework.context.support.PostProcessorRegistrationDelegate$BeanPostProcessorChecker:376>>Bean 'spring.datasource.dynamic-com.baomidou.dynamic.datasource.spring.boot.autoconfigure.DynamicDataSourceProperties' of type [com.baomidou.dynamic.datasource.spring.boot.autoconfigure.DynamicDataSourceProperties] is not eligible for getting processed by all BeanPostProcessors (for example: not eligible for auto-proxying)
2022-10-28-11:54:31.671 INFO [main]-org.springframework.context.support.PostProcessorRegistrationDelegate$BeanPostProcessorChecker:376>>Bean 'com.baomidou.dynamic.datasource.spring.boot.autoconfigure.DynamicDataSourceAutoConfiguration' of type [com.baomidou.dynamic.datasource.spring.boot.autoconfigure.DynamicDataSourceAutoConfiguration$$EnhancerBySpringCGLIB$$30e8f09e] is not eligible for getting processed by all BeanPostProcessors (for example: not eligible for auto-proxying)
2022-10-28-11:54:31.683 INFO [main]-org.springframework.context.support.PostProcessorRegistrationDelegate$BeanPostProcessorChecker:376>>Bean 'dsProcessor' of type [com.baomidou.dynamic.datasource.processor.DsHeaderProcessor] is not eligible for getting processed by all BeanPostProcessors (for example: not eligible for auto-proxying)
2022-10-28-11:54:31.689 INFO [main]-org.springframework.context.support.PostProcessorRegistrationDelegate$BeanPostProcessorChecker:376>>Bean 'dynamicDatasourceAnnotationAdvisor' of type [com.baomidou.dynamic.datasource.aop.DynamicDataSourceAnnotationAdvisor] is not eligible for getting processed by all BeanPostProcessors (for example: not eligible for auto-proxying)
2022-10-28-11:54:32.023 INFO [main]-org.springframework.boot.web.embedded.tomcat.TomcatWebServer:108>>Tomcat initialized with port(s): 8080 (http)
2022-10-28-11:54:32.041 INFO [main]-org.apache.juli.logging.DirectJDKLog:173>>Initializing ProtocolHandler ["http-nio-8080"]
2022-10-28-11:54:32.042 INFO [main]-org.apache.juli.logging.DirectJDKLog:173>>Starting service [Tomcat]
2022-10-28-11:54:32.043 INFO [main]-org.apache.juli.logging.DirectJDKLog:173>>Starting Servlet engine: [Apache Tomcat/9.0.44]
2022-10-28-11:54:32.045 INFO [main]-org.apache.juli.logging.DirectJDKLog:173>>Loaded Apache Tomcat Native library [1.2.23] using APR version [1.7.0].
2022-10-28-11:54:32.045 INFO [main]-org.apache.juli.logging.DirectJDKLog:173>>APR capabilities: IPv6 [true], sendfile [true], accept filters [false], random [true].
2022-10-28-11:54:32.045 INFO [main]-org.apache.juli.logging.DirectJDKLog:173>>APR/OpenSSL configuration: useAprConnector [false], useOpenSSL [true]
2022-10-28-11:54:32.065 INFO [main]-org.apache.juli.logging.DirectJDKLog:173>>OpenSSL successfully initialized [OpenSSL 1.1.1c  28 May 2019]
2022-10-28-11:54:32.164 INFO [main]-org.apache.juli.logging.DirectJDKLog:173>>Initializing Spring embedded WebApplicationContext
2022-10-28-11:54:32.165 INFO [main]-org.springframework.boot.web.servlet.context.ServletWebServerApplicationContext:289>>Root WebApplicationContext: initialization completed in 2359 ms
2022-10-28-11:54:32.246 INFO [main]-com.alibaba.druid.spring.boot.autoconfigure.DruidDataSourceAutoConfigure:56>>Init DruidDataSource
2022-10-28-11:54:32.389 INFO [main]-com.alibaba.druid.pool.DruidDataSource:994>>{dataSource-1} inited
2022-10-28-11:54:33.019 WARN [main]-tk.mybatis.mapper.mapperhelper.resolve.DefaultEntityResolve:154>>通用 Mapper 警告信息: <[EntityColumn{table=friend_list, property='onlineStatus', column='online_status', javaType=char, jdbcType=null, typeHandler=null, id=false, identity=false, blob=false, generator='null', orderBy='null', orderPriority='0', insertable=true, updatable=true, order=DEFAULT}]> 使用了基本类型，基本类型在动态 SQL 中由于存在默认值，因此任何时候都不等于 null，建议修改基本类型为对应的包装类型!
2022-10-28-11:54:33.019 WARN [main]-tk.mybatis.mapper.mapperhelper.resolve.DefaultEntityResolve:154>>通用 Mapper 警告信息: <[EntityColumn{table=friend_list, property='deleteStatus', column='delete_status', javaType=char, jdbcType=null, typeHandler=null, id=false, identity=false, blob=false, generator='null', orderBy='null', orderPriority='0', insertable=true, updatable=true, order=DEFAULT}]> 使用了基本类型，基本类型在动态 SQL 中由于存在默认值，因此任何时候都不等于 null，建议修改基本类型为对应的包装类型!
2022-10-28-11:54:33.893 INFO [main]-springfox.documentation.spring.web.PropertySourcedRequestMappingHandlerMapping:69>>Mapped URL path [/v2/api-docs] onto method [springfox.documentation.swagger2.web.Swagger2Controller#getDocumentation(String, HttpServletRequest)]
2022-10-28-11:54:34.044 INFO [main]-org.springframework.scheduling.concurrent.ExecutorConfigurationSupport:181>>Initializing ExecutorService 'applicationTaskExecutor'
2022-10-28-11:54:34.153 INFO [main]-com.baomidou.dynamic.datasource.DynamicDataSourceCreator:113>>动态数据源-检测到druid存在,如配置中未指定type,druid会默认配置
2022-10-28-11:54:34.157 INFO [main]-tk.mybatis.mapper.autoconfigure.MapperCacheDisabler:60>>Clear tk.mybatis.mapper.util.MsUtil CLASS_CACHE cache.
2022-10-28-11:54:34.158 INFO [main]-tk.mybatis.mapper.autoconfigure.MapperCacheDisabler:60>>Clear tk.mybatis.mapper.genid.GenIdUtil CACHE cache.
2022-10-28-11:54:34.158 INFO [main]-tk.mybatis.mapper.autoconfigure.MapperCacheDisabler:60>>Clear tk.mybatis.mapper.version.VersionUtil CACHE cache.
2022-10-28-11:54:34.158 INFO [main]-tk.mybatis.mapper.autoconfigure.MapperCacheDisabler:83>>Clear EntityHelper entityTableMap cache.
2022-10-28-11:54:34.201 INFO [main]-org.quartz.impl.StdSchedulerFactory:1220>>Using default implementation for ThreadExecutor
2022-10-28-11:54:34.208 INFO [main]-org.quartz.core.SchedulerSignalerImpl:61>>Initialized Scheduler Signaller of type: class org.quartz.core.SchedulerSignalerImpl
2022-10-28-11:54:34.208 INFO [main]-org.quartz.core.QuartzScheduler:229>>Quartz Scheduler v.2.3.2 created.
2022-10-28-11:54:34.209 INFO [main]-org.quartz.simpl.RAMJobStore:155>>RAMJobStore initialized.
2022-10-28-11:54:34.209 INFO [main]-org.quartz.core.QuartzScheduler:294>>Scheduler meta-data: Quartz Scheduler (v2.3.2) 'quartzScheduler' with instanceId 'NON_CLUSTERED'
  Scheduler class: 'org.quartz.core.QuartzScheduler' - running locally.
  NOT STARTED.
  Currently in standby mode.
  Number of jobs executed: 0
  Using thread pool 'org.quartz.simpl.SimpleThreadPool' - with 10 threads.
  Using job-store 'org.quartz.simpl.RAMJobStore' - which does not support persistence. and is not clustered.

2022-10-28-11:54:34.209 INFO [main]-org.quartz.impl.StdSchedulerFactory:1374>>Quartz scheduler 'quartzScheduler' initialized from an externally provided properties instance.
2022-10-28-11:54:34.210 INFO [main]-org.quartz.impl.StdSchedulerFactory:1378>>Quartz scheduler version: 2.3.2
2022-10-28-11:54:34.210 INFO [main]-org.quartz.core.QuartzScheduler:2293>>JobFactory set to: org.springframework.scheduling.quartz.SpringBeanJobFactory@4e26987b
2022-10-28-11:54:34.215 INFO [main]-org.springframework.scheduling.concurrent.ExecutorConfigurationSupport:181>>Initializing ExecutorService 'taskScheduler'
2022-10-28-11:54:34.263 INFO [main]-org.apache.juli.logging.DirectJDKLog:173>>Starting ProtocolHandler ["http-nio-8080"]
2022-10-28-11:54:34.284 INFO [main]-org.springframework.boot.web.embedded.tomcat.TomcatWebServer:220>>Tomcat started on port(s): 8080 (http) with context path ''
2022-10-28-11:54:34.285 INFO [main]-springfox.documentation.spring.web.plugins.DocumentationPluginsBootstrapper:160>>Context refreshed
2022-10-28-11:54:34.302 INFO [main]-springfox.documentation.spring.web.plugins.DocumentationPluginsBootstrapper:163>>Found 1 custom documentation plugin(s)
2022-10-28-11:54:34.348 INFO [main]-springfox.documentation.spring.web.scanners.ApiListingReferenceScanner:41>>Scanning for api listing references
2022-10-28-11:54:34.612 INFO [main]-springfox.documentation.spring.web.readers.operation.CachingOperationNameGenerator:40>>Generating unique operation named: deleteOrderUsingPUT_1
2022-10-28-11:54:34.635 INFO [main]-springfox.documentation.spring.web.readers.operation.CachingOperationNameGenerator:40>>Generating unique operation named: listUsingGET_1
2022-10-28-11:54:34.649 INFO [main]-springfox.documentation.spring.web.readers.operation.CachingOperationNameGenerator:40>>Generating unique operation named: deleteAddressUsingDELETE_1
2022-10-28-11:54:34.661 INFO [main]-springfox.documentation.spring.web.readers.operation.CachingOperationNameGenerator:40>>Generating unique operation named: getUserByDetailUsingGET_1
2022-10-28-11:54:34.682 INFO [main]-org.springframework.scheduling.quartz.SchedulerFactoryBean:727>>Starting Quartz Scheduler now
2022-10-28-11:54:34.682 INFO [main]-org.quartz.core.QuartzScheduler:547>>Scheduler quartzScheduler_$_NON_CLUSTERED started.
2022-10-28-11:54:34.700 INFO [main]-org.springframework.boot.StartupInfoLogger:61>>Started ApiApplication in 5.734 seconds (JVM running for 7.592)
2022-10-28-11:54:52.745 INFO [http-nio-8080-exec-1]-org.apache.juli.logging.DirectJDKLog:173>>Initializing Spring DispatcherServlet 'dispatcherServlet'
2022-10-28-11:54:52.746 INFO [http-nio-8080-exec-1]-org.springframework.web.servlet.FrameworkServlet:525>>Initializing Servlet 'dispatcherServlet'
2022-10-28-11:54:52.747 INFO [http-nio-8080-exec-1]-org.springframework.web.servlet.FrameworkServlet:547>>Completed initialization in 1 ms
2022-10-28-11:56:41.623 INFO [http-nio-8080-exec-1]-com.qfedu.fmmall.controller.UserController:40>>eyJhbGciOiJIUzI1NiJ9.eyJrZXkxIjoidmFsdWUxIiwia2V5MiI6InZhbHVlMiIsImV4cCI6MTY2NzAxNTgwMX0.UDmblHmNLExy5Pelu6YsEWqiqzffK1ORih_KmHIukBI
2022-10-28-11:58:34.441 INFO [http-nio-8080-exec-2]-com.qfedu.fmmall.controller.UserController:40>>eyJhbGciOiJIUzI1NiJ9.eyJrZXkxIjoidmFsdWUxIiwia2V5MiI6InZhbHVlMiIsImV4cCI6MTY2NzAxNTkxNH0.tVhL14m9ma7wDf9aD6s6-na7bjCAZXu36eeApu4Xe3c
