2022-11-13-12:54:47.357 INFO [main]-org.springframework.boot.StartupInfoLogger:55>>Starting ApiApplication using Java 11.0.7 on LAPTOP-Q2EAS1OC with PID 13672 (D:\Users\ASUS\Desktop\CPSForSupermarket\api\target\classes started by ASUS in D:\Users\ASUS\Desktop\CPSForSupermarket)
2022-11-13-12:54:47.375 INFO [main]-org.springframework.boot.SpringApplication:662>>No active profile set, falling back to default profiles: default
2022-11-13-12:54:49.905 WARN [main]-org.mybatis.logging.Logger:44>>No MyBatis mapper was found in '[com.qfedu.fmmall]' package. Please check your configuration.
2022-11-13-12:54:50.191 INFO [main]-org.springframework.context.support.PostProcessorRegistrationDelegate$BeanPostProcessorChecker:376>>Bean 'spring.datasource.dynamic-com.baomidou.dynamic.datasource.spring.boot.autoconfigure.DynamicDataSourceProperties' of type [com.baomidou.dynamic.datasource.spring.boot.autoconfigure.DynamicDataSourceProperties] is not eligible for getting processed by all BeanPostProcessors (for example: not eligible for auto-proxying)
2022-11-13-12:54:50.192 INFO [main]-org.springframework.context.support.PostProcessorRegistrationDelegate$BeanPostProcessorChecker:376>>Bean 'com.baomidou.dynamic.datasource.spring.boot.autoconfigure.DynamicDataSourceAutoConfiguration' of type [com.baomidou.dynamic.datasource.spring.boot.autoconfigure.DynamicDataSourceAutoConfiguration$$EnhancerBySpringCGLIB$$3b7bc09d] is not eligible for getting processed by all BeanPostProcessors (for example: not eligible for auto-proxying)
2022-11-13-12:54:50.202 INFO [main]-org.springframework.context.support.PostProcessorRegistrationDelegate$BeanPostProcessorChecker:376>>Bean 'dsProcessor' of type [com.baomidou.dynamic.datasource.processor.DsHeaderProcessor] is not eligible for getting processed by all BeanPostProcessors (for example: not eligible for auto-proxying)
2022-11-13-12:54:50.209 INFO [main]-org.springframework.context.support.PostProcessorRegistrationDelegate$BeanPostProcessorChecker:376>>Bean 'dynamicDatasourceAnnotationAdvisor' of type [com.baomidou.dynamic.datasource.aop.DynamicDataSourceAnnotationAdvisor] is not eligible for getting processed by all BeanPostProcessors (for example: not eligible for auto-proxying)
2022-11-13-12:54:50.716 INFO [main]-org.springframework.boot.web.embedded.tomcat.TomcatWebServer:108>>Tomcat initialized with port(s): 8080 (http)
2022-11-13-12:54:50.739 INFO [main]-org.apache.juli.logging.DirectJDKLog:173>>Initializing ProtocolHandler ["http-nio-8080"]
2022-11-13-12:54:50.739 INFO [main]-org.apache.juli.logging.DirectJDKLog:173>>Starting service [Tomcat]
2022-11-13-12:54:50.740 INFO [main]-org.apache.juli.logging.DirectJDKLog:173>>Starting Servlet engine: [Apache Tomcat/9.0.44]
2022-11-13-12:54:50.742 INFO [main]-org.apache.juli.logging.DirectJDKLog:173>>Loaded Apache Tomcat Native library [1.2.23] using APR version [1.7.0].
2022-11-13-12:54:50.748 INFO [main]-org.apache.juli.logging.DirectJDKLog:173>>APR capabilities: IPv6 [true], sendfile [true], accept filters [false], random [true].
2022-11-13-12:54:50.748 INFO [main]-org.apache.juli.logging.DirectJDKLog:173>>APR/OpenSSL configuration: useAprConnector [false], useOpenSSL [true]
2022-11-13-12:54:50.796 INFO [main]-org.apache.juli.logging.DirectJDKLog:173>>OpenSSL successfully initialized [OpenSSL 1.1.1c  28 May 2019]
2022-11-13-12:54:50.971 INFO [main]-org.apache.juli.logging.DirectJDKLog:173>>Initializing Spring embedded WebApplicationContext
2022-11-13-12:54:50.971 INFO [main]-org.springframework.boot.web.servlet.context.ServletWebServerApplicationContext:289>>Root WebApplicationContext: initialization completed in 3527 ms
2022-11-13-12:54:51.070 INFO [main]-com.alibaba.druid.spring.boot.autoconfigure.DruidDataSourceAutoConfigure:56>>Init DruidDataSource
2022-11-13-12:54:51.457 INFO [main]-com.alibaba.druid.pool.DruidDataSource:994>>{dataSource-1} inited
2022-11-13-12:54:54.174 WARN [main]-tk.mybatis.mapper.mapperhelper.resolve.DefaultEntityResolve:154>>通用 Mapper 警告信息: <[EntityColumn{table=friend_list, property='onlineStatus', column='online_status', javaType=char, jdbcType=null, typeHandler=null, id=false, identity=false, blob=false, generator='null', orderBy='null', orderPriority='0', insertable=true, updatable=true, order=DEFAULT}]> 使用了基本类型，基本类型在动态 SQL 中由于存在默认值，因此任何时候都不等于 null，建议修改基本类型为对应的包装类型!
2022-11-13-12:54:54.174 WARN [main]-tk.mybatis.mapper.mapperhelper.resolve.DefaultEntityResolve:154>>通用 Mapper 警告信息: <[EntityColumn{table=friend_list, property='deleteStatus', column='delete_status', javaType=char, jdbcType=null, typeHandler=null, id=false, identity=false, blob=false, generator='null', orderBy='null', orderPriority='0', insertable=true, updatable=true, order=DEFAULT}]> 使用了基本类型，基本类型在动态 SQL 中由于存在默认值，因此任何时候都不等于 null，建议修改基本类型为对应的包装类型!
2022-11-13-12:54:54.959 WARN [main]-tk.mybatis.mapper.mapperhelper.resolve.DefaultEntityResolve:154>>通用 Mapper 警告信息: <[EntityColumn{table=goods_return_apply, property='returnType', column='return_type', javaType=char, jdbcType=null, typeHandler=null, id=false, identity=false, blob=false, generator='null', orderBy='null', orderPriority='0', insertable=true, updatable=true, order=DEFAULT}]> 使用了基本类型，基本类型在动态 SQL 中由于存在默认值，因此任何时候都不等于 null，建议修改基本类型为对应的包装类型!
2022-11-13-12:54:54.960 WARN [main]-tk.mybatis.mapper.mapperhelper.resolve.DefaultEntityResolve:154>>通用 Mapper 警告信息: <[EntityColumn{table=goods_return_apply, property='returnApproach', column='return_approach', javaType=char, jdbcType=null, typeHandler=null, id=false, identity=false, blob=false, generator='null', orderBy='null', orderPriority='0', insertable=true, updatable=true, order=DEFAULT}]> 使用了基本类型，基本类型在动态 SQL 中由于存在默认值，因此任何时候都不等于 null，建议修改基本类型为对应的包装类型!
2022-11-13-12:54:54.960 WARN [main]-tk.mybatis.mapper.mapperhelper.resolve.DefaultEntityResolve:154>>通用 Mapper 警告信息: <[EntityColumn{table=goods_return_apply, property='auditStatus', column='audit_status', javaType=char, jdbcType=null, typeHandler=null, id=false, identity=false, blob=false, generator='null', orderBy='null', orderPriority='0', insertable=true, updatable=true, order=DEFAULT}]> 使用了基本类型，基本类型在动态 SQL 中由于存在默认值，因此任何时候都不等于 null，建议修改基本类型为对应的包装类型!
2022-11-13-12:54:55.565 INFO [main]-springfox.documentation.spring.web.PropertySourcedRequestMappingHandlerMapping:69>>Mapped URL path [/v2/api-docs] onto method [springfox.documentation.swagger2.web.Swagger2Controller#getDocumentation(String, HttpServletRequest)]
2022-11-13-12:54:55.718 INFO [main]-org.springframework.scheduling.concurrent.ExecutorConfigurationSupport:181>>Initializing ExecutorService 'applicationTaskExecutor'
2022-11-13-12:54:55.952 INFO [main]-com.baomidou.dynamic.datasource.DynamicDataSourceCreator:113>>动态数据源-检测到druid存在,如配置中未指定type,druid会默认配置
2022-11-13-12:54:55.959 INFO [main]-tk.mybatis.mapper.autoconfigure.MapperCacheDisabler:60>>Clear tk.mybatis.mapper.util.MsUtil CLASS_CACHE cache.
2022-11-13-12:54:55.960 INFO [main]-tk.mybatis.mapper.autoconfigure.MapperCacheDisabler:60>>Clear tk.mybatis.mapper.genid.GenIdUtil CACHE cache.
2022-11-13-12:54:55.961 INFO [main]-tk.mybatis.mapper.autoconfigure.MapperCacheDisabler:60>>Clear tk.mybatis.mapper.version.VersionUtil CACHE cache.
2022-11-13-12:54:55.962 INFO [main]-tk.mybatis.mapper.autoconfigure.MapperCacheDisabler:83>>Clear EntityHelper entityTableMap cache.
2022-11-13-12:54:56.041 INFO [main]-org.quartz.impl.StdSchedulerFactory:1220>>Using default implementation for ThreadExecutor
2022-11-13-12:54:56.056 INFO [main]-org.quartz.core.SchedulerSignalerImpl:61>>Initialized Scheduler Signaller of type: class org.quartz.core.SchedulerSignalerImpl
2022-11-13-12:54:56.056 INFO [main]-org.quartz.core.QuartzScheduler:229>>Quartz Scheduler v.2.3.2 created.
2022-11-13-12:54:56.057 INFO [main]-org.quartz.simpl.RAMJobStore:155>>RAMJobStore initialized.
2022-11-13-12:54:56.058 INFO [main]-org.quartz.core.QuartzScheduler:294>>Scheduler meta-data: Quartz Scheduler (v2.3.2) 'quartzScheduler' with instanceId 'NON_CLUSTERED'
  Scheduler class: 'org.quartz.core.QuartzScheduler' - running locally.
  NOT STARTED.
  Currently in standby mode.
  Number of jobs executed: 0
  Using thread pool 'org.quartz.simpl.SimpleThreadPool' - with 10 threads.
  Using job-store 'org.quartz.simpl.RAMJobStore' - which does not support persistence. and is not clustered.

2022-11-13-12:54:56.058 INFO [main]-org.quartz.impl.StdSchedulerFactory:1374>>Quartz scheduler 'quartzScheduler' initialized from an externally provided properties instance.
2022-11-13-12:54:56.058 INFO [main]-org.quartz.impl.StdSchedulerFactory:1378>>Quartz scheduler version: 2.3.2
2022-11-13-12:54:56.059 INFO [main]-org.quartz.core.QuartzScheduler:2293>>JobFactory set to: org.springframework.scheduling.quartz.SpringBeanJobFactory@1c610f
2022-11-13-12:54:56.068 INFO [main]-org.springframework.scheduling.concurrent.ExecutorConfigurationSupport:181>>Initializing ExecutorService 'taskScheduler'
2022-11-13-12:54:56.127 INFO [main]-org.apache.juli.logging.DirectJDKLog:173>>Starting ProtocolHandler ["http-nio-8080"]
2022-11-13-12:54:56.186 WARN [main]-org.springframework.context.support.AbstractApplicationContext:591>>Exception encountered during context initialization - cancelling refresh attempt: org.springframework.context.ApplicationContextException: Failed to start bean 'webServerStartStop'; nested exception is org.springframework.boot.web.server.PortInUseException: Port 8080 is already in use
2022-11-13-12:54:56.187 INFO [main]-org.springframework.scheduling.concurrent.ExecutorConfigurationSupport:218>>Shutting down ExecutorService 'taskScheduler'
2022-11-13-12:54:56.188 INFO [main]-org.springframework.scheduling.quartz.SchedulerFactoryBean:845>>Shutting down Quartz Scheduler
2022-11-13-12:54:56.188 INFO [main]-org.quartz.core.QuartzScheduler:666>>Scheduler quartzScheduler_$_NON_CLUSTERED shutting down.
2022-11-13-12:54:56.188 INFO [main]-org.quartz.core.QuartzScheduler:585>>Scheduler quartzScheduler_$_NON_CLUSTERED paused.
2022-11-13-12:54:56.189 INFO [main]-org.quartz.core.QuartzScheduler:740>>Scheduler quartzScheduler_$_NON_CLUSTERED shutdown complete.
2022-11-13-12:54:56.191 INFO [main]-org.springframework.scheduling.concurrent.ExecutorConfigurationSupport:218>>Shutting down ExecutorService 'applicationTaskExecutor'
2022-11-13-12:54:56.194 INFO [main]-com.alibaba.druid.pool.DruidDataSource:2029>>{dataSource-1} closing ...
2022-11-13-12:54:56.196 INFO [main]-com.alibaba.druid.pool.DruidDataSource:2101>>{dataSource-1} closed
2022-11-13-12:54:56.200 INFO [main]-org.apache.juli.logging.DirectJDKLog:173>>Pausing ProtocolHandler ["http-nio-8080"]
2022-11-13-12:54:56.201 INFO [main]-org.apache.juli.logging.DirectJDKLog:173>>Stopping service [Tomcat]
2022-11-13-12:54:56.235 INFO [main]-org.apache.juli.logging.DirectJDKLog:173>>Stopping ProtocolHandler ["http-nio-8080"]
2022-11-13-12:54:56.237 INFO [main]-org.apache.juli.logging.DirectJDKLog:173>>Destroying ProtocolHandler ["http-nio-8080"]
2022-11-13-12:54:56.250 INFO [main]-org.springframework.boot.autoconfigure.logging.ConditionEvaluationReportLoggingListener:136>>

Error starting ApplicationContext. To display the conditions report re-run your application with 'debug' enabled.
2022-11-13-12:54:56.280 ERROR [main]-org.springframework.boot.diagnostics.LoggingFailureAnalysisReporter:40>>

***************************
APPLICATION FAILED TO START
***************************

Description:

Web server failed to start. Port 8080 was already in use.

Action:

Identify and stop the process that's listening on port 8080 or configure this application to listen on another port.

2022-11-13-12:57:50.195 INFO [main]-org.springframework.boot.StartupInfoLogger:55>>Starting ApiApplication using Java 11.0.7 on LAPTOP-Q2EAS1OC with PID 4108 (D:\Users\ASUS\Desktop\CPSForSupermarket\api\target\classes started by ASUS in D:\Users\ASUS\Desktop\CPSForSupermarket)
2022-11-13-12:57:50.199 INFO [main]-org.springframework.boot.SpringApplication:662>>No active profile set, falling back to default profiles: default
2022-11-13-12:57:51.335 WARN [main]-org.mybatis.logging.Logger:44>>No MyBatis mapper was found in '[com.qfedu.fmmall]' package. Please check your configuration.
2022-11-13-12:57:51.535 INFO [main]-org.springframework.context.support.PostProcessorRegistrationDelegate$BeanPostProcessorChecker:376>>Bean 'spring.datasource.dynamic-com.baomidou.dynamic.datasource.spring.boot.autoconfigure.DynamicDataSourceProperties' of type [com.baomidou.dynamic.datasource.spring.boot.autoconfigure.DynamicDataSourceProperties] is not eligible for getting processed by all BeanPostProcessors (for example: not eligible for auto-proxying)
2022-11-13-12:57:51.536 INFO [main]-org.springframework.context.support.PostProcessorRegistrationDelegate$BeanPostProcessorChecker:376>>Bean 'com.baomidou.dynamic.datasource.spring.boot.autoconfigure.DynamicDataSourceAutoConfiguration' of type [com.baomidou.dynamic.datasource.spring.boot.autoconfigure.DynamicDataSourceAutoConfiguration$$EnhancerBySpringCGLIB$$3b7bc09d] is not eligible for getting processed by all BeanPostProcessors (for example: not eligible for auto-proxying)
2022-11-13-12:57:51.545 INFO [main]-org.springframework.context.support.PostProcessorRegistrationDelegate$BeanPostProcessorChecker:376>>Bean 'dsProcessor' of type [com.baomidou.dynamic.datasource.processor.DsHeaderProcessor] is not eligible for getting processed by all BeanPostProcessors (for example: not eligible for auto-proxying)
2022-11-13-12:57:51.551 INFO [main]-org.springframework.context.support.PostProcessorRegistrationDelegate$BeanPostProcessorChecker:376>>Bean 'dynamicDatasourceAnnotationAdvisor' of type [com.baomidou.dynamic.datasource.aop.DynamicDataSourceAnnotationAdvisor] is not eligible for getting processed by all BeanPostProcessors (for example: not eligible for auto-proxying)
2022-11-13-12:57:51.775 INFO [main]-org.springframework.boot.web.embedded.tomcat.TomcatWebServer:108>>Tomcat initialized with port(s): 8080 (http)
2022-11-13-12:57:51.805 INFO [main]-org.apache.juli.logging.DirectJDKLog:173>>Initializing ProtocolHandler ["http-nio-8080"]
2022-11-13-12:57:51.805 INFO [main]-org.apache.juli.logging.DirectJDKLog:173>>Starting service [Tomcat]
2022-11-13-12:57:51.806 INFO [main]-org.apache.juli.logging.DirectJDKLog:173>>Starting Servlet engine: [Apache Tomcat/9.0.44]
2022-11-13-12:57:51.808 INFO [main]-org.apache.juli.logging.DirectJDKLog:173>>Loaded Apache Tomcat Native library [1.2.23] using APR version [1.7.0].
2022-11-13-12:57:51.809 INFO [main]-org.apache.juli.logging.DirectJDKLog:173>>APR capabilities: IPv6 [true], sendfile [true], accept filters [false], random [true].
2022-11-13-12:57:51.809 INFO [main]-org.apache.juli.logging.DirectJDKLog:173>>APR/OpenSSL configuration: useAprConnector [false], useOpenSSL [true]
2022-11-13-12:57:51.814 INFO [main]-org.apache.juli.logging.DirectJDKLog:173>>OpenSSL successfully initialized [OpenSSL 1.1.1c  28 May 2019]
2022-11-13-12:57:51.956 INFO [main]-org.apache.juli.logging.DirectJDKLog:173>>Initializing Spring embedded WebApplicationContext
2022-11-13-12:57:51.957 INFO [main]-org.springframework.boot.web.servlet.context.ServletWebServerApplicationContext:289>>Root WebApplicationContext: initialization completed in 1688 ms
2022-11-13-12:57:52.083 INFO [main]-com.alibaba.druid.spring.boot.autoconfigure.DruidDataSourceAutoConfigure:56>>Init DruidDataSource
2022-11-13-12:57:52.235 INFO [main]-com.alibaba.druid.pool.DruidDataSource:994>>{dataSource-1} inited
2022-11-13-12:57:52.803 WARN [main]-tk.mybatis.mapper.mapperhelper.resolve.DefaultEntityResolve:154>>通用 Mapper 警告信息: <[EntityColumn{table=friend_list, property='onlineStatus', column='online_status', javaType=char, jdbcType=null, typeHandler=null, id=false, identity=false, blob=false, generator='null', orderBy='null', orderPriority='0', insertable=true, updatable=true, order=DEFAULT}]> 使用了基本类型，基本类型在动态 SQL 中由于存在默认值，因此任何时候都不等于 null，建议修改基本类型为对应的包装类型!
2022-11-13-12:57:52.804 WARN [main]-tk.mybatis.mapper.mapperhelper.resolve.DefaultEntityResolve:154>>通用 Mapper 警告信息: <[EntityColumn{table=friend_list, property='deleteStatus', column='delete_status', javaType=char, jdbcType=null, typeHandler=null, id=false, identity=false, blob=false, generator='null', orderBy='null', orderPriority='0', insertable=true, updatable=true, order=DEFAULT}]> 使用了基本类型，基本类型在动态 SQL 中由于存在默认值，因此任何时候都不等于 null，建议修改基本类型为对应的包装类型!
2022-11-13-12:57:53.355 WARN [main]-tk.mybatis.mapper.mapperhelper.resolve.DefaultEntityResolve:154>>通用 Mapper 警告信息: <[EntityColumn{table=goods_return_apply, property='returnType', column='return_type', javaType=char, jdbcType=null, typeHandler=null, id=false, identity=false, blob=false, generator='null', orderBy='null', orderPriority='0', insertable=true, updatable=true, order=DEFAULT}]> 使用了基本类型，基本类型在动态 SQL 中由于存在默认值，因此任何时候都不等于 null，建议修改基本类型为对应的包装类型!
2022-11-13-12:57:53.356 WARN [main]-tk.mybatis.mapper.mapperhelper.resolve.DefaultEntityResolve:154>>通用 Mapper 警告信息: <[EntityColumn{table=goods_return_apply, property='returnApproach', column='return_approach', javaType=char, jdbcType=null, typeHandler=null, id=false, identity=false, blob=false, generator='null', orderBy='null', orderPriority='0', insertable=true, updatable=true, order=DEFAULT}]> 使用了基本类型，基本类型在动态 SQL 中由于存在默认值，因此任何时候都不等于 null，建议修改基本类型为对应的包装类型!
2022-11-13-12:57:53.356 WARN [main]-tk.mybatis.mapper.mapperhelper.resolve.DefaultEntityResolve:154>>通用 Mapper 警告信息: <[EntityColumn{table=goods_return_apply, property='auditStatus', column='audit_status', javaType=char, jdbcType=null, typeHandler=null, id=false, identity=false, blob=false, generator='null', orderBy='null', orderPriority='0', insertable=true, updatable=true, order=DEFAULT}]> 使用了基本类型，基本类型在动态 SQL 中由于存在默认值，因此任何时候都不等于 null，建议修改基本类型为对应的包装类型!
2022-11-13-12:57:53.760 INFO [main]-springfox.documentation.spring.web.PropertySourcedRequestMappingHandlerMapping:69>>Mapped URL path [/v2/api-docs] onto method [springfox.documentation.swagger2.web.Swagger2Controller#getDocumentation(String, HttpServletRequest)]
2022-11-13-12:57:53.879 INFO [main]-org.springframework.scheduling.concurrent.ExecutorConfigurationSupport:181>>Initializing ExecutorService 'applicationTaskExecutor'
2022-11-13-12:57:54.008 INFO [main]-com.baomidou.dynamic.datasource.DynamicDataSourceCreator:113>>动态数据源-检测到druid存在,如配置中未指定type,druid会默认配置
2022-11-13-12:57:54.013 INFO [main]-tk.mybatis.mapper.autoconfigure.MapperCacheDisabler:60>>Clear tk.mybatis.mapper.util.MsUtil CLASS_CACHE cache.
2022-11-13-12:57:54.014 INFO [main]-tk.mybatis.mapper.autoconfigure.MapperCacheDisabler:60>>Clear tk.mybatis.mapper.genid.GenIdUtil CACHE cache.
2022-11-13-12:57:54.014 INFO [main]-tk.mybatis.mapper.autoconfigure.MapperCacheDisabler:60>>Clear tk.mybatis.mapper.version.VersionUtil CACHE cache.
2022-11-13-12:57:54.015 INFO [main]-tk.mybatis.mapper.autoconfigure.MapperCacheDisabler:83>>Clear EntityHelper entityTableMap cache.
2022-11-13-12:57:54.078 INFO [main]-org.quartz.impl.StdSchedulerFactory:1220>>Using default implementation for ThreadExecutor
2022-11-13-12:57:54.087 INFO [main]-org.quartz.core.SchedulerSignalerImpl:61>>Initialized Scheduler Signaller of type: class org.quartz.core.SchedulerSignalerImpl
2022-11-13-12:57:54.087 INFO [main]-org.quartz.core.QuartzScheduler:229>>Quartz Scheduler v.2.3.2 created.
2022-11-13-12:57:54.087 INFO [main]-org.quartz.simpl.RAMJobStore:155>>RAMJobStore initialized.
2022-11-13-12:57:54.088 INFO [main]-org.quartz.core.QuartzScheduler:294>>Scheduler meta-data: Quartz Scheduler (v2.3.2) 'quartzScheduler' with instanceId 'NON_CLUSTERED'
  Scheduler class: 'org.quartz.core.QuartzScheduler' - running locally.
  NOT STARTED.
  Currently in standby mode.
  Number of jobs executed: 0
  Using thread pool 'org.quartz.simpl.SimpleThreadPool' - with 10 threads.
  Using job-store 'org.quartz.simpl.RAMJobStore' - which does not support persistence. and is not clustered.

2022-11-13-12:57:54.088 INFO [main]-org.quartz.impl.StdSchedulerFactory:1374>>Quartz scheduler 'quartzScheduler' initialized from an externally provided properties instance.
2022-11-13-12:57:54.088 INFO [main]-org.quartz.impl.StdSchedulerFactory:1378>>Quartz scheduler version: 2.3.2
2022-11-13-12:57:54.088 INFO [main]-org.quartz.core.QuartzScheduler:2293>>JobFactory set to: org.springframework.scheduling.quartz.SpringBeanJobFactory@1c610f
2022-11-13-12:57:54.095 INFO [main]-org.springframework.scheduling.concurrent.ExecutorConfigurationSupport:181>>Initializing ExecutorService 'taskScheduler'
2022-11-13-12:57:54.142 INFO [main]-org.apache.juli.logging.DirectJDKLog:173>>Starting ProtocolHandler ["http-nio-8080"]
2022-11-13-12:57:54.171 INFO [main]-org.springframework.boot.web.embedded.tomcat.TomcatWebServer:220>>Tomcat started on port(s): 8080 (http) with context path ''
2022-11-13-12:57:54.172 INFO [main]-springfox.documentation.spring.web.plugins.DocumentationPluginsBootstrapper:160>>Context refreshed
2022-11-13-12:57:54.186 INFO [main]-springfox.documentation.spring.web.plugins.DocumentationPluginsBootstrapper:163>>Found 1 custom documentation plugin(s)
2022-11-13-12:57:54.211 INFO [main]-springfox.documentation.spring.web.scanners.ApiListingReferenceScanner:41>>Scanning for api listing references
2022-11-13-12:57:54.505 INFO [main]-springfox.documentation.spring.web.readers.operation.CachingOperationNameGenerator:40>>Generating unique operation named: sendImgUsingPUT_1
2022-11-13-12:57:54.517 INFO [main]-springfox.documentation.spring.web.readers.operation.CachingOperationNameGenerator:40>>Generating unique operation named: deleteOrderUsingPUT_1
2022-11-13-12:57:54.540 INFO [main]-springfox.documentation.spring.web.readers.operation.CachingOperationNameGenerator:40>>Generating unique operation named: listUsingGET_1
2022-11-13-12:57:54.553 INFO [main]-springfox.documentation.spring.web.readers.operation.CachingOperationNameGenerator:40>>Generating unique operation named: deleteAddressUsingDELETE_1
2022-11-13-12:57:54.589 INFO [main]-springfox.documentation.spring.web.readers.operation.CachingOperationNameGenerator:40>>Generating unique operation named: getUserByDetailUsingGET_1
2022-11-13-12:57:54.628 INFO [main]-org.springframework.scheduling.quartz.SchedulerFactoryBean:727>>Starting Quartz Scheduler now
2022-11-13-12:57:54.628 INFO [main]-org.quartz.core.QuartzScheduler:547>>Scheduler quartzScheduler_$_NON_CLUSTERED started.
2022-11-13-12:57:54.685 INFO [main]-org.springframework.boot.StartupInfoLogger:61>>Started ApiApplication in 5.143 seconds (JVM running for 6.789)
2022-11-13-12:58:05.421 INFO [http-nio-8080-exec-1]-org.apache.juli.logging.DirectJDKLog:173>>Initializing Spring DispatcherServlet 'dispatcherServlet'
2022-11-13-12:58:05.422 INFO [http-nio-8080-exec-1]-org.springframework.web.servlet.FrameworkServlet:525>>Initializing Servlet 'dispatcherServlet'
2022-11-13-12:58:05.425 INFO [http-nio-8080-exec-1]-org.springframework.web.servlet.FrameworkServlet:547>>Completed initialization in 1 ms
