2022-11-08-20:40:33.849 INFO [main]-org.springframework.boot.StartupInfoLogger:55>>Starting ApiApplication using Java 11.0.7 on LAPTOP-Q2EAS1OC with PID 13672 (D:\Users\ASUS\Desktop\CPSForSupermarket\api\target\classes started by ASUS in D:\Users\ASUS\Desktop\CPSForSupermarket)
2022-11-08-20:40:33.860 INFO [main]-org.springframework.boot.SpringApplication:662>>No active profile set, falling back to default profiles: default
2022-11-08-20:40:35.690 WARN [main]-org.mybatis.logging.Logger:44>>No MyBatis mapper was found in '[com.qfedu.fmmall]' package. Please check your configuration.
2022-11-08-20:40:35.927 INFO [main]-org.springframework.context.support.PostProcessorRegistrationDelegate$BeanPostProcessorChecker:376>>Bean 'spring.datasource.dynamic-com.baomidou.dynamic.datasource.spring.boot.autoconfigure.DynamicDataSourceProperties' of type [com.baomidou.dynamic.datasource.spring.boot.autoconfigure.DynamicDataSourceProperties] is not eligible for getting processed by all BeanPostProcessors (for example: not eligible for auto-proxying)
2022-11-08-20:40:35.929 INFO [main]-org.springframework.context.support.PostProcessorRegistrationDelegate$BeanPostProcessorChecker:376>>Bean 'com.baomidou.dynamic.datasource.spring.boot.autoconfigure.DynamicDataSourceAutoConfiguration' of type [com.baomidou.dynamic.datasource.spring.boot.autoconfigure.DynamicDataSourceAutoConfiguration$$EnhancerBySpringCGLIB$$c2adef08] is not eligible for getting processed by all BeanPostProcessors (for example: not eligible for auto-proxying)
2022-11-08-20:40:35.943 INFO [main]-org.springframework.context.support.PostProcessorRegistrationDelegate$BeanPostProcessorChecker:376>>Bean 'dsProcessor' of type [com.baomidou.dynamic.datasource.processor.DsHeaderProcessor] is not eligible for getting processed by all BeanPostProcessors (for example: not eligible for auto-proxying)
2022-11-08-20:40:35.950 INFO [main]-org.springframework.context.support.PostProcessorRegistrationDelegate$BeanPostProcessorChecker:376>>Bean 'dynamicDatasourceAnnotationAdvisor' of type [com.baomidou.dynamic.datasource.aop.DynamicDataSourceAnnotationAdvisor] is not eligible for getting processed by all BeanPostProcessors (for example: not eligible for auto-proxying)
2022-11-08-20:40:36.192 INFO [main]-org.springframework.boot.web.embedded.tomcat.TomcatWebServer:108>>Tomcat initialized with port(s): 8080 (http)
2022-11-08-20:40:36.213 INFO [main]-org.apache.juli.logging.DirectJDKLog:173>>Initializing ProtocolHandler ["http-nio-8080"]
2022-11-08-20:40:36.213 INFO [main]-org.apache.juli.logging.DirectJDKLog:173>>Starting service [Tomcat]
2022-11-08-20:40:36.214 INFO [main]-org.apache.juli.logging.DirectJDKLog:173>>Starting Servlet engine: [Apache Tomcat/9.0.44]
2022-11-08-20:40:36.216 INFO [main]-org.apache.juli.logging.DirectJDKLog:173>>Loaded Apache Tomcat Native library [1.2.23] using APR version [1.7.0].
2022-11-08-20:40:36.216 INFO [main]-org.apache.juli.logging.DirectJDKLog:173>>APR capabilities: IPv6 [true], sendfile [true], accept filters [false], random [true].
2022-11-08-20:40:36.216 INFO [main]-org.apache.juli.logging.DirectJDKLog:173>>APR/OpenSSL configuration: useAprConnector [false], useOpenSSL [true]
2022-11-08-20:40:36.226 INFO [main]-org.apache.juli.logging.DirectJDKLog:173>>OpenSSL successfully initialized [OpenSSL 1.1.1c  28 May 2019]
2022-11-08-20:40:36.327 INFO [main]-org.apache.juli.logging.DirectJDKLog:173>>Initializing Spring embedded WebApplicationContext
2022-11-08-20:40:36.327 INFO [main]-org.springframework.boot.web.servlet.context.ServletWebServerApplicationContext:289>>Root WebApplicationContext: initialization completed in 2419 ms
2022-11-08-20:40:36.407 INFO [main]-com.alibaba.druid.spring.boot.autoconfigure.DruidDataSourceAutoConfigure:56>>Init DruidDataSource
2022-11-08-20:40:36.561 INFO [main]-com.alibaba.druid.pool.DruidDataSource:994>>{dataSource-1} inited
2022-11-08-20:40:37.321 WARN [main]-tk.mybatis.mapper.mapperhelper.resolve.DefaultEntityResolve:154>>通用 Mapper 警告信息: <[EntityColumn{table=friend_list, property='onlineStatus', column='online_status', javaType=char, jdbcType=null, typeHandler=null, id=false, identity=false, blob=false, generator='null', orderBy='null', orderPriority='0', insertable=true, updatable=true, order=DEFAULT}]> 使用了基本类型，基本类型在动态 SQL 中由于存在默认值，因此任何时候都不等于 null，建议修改基本类型为对应的包装类型!
2022-11-08-20:40:37.322 WARN [main]-tk.mybatis.mapper.mapperhelper.resolve.DefaultEntityResolve:154>>通用 Mapper 警告信息: <[EntityColumn{table=friend_list, property='deleteStatus', column='delete_status', javaType=char, jdbcType=null, typeHandler=null, id=false, identity=false, blob=false, generator='null', orderBy='null', orderPriority='0', insertable=true, updatable=true, order=DEFAULT}]> 使用了基本类型，基本类型在动态 SQL 中由于存在默认值，因此任何时候都不等于 null，建议修改基本类型为对应的包装类型!
2022-11-08-20:40:37.831 WARN [main]-tk.mybatis.mapper.mapperhelper.resolve.DefaultEntityResolve:154>>通用 Mapper 警告信息: <[EntityColumn{table=goods_return_apply, property='returnType', column='return_type', javaType=char, jdbcType=null, typeHandler=null, id=false, identity=false, blob=false, generator='null', orderBy='null', orderPriority='0', insertable=true, updatable=true, order=DEFAULT}]> 使用了基本类型，基本类型在动态 SQL 中由于存在默认值，因此任何时候都不等于 null，建议修改基本类型为对应的包装类型!
2022-11-08-20:40:37.832 WARN [main]-tk.mybatis.mapper.mapperhelper.resolve.DefaultEntityResolve:154>>通用 Mapper 警告信息: <[EntityColumn{table=goods_return_apply, property='returnApproach', column='return_approach', javaType=char, jdbcType=null, typeHandler=null, id=false, identity=false, blob=false, generator='null', orderBy='null', orderPriority='0', insertable=true, updatable=true, order=DEFAULT}]> 使用了基本类型，基本类型在动态 SQL 中由于存在默认值，因此任何时候都不等于 null，建议修改基本类型为对应的包装类型!
2022-11-08-20:40:37.832 WARN [main]-tk.mybatis.mapper.mapperhelper.resolve.DefaultEntityResolve:154>>通用 Mapper 警告信息: <[EntityColumn{table=goods_return_apply, property='auditStatus', column='audit_status', javaType=char, jdbcType=null, typeHandler=null, id=false, identity=false, blob=false, generator='null', orderBy='null', orderPriority='0', insertable=true, updatable=true, order=DEFAULT}]> 使用了基本类型，基本类型在动态 SQL 中由于存在默认值，因此任何时候都不等于 null，建议修改基本类型为对应的包装类型!
2022-11-08-20:40:38.228 INFO [main]-springfox.documentation.spring.web.PropertySourcedRequestMappingHandlerMapping:69>>Mapped URL path [/v2/api-docs] onto method [springfox.documentation.swagger2.web.Swagger2Controller#getDocumentation(String, HttpServletRequest)]
2022-11-08-20:40:38.325 INFO [main]-org.springframework.scheduling.concurrent.ExecutorConfigurationSupport:181>>Initializing ExecutorService 'applicationTaskExecutor'
2022-11-08-20:40:38.429 INFO [main]-com.baomidou.dynamic.datasource.DynamicDataSourceCreator:113>>动态数据源-检测到druid存在,如配置中未指定type,druid会默认配置
2022-11-08-20:40:38.433 INFO [main]-tk.mybatis.mapper.autoconfigure.MapperCacheDisabler:60>>Clear tk.mybatis.mapper.util.MsUtil CLASS_CACHE cache.
2022-11-08-20:40:38.434 INFO [main]-tk.mybatis.mapper.autoconfigure.MapperCacheDisabler:60>>Clear tk.mybatis.mapper.genid.GenIdUtil CACHE cache.
2022-11-08-20:40:38.435 INFO [main]-tk.mybatis.mapper.autoconfigure.MapperCacheDisabler:60>>Clear tk.mybatis.mapper.version.VersionUtil CACHE cache.
2022-11-08-20:40:38.435 INFO [main]-tk.mybatis.mapper.autoconfigure.MapperCacheDisabler:83>>Clear EntityHelper entityTableMap cache.
2022-11-08-20:40:38.479 INFO [main]-org.quartz.impl.StdSchedulerFactory:1220>>Using default implementation for ThreadExecutor
2022-11-08-20:40:38.487 INFO [main]-org.quartz.core.SchedulerSignalerImpl:61>>Initialized Scheduler Signaller of type: class org.quartz.core.SchedulerSignalerImpl
2022-11-08-20:40:38.487 INFO [main]-org.quartz.core.QuartzScheduler:229>>Quartz Scheduler v.2.3.2 created.
2022-11-08-20:40:38.488 INFO [main]-org.quartz.simpl.RAMJobStore:155>>RAMJobStore initialized.
2022-11-08-20:40:38.488 INFO [main]-org.quartz.core.QuartzScheduler:294>>Scheduler meta-data: Quartz Scheduler (v2.3.2) 'quartzScheduler' with instanceId 'NON_CLUSTERED'
  Scheduler class: 'org.quartz.core.QuartzScheduler' - running locally.
  NOT STARTED.
  Currently in standby mode.
  Number of jobs executed: 0
  Using thread pool 'org.quartz.simpl.SimpleThreadPool' - with 10 threads.
  Using job-store 'org.quartz.simpl.RAMJobStore' - which does not support persistence. and is not clustered.

2022-11-08-20:40:38.489 INFO [main]-org.quartz.impl.StdSchedulerFactory:1374>>Quartz scheduler 'quartzScheduler' initialized from an externally provided properties instance.
2022-11-08-20:40:38.489 INFO [main]-org.quartz.impl.StdSchedulerFactory:1378>>Quartz scheduler version: 2.3.2
2022-11-08-20:40:38.489 INFO [main]-org.quartz.core.QuartzScheduler:2293>>JobFactory set to: org.springframework.scheduling.quartz.SpringBeanJobFactory@484b5a21
2022-11-08-20:40:38.494 INFO [main]-org.springframework.scheduling.concurrent.ExecutorConfigurationSupport:181>>Initializing ExecutorService 'taskScheduler'
2022-11-08-20:40:38.539 INFO [main]-org.apache.juli.logging.DirectJDKLog:173>>Starting ProtocolHandler ["http-nio-8080"]
2022-11-08-20:40:38.558 INFO [main]-org.springframework.boot.web.embedded.tomcat.TomcatWebServer:220>>Tomcat started on port(s): 8080 (http) with context path ''
2022-11-08-20:40:38.559 INFO [main]-springfox.documentation.spring.web.plugins.DocumentationPluginsBootstrapper:160>>Context refreshed
2022-11-08-20:40:38.573 INFO [main]-springfox.documentation.spring.web.plugins.DocumentationPluginsBootstrapper:163>>Found 1 custom documentation plugin(s)
2022-11-08-20:40:38.600 INFO [main]-springfox.documentation.spring.web.scanners.ApiListingReferenceScanner:41>>Scanning for api listing references
2022-11-08-20:40:38.805 INFO [main]-springfox.documentation.spring.web.readers.operation.CachingOperationNameGenerator:40>>Generating unique operation named: sendImgUsingPUT_1
2022-11-08-20:40:38.814 INFO [main]-springfox.documentation.spring.web.readers.operation.CachingOperationNameGenerator:40>>Generating unique operation named: deleteOrderUsingPUT_1
2022-11-08-20:40:38.833 INFO [main]-springfox.documentation.spring.web.readers.operation.CachingOperationNameGenerator:40>>Generating unique operation named: listUsingGET_1
2022-11-08-20:40:38.845 INFO [main]-springfox.documentation.spring.web.readers.operation.CachingOperationNameGenerator:40>>Generating unique operation named: deleteAddressUsingDELETE_1
2022-11-08-20:40:38.855 INFO [main]-springfox.documentation.spring.web.readers.operation.CachingOperationNameGenerator:40>>Generating unique operation named: getUserByDetailUsingGET_1
2022-11-08-20:40:38.876 INFO [main]-org.springframework.scheduling.quartz.SchedulerFactoryBean:727>>Starting Quartz Scheduler now
2022-11-08-20:40:38.877 INFO [main]-org.quartz.core.QuartzScheduler:547>>Scheduler quartzScheduler_$_NON_CLUSTERED started.
2022-11-08-20:40:38.892 INFO [main]-org.springframework.boot.StartupInfoLogger:61>>Started ApiApplication in 5.966 seconds (JVM running for 8.155)
2022-11-08-20:41:03.908 INFO [http-nio-8080-exec-1]-org.apache.juli.logging.DirectJDKLog:173>>Initializing Spring DispatcherServlet 'dispatcherServlet'
2022-11-08-20:41:03.909 INFO [http-nio-8080-exec-1]-org.springframework.web.servlet.FrameworkServlet:525>>Initializing Servlet 'dispatcherServlet'
2022-11-08-20:41:03.911 INFO [http-nio-8080-exec-1]-org.springframework.web.servlet.FrameworkServlet:547>>Completed initialization in 1 ms
